[35m[1mConsolidate compiler generated dependencies of target tello_msgs__rosidl_generator_c[0m
[  2%] Built target tello_msgs__cpp
[ 12%] Built target tello_msgs__rosidl_generator_c
[35m[1mConsolidate compiler generated dependencies of target tello_msgs__rosidl_typesupport_introspection_cpp[0m
[ 12%] Built target ament_cmake_python_symlink_tello_msgs
[35m[1mConsolidate compiler generated dependencies of target tello_msgs__rosidl_typesupport_c[0m
[35m[1mConsolidate compiler generated dependencies of target tello_msgs__rosidl_typesupport_fastrtps_cpp[0m
[35m[1mConsolidate compiler generated dependencies of target tello_msgs__rosidl_typesupport_fastrtps_c[0m
[35m[1mConsolidate compiler generated dependencies of target tello_msgs__rosidl_typesupport_introspection_c[0m
[35m[1mConsolidate compiler generated dependencies of target tello_msgs__rosidl_typesupport_cpp[0m
[ 23%] Built target tello_msgs__rosidl_typesupport_c
[ 34%] Built target tello_msgs__rosidl_typesupport_introspection_cpp
[ 44%] Built target tello_msgs__rosidl_typesupport_introspection_c
[ 65%] Built target tello_msgs__rosidl_typesupport_fastrtps_cpp
[ 65%] Built target tello_msgs__rosidl_typesupport_cpp
[ 76%] Built target tello_msgs__rosidl_typesupport_fastrtps_c
[ 76%] Built target tello_msgs
[ 78%] Built target tello_msgs__py
[35m[1mConsolidate compiler generated dependencies of target tello_msgs__rosidl_generator_py[0m
[ 87%] Built target tello_msgs__rosidl_generator_py
[35m[1mConsolidate compiler generated dependencies of target tello_msgs__rosidl_typesupport_introspection_c__pyext[0m
[35m[1mConsolidate compiler generated dependencies of target tello_msgs__rosidl_typesupport_fastrtps_c__pyext[0m
[35m[1mConsolidate compiler generated dependencies of target tello_msgs__rosidl_typesupport_c__pyext[0m
[100%] Built target tello_msgs__rosidl_typesupport_c__pyext
[100%] Built target tello_msgs__rosidl_typesupport_introspection_c__pyext
[100%] Built target tello_msgs__rosidl_typesupport_fastrtps_c__pyext
running egg_info
writing tello_msgs.egg-info/PKG-INFO
writing dependency_links to tello_msgs.egg-info/dependency_links.txt
writing top-level names to tello_msgs.egg-info/top_level.txt
reading manifest file 'tello_msgs.egg-info/SOURCES.txt'
writing manifest file 'tello_msgs.egg-info/SOURCES.txt'
[100%] Built target ament_cmake_python_build_tello_msgs_egg
