[0.028s] Invoking command in '/home/guillermo/tello_ws/build/tello_msgs': CMAKE_PREFIX_PATH=${CMAKE_PREFIX_PATH}:/opt/ros/humble /usr/bin/cmake --build /home/guillermo/tello_ws/build/tello_msgs -- -j20 -l20
[0.059s] [35m[1mConsolidate compiler generated dependencies of target tello_msgs__rosidl_generator_c[0m
[0.066s] [  2%] Built target tello_msgs__cpp
[0.069s] [ 12%] Built target tello_msgs__rosidl_generator_c
[0.077s] [35m[1mConsolidate compiler generated dependencies of target tello_msgs__rosidl_typesupport_introspection_cpp[0m
[0.077s] [ 12%] Built target ament_cmake_python_symlink_tello_msgs
[0.079s] [35m[1mConsolidate compiler generated dependencies of target tello_msgs__rosidl_typesupport_c[0m
[0.080s] [35m[1mConsolidate compiler generated dependencies of target tello_msgs__rosidl_typesupport_fastrtps_cpp[0m
[0.080s] [35m[1mConsolidate compiler generated dependencies of target tello_msgs__rosidl_typesupport_fastrtps_c[0m
[0.080s] [35m[1mConsolidate compiler generated dependencies of target tello_msgs__rosidl_typesupport_introspection_c[0m
[0.081s] [35m[1mConsolidate compiler generated dependencies of target tello_msgs__rosidl_typesupport_cpp[0m
[0.087s] [ 23%] Built target tello_msgs__rosidl_typesupport_c
[0.088s] [ 34%] Built target tello_msgs__rosidl_typesupport_introspection_cpp
[0.089s] [ 44%] Built target tello_msgs__rosidl_typesupport_introspection_c
[0.093s] [ 65%] Built target tello_msgs__rosidl_typesupport_fastrtps_cpp
[0.093s] [ 65%] Built target tello_msgs__rosidl_typesupport_cpp
[0.095s] [ 76%] Built target tello_msgs__rosidl_typesupport_fastrtps_c
[0.110s] [ 76%] Built target tello_msgs
[0.127s] [ 78%] Built target tello_msgs__py
[0.137s] [35m[1mConsolidate compiler generated dependencies of target tello_msgs__rosidl_generator_py[0m
[0.147s] [ 87%] Built target tello_msgs__rosidl_generator_py
[0.154s] [35m[1mConsolidate compiler generated dependencies of target tello_msgs__rosidl_typesupport_introspection_c__pyext[0m
[0.154s] [35m[1mConsolidate compiler generated dependencies of target tello_msgs__rosidl_typesupport_fastrtps_c__pyext[0m
[0.155s] [35m[1mConsolidate compiler generated dependencies of target tello_msgs__rosidl_typesupport_c__pyext[0m
[0.164s] [100%] Built target tello_msgs__rosidl_typesupport_c__pyext
[0.164s] [100%] Built target tello_msgs__rosidl_typesupport_introspection_c__pyext
[0.164s] [100%] Built target tello_msgs__rosidl_typesupport_fastrtps_c__pyext
[0.239s] running egg_info
[0.239s] writing tello_msgs.egg-info/PKG-INFO
[0.239s] writing dependency_links to tello_msgs.egg-info/dependency_links.txt
[0.239s] writing top-level names to tello_msgs.egg-info/top_level.txt
[0.241s] reading manifest file 'tello_msgs.egg-info/SOURCES.txt'
[0.242s] writing manifest file 'tello_msgs.egg-info/SOURCES.txt'
[0.260s] [100%] Built target ament_cmake_python_build_tello_msgs_egg
