[  2%] Built target tello_msgs__cpp
[ 12%] Built target tello_msgs__rosidl_generator_c
[ 12%] Built target ament_cmake_python_symlink_tello_msgs
[ 34%] Built target tello_msgs__rosidl_typesupport_introspection_c
[ 34%] Built target tello_msgs__rosidl_typesupport_cpp
[ 44%] Built target tello_msgs__rosidl_typesupport_fastrtps_c
[ 63%] Built target tello_msgs__rosidl_typesupport_fastrtps_cpp
[ 65%] Built target tello_msgs__rosidl_typesupport_c
[ 76%] Built target tello_msgs__rosidl_typesupport_introspection_cpp
[ 76%] Built target tello_msgs
[ 78%] Built target tello_msgs__py
[ 87%] Built target tello_msgs__rosidl_generator_py
[ 95%] Built target tello_msgs__rosidl_typesupport_introspection_c__pyext
[ 95%] Built target tello_msgs__rosidl_typesupport_c__pyext
[100%] Built target tello_msgs__rosidl_typesupport_fastrtps_c__pyext
running egg_info
writing tello_msgs.egg-info/PKG-INFO
writing dependency_links to tello_msgs.egg-info/dependency_links.txt
writing top-level names to tello_msgs.egg-info/top_level.txt
reading manifest file 'tello_msgs.egg-info/SOURCES.txt'
writing manifest file 'tello_msgs.egg-info/SOURCES.txt'
[100%] Built target ament_cmake_python_build_tello_msgs_egg
-- Install configuration: ""
-- Execute custom install script
-- Symlinking: /home/guillermo/tello_ws/install/tello_msgs/share/ament_index/resource_index/rosidl_interfaces/tello_msgs
-- Symlinking: /home/guillermo/tello_ws/install/tello_msgs/include/tello_msgs/tello_msgs/msg/detail/flight_data__functions.h
-- Symlinking: /home/guillermo/tello_ws/install/tello_msgs/include/tello_msgs/tello_msgs/msg/detail/flight_data__struct.h
-- Symlinking: /home/guillermo/tello_ws/install/tello_msgs/include/tello_msgs/tello_msgs/msg/detail/flight_data__type_support.h
-- Symlinking: /home/guillermo/tello_ws/install/tello_msgs/include/tello_msgs/tello_msgs/msg/detail/tello_response__functions.h
-- Symlinking: /home/guillermo/tello_ws/install/tello_msgs/include/tello_msgs/tello_msgs/msg/detail/tello_response__struct.h
-- Symlinking: /home/guillermo/tello_ws/install/tello_msgs/include/tello_msgs/tello_msgs/msg/detail/tello_response__type_support.h
-- Symlinking: /home/guillermo/tello_ws/install/tello_msgs/include/tello_msgs/tello_msgs/msg/flight_data.h
-- Symlinking: /home/guillermo/tello_ws/install/tello_msgs/include/tello_msgs/tello_msgs/msg/rosidl_generator_c__visibility_control.h
-- Symlinking: /home/guillermo/tello_ws/install/tello_msgs/include/tello_msgs/tello_msgs/msg/tello_response.h
-- Symlinking: /home/guillermo/tello_ws/install/tello_msgs/include/tello_msgs/tello_msgs/srv/detail/tello_action__functions.h
-- Symlinking: /home/guillermo/tello_ws/install/tello_msgs/include/tello_msgs/tello_msgs/srv/detail/tello_action__struct.h
-- Symlinking: /home/guillermo/tello_ws/install/tello_msgs/include/tello_msgs/tello_msgs/srv/detail/tello_action__type_support.h
-- Symlinking: /home/guillermo/tello_ws/install/tello_msgs/include/tello_msgs/tello_msgs/srv/tello_action.h
-- Symlinking: /home/guillermo/tello_ws/install/tello_msgs/share/tello_msgs/environment/library_path.sh
-- Symlinking: /home/guillermo/tello_ws/install/tello_msgs/share/tello_msgs/environment/library_path.dsv
-- Symlinking: /home/guillermo/tello_ws/install/tello_msgs/include/tello_msgs/tello_msgs/msg/detail/flight_data__rosidl_typesupport_fastrtps_c.h
-- Symlinking: /home/guillermo/tello_ws/install/tello_msgs/include/tello_msgs/tello_msgs/msg/detail/tello_response__rosidl_typesupport_fastrtps_c.h
-- Symlinking: /home/guillermo/tello_ws/install/tello_msgs/include/tello_msgs/tello_msgs/msg/rosidl_typesupport_fastrtps_c__visibility_control.h
-- Symlinking: /home/guillermo/tello_ws/install/tello_msgs/include/tello_msgs/tello_msgs/srv/detail/tello_action__rosidl_typesupport_fastrtps_c.h
-- Symlinking: /home/guillermo/tello_ws/install/tello_msgs/include/tello_msgs/tello_msgs/msg/detail/flight_data__rosidl_typesupport_introspection_c.h
-- Symlinking: /home/guillermo/tello_ws/install/tello_msgs/include/tello_msgs/tello_msgs/msg/detail/tello_response__rosidl_typesupport_introspection_c.h
-- Symlinking: /home/guillermo/tello_ws/install/tello_msgs/include/tello_msgs/tello_msgs/msg/rosidl_typesupport_introspection_c__visibility_control.h
-- Symlinking: /home/guillermo/tello_ws/install/tello_msgs/include/tello_msgs/tello_msgs/srv/detail/tello_action__rosidl_typesupport_introspection_c.h
-- Symlinking: /home/guillermo/tello_ws/install/tello_msgs/include/tello_msgs/tello_msgs/msg/detail/flight_data__builder.hpp
-- Symlinking: /home/guillermo/tello_ws/install/tello_msgs/include/tello_msgs/tello_msgs/msg/detail/flight_data__struct.hpp
-- Symlinking: /home/guillermo/tello_ws/install/tello_msgs/include/tello_msgs/tello_msgs/msg/detail/flight_data__traits.hpp
-- Symlinking: /home/guillermo/tello_ws/install/tello_msgs/include/tello_msgs/tello_msgs/msg/detail/tello_response__builder.hpp
-- Symlinking: /home/guillermo/tello_ws/install/tello_msgs/include/tello_msgs/tello_msgs/msg/detail/tello_response__struct.hpp
-- Symlinking: /home/guillermo/tello_ws/install/tello_msgs/include/tello_msgs/tello_msgs/msg/detail/tello_response__traits.hpp
-- Symlinking: /home/guillermo/tello_ws/install/tello_msgs/include/tello_msgs/tello_msgs/msg/flight_data.hpp
-- Symlinking: /home/guillermo/tello_ws/install/tello_msgs/include/tello_msgs/tello_msgs/msg/tello_response.hpp
-- Symlinking: /home/guillermo/tello_ws/install/tello_msgs/include/tello_msgs/tello_msgs/srv/detail/tello_action__builder.hpp
-- Symlinking: /home/guillermo/tello_ws/install/tello_msgs/include/tello_msgs/tello_msgs/srv/detail/tello_action__struct.hpp
-- Symlinking: /home/guillermo/tello_ws/install/tello_msgs/include/tello_msgs/tello_msgs/srv/detail/tello_action__traits.hpp
-- Symlinking: /home/guillermo/tello_ws/install/tello_msgs/include/tello_msgs/tello_msgs/srv/tello_action.hpp
-- Symlinking: /home/guillermo/tello_ws/install/tello_msgs/include/tello_msgs/tello_msgs/msg/detail/flight_data__rosidl_typesupport_fastrtps_cpp.hpp
-- Symlinking: /home/guillermo/tello_ws/install/tello_msgs/include/tello_msgs/tello_msgs/msg/detail/tello_response__rosidl_typesupport_fastrtps_cpp.hpp
-- Symlinking: /home/guillermo/tello_ws/install/tello_msgs/include/tello_msgs/tello_msgs/msg/rosidl_typesupport_fastrtps_cpp__visibility_control.h
-- Symlinking: /home/guillermo/tello_ws/install/tello_msgs/include/tello_msgs/tello_msgs/srv/detail/tello_action__rosidl_typesupport_fastrtps_cpp.hpp
-- Symlinking: /home/guillermo/tello_ws/install/tello_msgs/include/tello_msgs/tello_msgs/msg/detail/flight_data__rosidl_typesupport_introspection_cpp.hpp
-- Symlinking: /home/guillermo/tello_ws/install/tello_msgs/include/tello_msgs/tello_msgs/msg/detail/tello_response__rosidl_typesupport_introspection_cpp.hpp
-- Symlinking: /home/guillermo/tello_ws/install/tello_msgs/include/tello_msgs/tello_msgs/srv/detail/tello_action__rosidl_typesupport_introspection_cpp.hpp
-- Symlinking: /home/guillermo/tello_ws/install/tello_msgs/share/tello_msgs/environment/pythonpath.sh
-- Symlinking: /home/guillermo/tello_ws/install/tello_msgs/share/tello_msgs/environment/pythonpath.dsv
-- Symlinking: /home/guillermo/tello_ws/install/tello_msgs/local/lib/python3.10/dist-packages/tello_msgs-0.1.0-py3.10.egg-info/PKG-INFO
-- Symlinking: /home/guillermo/tello_ws/install/tello_msgs/local/lib/python3.10/dist-packages/tello_msgs-0.1.0-py3.10.egg-info/SOURCES.txt
-- Symlinking: /home/guillermo/tello_ws/install/tello_msgs/local/lib/python3.10/dist-packages/tello_msgs-0.1.0-py3.10.egg-info/dependency_links.txt
-- Symlinking: /home/guillermo/tello_ws/install/tello_msgs/local/lib/python3.10/dist-packages/tello_msgs-0.1.0-py3.10.egg-info/top_level.txt
-- Symlinking: /home/guillermo/tello_ws/install/tello_msgs/local/lib/python3.10/dist-packages/tello_msgs/__init__.py
-- Symlinking: /home/guillermo/tello_ws/install/tello_msgs/local/lib/python3.10/dist-packages/tello_msgs/_tello_msgs_s.ep.rosidl_typesupport_c.c
-- Symlinking: /home/guillermo/tello_ws/install/tello_msgs/local/lib/python3.10/dist-packages/tello_msgs/_tello_msgs_s.ep.rosidl_typesupport_fastrtps_c.c
-- Symlinking: /home/guillermo/tello_ws/install/tello_msgs/local/lib/python3.10/dist-packages/tello_msgs/_tello_msgs_s.ep.rosidl_typesupport_introspection_c.c
-- Symlinking: /home/guillermo/tello_ws/install/tello_msgs/local/lib/python3.10/dist-packages/tello_msgs/libtello_msgs__rosidl_generator_py.so
-- Symlinking: /home/guillermo/tello_ws/install/tello_msgs/local/lib/python3.10/dist-packages/tello_msgs/msg/__init__.py
-- Symlinking: /home/guillermo/tello_ws/install/tello_msgs/local/lib/python3.10/dist-packages/tello_msgs/msg/_flight_data.py
-- Symlinking: /home/guillermo/tello_ws/install/tello_msgs/local/lib/python3.10/dist-packages/tello_msgs/msg/_flight_data_s.c
-- Symlinking: /home/guillermo/tello_ws/install/tello_msgs/local/lib/python3.10/dist-packages/tello_msgs/msg/_tello_response.py
-- Symlinking: /home/guillermo/tello_ws/install/tello_msgs/local/lib/python3.10/dist-packages/tello_msgs/msg/_tello_response_s.c
-- Symlinking: /home/guillermo/tello_ws/install/tello_msgs/local/lib/python3.10/dist-packages/tello_msgs/srv/__init__.py
-- Symlinking: /home/guillermo/tello_ws/install/tello_msgs/local/lib/python3.10/dist-packages/tello_msgs/srv/_tello_action.py
-- Symlinking: /home/guillermo/tello_ws/install/tello_msgs/local/lib/python3.10/dist-packages/tello_msgs/srv/_tello_action_s.c
-- Symlinking: /home/guillermo/tello_ws/install/tello_msgs/local/lib/python3.10/dist-packages/tello_msgs/tello_msgs_s__rosidl_typesupport_c.cpython-310-x86_64-linux-gnu.so
-- Symlinking: /home/guillermo/tello_ws/install/tello_msgs/local/lib/python3.10/dist-packages/tello_msgs/tello_msgs_s__rosidl_typesupport_fastrtps_c.cpython-310-x86_64-linux-gnu.so
-- Symlinking: /home/guillermo/tello_ws/install/tello_msgs/local/lib/python3.10/dist-packages/tello_msgs/tello_msgs_s__rosidl_typesupport_introspection_c.cpython-310-x86_64-linux-gnu.so
-- Up-to-date symlink: /home/guillermo/tello_ws/install/tello_msgs/local/lib/python3.10/dist-packages/tello_msgs/tello_msgs_s__rosidl_typesupport_fastrtps_c.cpython-310-x86_64-linux-gnu.so
-- Up-to-date symlink: /home/guillermo/tello_ws/install/tello_msgs/local/lib/python3.10/dist-packages/tello_msgs/tello_msgs_s__rosidl_typesupport_introspection_c.cpython-310-x86_64-linux-gnu.so
-- Up-to-date symlink: /home/guillermo/tello_ws/install/tello_msgs/local/lib/python3.10/dist-packages/tello_msgs/tello_msgs_s__rosidl_typesupport_c.cpython-310-x86_64-linux-gnu.so
-- Symlinking: /home/guillermo/tello_ws/install/tello_msgs/share/tello_msgs/msg/FlightData.idl
-- Symlinking: /home/guillermo/tello_ws/install/tello_msgs/share/tello_msgs/msg/TelloResponse.idl
-- Symlinking: /home/guillermo/tello_ws/install/tello_msgs/share/tello_msgs/srv/TelloAction.idl
-- Symlinking: /home/guillermo/tello_ws/install/tello_msgs/share/tello_msgs/msg/FlightData.msg
-- Symlinking: /home/guillermo/tello_ws/install/tello_msgs/share/tello_msgs/msg/TelloResponse.msg
-- Symlinking: /home/guillermo/tello_ws/install/tello_msgs/share/tello_msgs/srv/TelloAction.srv
-- Symlinking: /home/guillermo/tello_ws/install/tello_msgs/share/tello_msgs/srv/TelloAction_Request.msg
-- Symlinking: /home/guillermo/tello_ws/install/tello_msgs/share/tello_msgs/srv/TelloAction_Response.msg
-- Symlinking: /home/guillermo/tello_ws/install/tello_msgs/share/ament_index/resource_index/package_run_dependencies/tello_msgs
-- Symlinking: /home/guillermo/tello_ws/install/tello_msgs/share/ament_index/resource_index/parent_prefix_path/tello_msgs
-- Symlinking: /home/guillermo/tello_ws/install/tello_msgs/share/tello_msgs/environment/ament_prefix_path.sh
-- Symlinking: /home/guillermo/tello_ws/install/tello_msgs/share/tello_msgs/environment/ament_prefix_path.dsv
-- Symlinking: /home/guillermo/tello_ws/install/tello_msgs/share/tello_msgs/environment/path.sh
-- Symlinking: /home/guillermo/tello_ws/install/tello_msgs/share/tello_msgs/environment/path.dsv
-- Symlinking: /home/guillermo/tello_ws/install/tello_msgs/share/tello_msgs/local_setup.bash
-- Symlinking: /home/guillermo/tello_ws/install/tello_msgs/share/tello_msgs/local_setup.sh
-- Symlinking: /home/guillermo/tello_ws/install/tello_msgs/share/tello_msgs/local_setup.zsh
-- Symlinking: /home/guillermo/tello_ws/install/tello_msgs/share/tello_msgs/local_setup.dsv
-- Symlinking: /home/guillermo/tello_ws/install/tello_msgs/share/tello_msgs/package.dsv
-- Symlinking: /home/guillermo/tello_ws/install/tello_msgs/share/ament_index/resource_index/packages/tello_msgs
-- Symlinking: /home/guillermo/tello_ws/install/tello_msgs/share/tello_msgs/cmake/rosidl_cmake-extras.cmake
-- Symlinking: /home/guillermo/tello_ws/install/tello_msgs/share/tello_msgs/cmake/ament_cmake_export_dependencies-extras.cmake
-- Symlinking: /home/guillermo/tello_ws/install/tello_msgs/share/tello_msgs/cmake/ament_cmake_export_include_directories-extras.cmake
-- Symlinking: /home/guillermo/tello_ws/install/tello_msgs/share/tello_msgs/cmake/ament_cmake_export_libraries-extras.cmake
-- Symlinking: /home/guillermo/tello_ws/install/tello_msgs/share/tello_msgs/cmake/ament_cmake_export_targets-extras.cmake
-- Symlinking: /home/guillermo/tello_ws/install/tello_msgs/share/tello_msgs/cmake/rosidl_cmake_export_typesupport_targets-extras.cmake
-- Symlinking: /home/guillermo/tello_ws/install/tello_msgs/share/tello_msgs/cmake/rosidl_cmake_export_typesupport_libraries-extras.cmake
-- Symlinking: /home/guillermo/tello_ws/install/tello_msgs/share/tello_msgs/cmake/tello_msgsConfig.cmake
-- Symlinking: /home/guillermo/tello_ws/install/tello_msgs/share/tello_msgs/cmake/tello_msgsConfig-version.cmake
-- Symlinking: /home/guillermo/tello_ws/install/tello_msgs/share/tello_msgs/package.xml
-- Installing: /home/guillermo/tello_ws/install/tello_msgs/lib/libtello_msgs__rosidl_generator_c.so
-- Set runtime path of "/home/guillermo/tello_ws/install/tello_msgs/lib/libtello_msgs__rosidl_generator_c.so" to ""
-- Installing: /home/guillermo/tello_ws/install/tello_msgs/lib/libtello_msgs__rosidl_typesupport_fastrtps_c.so
-- Set runtime path of "/home/guillermo/tello_ws/install/tello_msgs/lib/libtello_msgs__rosidl_typesupport_fastrtps_c.so" to ""
-- Installing: /home/guillermo/tello_ws/install/tello_msgs/lib/libtello_msgs__rosidl_typesupport_introspection_c.so
-- Set runtime path of "/home/guillermo/tello_ws/install/tello_msgs/lib/libtello_msgs__rosidl_typesupport_introspection_c.so" to ""
-- Installing: /home/guillermo/tello_ws/install/tello_msgs/lib/libtello_msgs__rosidl_typesupport_c.so
-- Set runtime path of "/home/guillermo/tello_ws/install/tello_msgs/lib/libtello_msgs__rosidl_typesupport_c.so" to ""
-- Installing: /home/guillermo/tello_ws/install/tello_msgs/lib/libtello_msgs__rosidl_typesupport_fastrtps_cpp.so
-- Set runtime path of "/home/guillermo/tello_ws/install/tello_msgs/lib/libtello_msgs__rosidl_typesupport_fastrtps_cpp.so" to ""
-- Installing: /home/guillermo/tello_ws/install/tello_msgs/lib/libtello_msgs__rosidl_typesupport_introspection_cpp.so
-- Set runtime path of "/home/guillermo/tello_ws/install/tello_msgs/lib/libtello_msgs__rosidl_typesupport_introspection_cpp.so" to ""
-- Installing: /home/guillermo/tello_ws/install/tello_msgs/lib/libtello_msgs__rosidl_typesupport_cpp.so
-- Set runtime path of "/home/guillermo/tello_ws/install/tello_msgs/lib/libtello_msgs__rosidl_typesupport_cpp.so" to ""
Listing '/home/guillermo/tello_ws/install/tello_msgs/local/lib/python3.10/dist-packages/tello_msgs'...
Compiling '/home/guillermo/tello_ws/install/tello_msgs/local/lib/python3.10/dist-packages/tello_msgs/__init__.py'...
Listing '/home/guillermo/tello_ws/install/tello_msgs/local/lib/python3.10/dist-packages/tello_msgs/msg'...
Compiling '/home/guillermo/tello_ws/install/tello_msgs/local/lib/python3.10/dist-packages/tello_msgs/msg/__init__.py'...
Compiling '/home/guillermo/tello_ws/install/tello_msgs/local/lib/python3.10/dist-packages/tello_msgs/msg/_flight_data.py'...
Compiling '/home/guillermo/tello_ws/install/tello_msgs/local/lib/python3.10/dist-packages/tello_msgs/msg/_tello_response.py'...
Listing '/home/guillermo/tello_ws/install/tello_msgs/local/lib/python3.10/dist-packages/tello_msgs/srv'...
Compiling '/home/guillermo/tello_ws/install/tello_msgs/local/lib/python3.10/dist-packages/tello_msgs/srv/__init__.py'...
Compiling '/home/guillermo/tello_ws/install/tello_msgs/local/lib/python3.10/dist-packages/tello_msgs/srv/_tello_action.py'...
-- Installing: /home/guillermo/tello_ws/install/tello_msgs/lib/libtello_msgs__rosidl_generator_py.so
-- Set runtime path of "/home/guillermo/tello_ws/install/tello_msgs/lib/libtello_msgs__rosidl_generator_py.so" to ""
-- Installing: /home/guillermo/tello_ws/install/tello_msgs/share/tello_msgs/cmake/export_tello_msgs__rosidl_generator_cExport.cmake
-- Installing: /home/guillermo/tello_ws/install/tello_msgs/share/tello_msgs/cmake/export_tello_msgs__rosidl_generator_cExport-noconfig.cmake
-- Installing: /home/guillermo/tello_ws/install/tello_msgs/share/tello_msgs/cmake/export_tello_msgs__rosidl_typesupport_fastrtps_cExport.cmake
-- Installing: /home/guillermo/tello_ws/install/tello_msgs/share/tello_msgs/cmake/export_tello_msgs__rosidl_typesupport_fastrtps_cExport-noconfig.cmake
-- Installing: /home/guillermo/tello_ws/install/tello_msgs/share/tello_msgs/cmake/tello_msgs__rosidl_typesupport_introspection_cExport.cmake
-- Installing: /home/guillermo/tello_ws/install/tello_msgs/share/tello_msgs/cmake/tello_msgs__rosidl_typesupport_introspection_cExport-noconfig.cmake
-- Installing: /home/guillermo/tello_ws/install/tello_msgs/share/tello_msgs/cmake/tello_msgs__rosidl_typesupport_cExport.cmake
-- Installing: /home/guillermo/tello_ws/install/tello_msgs/share/tello_msgs/cmake/tello_msgs__rosidl_typesupport_cExport-noconfig.cmake
-- Installing: /home/guillermo/tello_ws/install/tello_msgs/share/tello_msgs/cmake/export_tello_msgs__rosidl_generator_cppExport.cmake
-- Installing: /home/guillermo/tello_ws/install/tello_msgs/share/tello_msgs/cmake/export_tello_msgs__rosidl_typesupport_fastrtps_cppExport.cmake
-- Installing: /home/guillermo/tello_ws/install/tello_msgs/share/tello_msgs/cmake/export_tello_msgs__rosidl_typesupport_fastrtps_cppExport-noconfig.cmake
-- Installing: /home/guillermo/tello_ws/install/tello_msgs/share/tello_msgs/cmake/tello_msgs__rosidl_typesupport_introspection_cppExport.cmake
-- Installing: /home/guillermo/tello_ws/install/tello_msgs/share/tello_msgs/cmake/tello_msgs__rosidl_typesupport_introspection_cppExport-noconfig.cmake
-- Installing: /home/guillermo/tello_ws/install/tello_msgs/share/tello_msgs/cmake/tello_msgs__rosidl_typesupport_cppExport.cmake
-- Installing: /home/guillermo/tello_ws/install/tello_msgs/share/tello_msgs/cmake/tello_msgs__rosidl_typesupport_cppExport-noconfig.cmake
-- Installing: /home/guillermo/tello_ws/install/tello_msgs/share/tello_msgs/cmake/export_tello_msgs__rosidl_generator_pyExport.cmake
-- Installing: /home/guillermo/tello_ws/install/tello_msgs/share/tello_msgs/cmake/export_tello_msgs__rosidl_generator_pyExport-noconfig.cmake
