[0.020s] Invoking command in '/home/guillermo/tello_ws/build/tello_msgs': CMAKE_PREFIX_PATH=${CMAKE_PREFIX_PATH}:/opt/ros/humble /usr/bin/cmake --build /home/guillermo/tello_ws/build/tello_msgs -- -j20 -l20
[0.057s] [  2%] Built target tello_msgs__cpp
[0.057s] [ 12%] Built target tello_msgs__rosidl_generator_c
[0.065s] [ 12%] Built target ament_cmake_python_symlink_tello_msgs
[0.076s] [ 34%] Built target tello_msgs__rosidl_typesupport_introspection_c
[0.076s] [ 34%] Built target tello_msgs__rosidl_typesupport_cpp
[0.076s] [ 44%] Built target tello_msgs__rosidl_typesupport_fastrtps_c
[0.077s] [ 63%] Built target tello_msgs__rosidl_typesupport_fastrtps_cpp
[0.077s] [ 65%] Built target tello_msgs__rosidl_typesupport_c
[0.085s] [ 76%] Built target tello_msgs__rosidl_typesupport_introspection_cpp
[0.099s] [ 76%] Built target tello_msgs
[0.115s] [ 78%] Built target tello_msgs__py
[0.136s] [ 87%] Built target tello_msgs__rosidl_generator_py
[0.150s] [ 95%] Built target tello_msgs__rosidl_typesupport_introspection_c__pyext
[0.150s] [ 95%] Built target tello_msgs__rosidl_typesupport_c__pyext
[0.150s] [100%] Built target tello_msgs__rosidl_typesupport_fastrtps_c__pyext
[0.225s] running egg_info
[0.226s] writing tello_msgs.egg-info/PKG-INFO
[0.226s] writing dependency_links to tello_msgs.egg-info/dependency_links.txt
[0.226s] writing top-level names to tello_msgs.egg-info/top_level.txt
[0.228s] reading manifest file 'tello_msgs.egg-info/SOURCES.txt'
[0.228s] writing manifest file 'tello_msgs.egg-info/SOURCES.txt'
[0.247s] [100%] Built target ament_cmake_python_build_tello_msgs_egg
[0.255s] Invoked command in '/home/guillermo/tello_ws/build/tello_msgs' returned '0': CMAKE_PREFIX_PATH=${CMAKE_PREFIX_PATH}:/opt/ros/humble /usr/bin/cmake --build /home/guillermo/tello_ws/build/tello_msgs -- -j20 -l20
[0.438s] Invoking command in '/home/guillermo/tello_ws/build/tello_msgs': CMAKE_PREFIX_PATH=${CMAKE_PREFIX_PATH}:/opt/ros/humble /usr/bin/cmake --install /home/guillermo/tello_ws/build/tello_msgs
[0.447s] -- Install configuration: ""
[0.448s] -- Execute custom install script
[0.448s] -- Symlinking: /home/guillermo/tello_ws/install/tello_msgs/share/ament_index/resource_index/rosidl_interfaces/tello_msgs
[0.457s] -- Symlinking: /home/guillermo/tello_ws/install/tello_msgs/include/tello_msgs/tello_msgs/msg/detail/flight_data__functions.h
[0.466s] -- Symlinking: /home/guillermo/tello_ws/install/tello_msgs/include/tello_msgs/tello_msgs/msg/detail/flight_data__struct.h
[0.474s] -- Symlinking: /home/guillermo/tello_ws/install/tello_msgs/include/tello_msgs/tello_msgs/msg/detail/flight_data__type_support.h
[0.485s] -- Symlinking: /home/guillermo/tello_ws/install/tello_msgs/include/tello_msgs/tello_msgs/msg/detail/tello_response__functions.h
[0.495s] -- Symlinking: /home/guillermo/tello_ws/install/tello_msgs/include/tello_msgs/tello_msgs/msg/detail/tello_response__struct.h
[0.502s] -- Symlinking: /home/guillermo/tello_ws/install/tello_msgs/include/tello_msgs/tello_msgs/msg/detail/tello_response__type_support.h
[0.510s] -- Symlinking: /home/guillermo/tello_ws/install/tello_msgs/include/tello_msgs/tello_msgs/msg/flight_data.h
[0.519s] -- Symlinking: /home/guillermo/tello_ws/install/tello_msgs/include/tello_msgs/tello_msgs/msg/rosidl_generator_c__visibility_control.h
[0.529s] -- Symlinking: /home/guillermo/tello_ws/install/tello_msgs/include/tello_msgs/tello_msgs/msg/tello_response.h
[0.536s] -- Symlinking: /home/guillermo/tello_ws/install/tello_msgs/include/tello_msgs/tello_msgs/srv/detail/tello_action__functions.h
[0.544s] -- Symlinking: /home/guillermo/tello_ws/install/tello_msgs/include/tello_msgs/tello_msgs/srv/detail/tello_action__struct.h
[0.552s] -- Symlinking: /home/guillermo/tello_ws/install/tello_msgs/include/tello_msgs/tello_msgs/srv/detail/tello_action__type_support.h
[0.559s] -- Symlinking: /home/guillermo/tello_ws/install/tello_msgs/include/tello_msgs/tello_msgs/srv/tello_action.h
[0.566s] -- Symlinking: /home/guillermo/tello_ws/install/tello_msgs/share/tello_msgs/environment/library_path.sh
[0.573s] -- Symlinking: /home/guillermo/tello_ws/install/tello_msgs/share/tello_msgs/environment/library_path.dsv
[0.579s] -- Symlinking: /home/guillermo/tello_ws/install/tello_msgs/include/tello_msgs/tello_msgs/msg/detail/flight_data__rosidl_typesupport_fastrtps_c.h
[0.585s] -- Symlinking: /home/guillermo/tello_ws/install/tello_msgs/include/tello_msgs/tello_msgs/msg/detail/tello_response__rosidl_typesupport_fastrtps_c.h
[0.591s] -- Symlinking: /home/guillermo/tello_ws/install/tello_msgs/include/tello_msgs/tello_msgs/msg/rosidl_typesupport_fastrtps_c__visibility_control.h
[0.597s] -- Symlinking: /home/guillermo/tello_ws/install/tello_msgs/include/tello_msgs/tello_msgs/srv/detail/tello_action__rosidl_typesupport_fastrtps_c.h
[0.603s] -- Symlinking: /home/guillermo/tello_ws/install/tello_msgs/include/tello_msgs/tello_msgs/msg/detail/flight_data__rosidl_typesupport_introspection_c.h
[0.609s] -- Symlinking: /home/guillermo/tello_ws/install/tello_msgs/include/tello_msgs/tello_msgs/msg/detail/tello_response__rosidl_typesupport_introspection_c.h
[0.615s] -- Symlinking: /home/guillermo/tello_ws/install/tello_msgs/include/tello_msgs/tello_msgs/msg/rosidl_typesupport_introspection_c__visibility_control.h
[0.621s] -- Symlinking: /home/guillermo/tello_ws/install/tello_msgs/include/tello_msgs/tello_msgs/srv/detail/tello_action__rosidl_typesupport_introspection_c.h
[0.627s] -- Symlinking: /home/guillermo/tello_ws/install/tello_msgs/include/tello_msgs/tello_msgs/msg/detail/flight_data__builder.hpp
[0.633s] -- Symlinking: /home/guillermo/tello_ws/install/tello_msgs/include/tello_msgs/tello_msgs/msg/detail/flight_data__struct.hpp
[0.639s] -- Symlinking: /home/guillermo/tello_ws/install/tello_msgs/include/tello_msgs/tello_msgs/msg/detail/flight_data__traits.hpp
[0.645s] -- Symlinking: /home/guillermo/tello_ws/install/tello_msgs/include/tello_msgs/tello_msgs/msg/detail/tello_response__builder.hpp
[0.651s] -- Symlinking: /home/guillermo/tello_ws/install/tello_msgs/include/tello_msgs/tello_msgs/msg/detail/tello_response__struct.hpp
[0.657s] -- Symlinking: /home/guillermo/tello_ws/install/tello_msgs/include/tello_msgs/tello_msgs/msg/detail/tello_response__traits.hpp
[0.664s] -- Symlinking: /home/guillermo/tello_ws/install/tello_msgs/include/tello_msgs/tello_msgs/msg/flight_data.hpp
[0.671s] -- Symlinking: /home/guillermo/tello_ws/install/tello_msgs/include/tello_msgs/tello_msgs/msg/tello_response.hpp
[0.678s] -- Symlinking: /home/guillermo/tello_ws/install/tello_msgs/include/tello_msgs/tello_msgs/srv/detail/tello_action__builder.hpp
[0.684s] -- Symlinking: /home/guillermo/tello_ws/install/tello_msgs/include/tello_msgs/tello_msgs/srv/detail/tello_action__struct.hpp
[0.690s] -- Symlinking: /home/guillermo/tello_ws/install/tello_msgs/include/tello_msgs/tello_msgs/srv/detail/tello_action__traits.hpp
[0.696s] -- Symlinking: /home/guillermo/tello_ws/install/tello_msgs/include/tello_msgs/tello_msgs/srv/tello_action.hpp
[0.702s] -- Symlinking: /home/guillermo/tello_ws/install/tello_msgs/include/tello_msgs/tello_msgs/msg/detail/flight_data__rosidl_typesupport_fastrtps_cpp.hpp
[0.710s] -- Symlinking: /home/guillermo/tello_ws/install/tello_msgs/include/tello_msgs/tello_msgs/msg/detail/tello_response__rosidl_typesupport_fastrtps_cpp.hpp
[0.719s] -- Symlinking: /home/guillermo/tello_ws/install/tello_msgs/include/tello_msgs/tello_msgs/msg/rosidl_typesupport_fastrtps_cpp__visibility_control.h
[0.726s] -- Symlinking: /home/guillermo/tello_ws/install/tello_msgs/include/tello_msgs/tello_msgs/srv/detail/tello_action__rosidl_typesupport_fastrtps_cpp.hpp
[0.732s] -- Symlinking: /home/guillermo/tello_ws/install/tello_msgs/include/tello_msgs/tello_msgs/msg/detail/flight_data__rosidl_typesupport_introspection_cpp.hpp
[0.738s] -- Symlinking: /home/guillermo/tello_ws/install/tello_msgs/include/tello_msgs/tello_msgs/msg/detail/tello_response__rosidl_typesupport_introspection_cpp.hpp
[0.744s] -- Symlinking: /home/guillermo/tello_ws/install/tello_msgs/include/tello_msgs/tello_msgs/srv/detail/tello_action__rosidl_typesupport_introspection_cpp.hpp
[0.751s] -- Symlinking: /home/guillermo/tello_ws/install/tello_msgs/share/tello_msgs/environment/pythonpath.sh
[0.756s] -- Symlinking: /home/guillermo/tello_ws/install/tello_msgs/share/tello_msgs/environment/pythonpath.dsv
[0.763s] -- Symlinking: /home/guillermo/tello_ws/install/tello_msgs/local/lib/python3.10/dist-packages/tello_msgs-0.1.0-py3.10.egg-info/PKG-INFO
[0.769s] -- Symlinking: /home/guillermo/tello_ws/install/tello_msgs/local/lib/python3.10/dist-packages/tello_msgs-0.1.0-py3.10.egg-info/SOURCES.txt
[0.775s] -- Symlinking: /home/guillermo/tello_ws/install/tello_msgs/local/lib/python3.10/dist-packages/tello_msgs-0.1.0-py3.10.egg-info/dependency_links.txt
[0.781s] -- Symlinking: /home/guillermo/tello_ws/install/tello_msgs/local/lib/python3.10/dist-packages/tello_msgs-0.1.0-py3.10.egg-info/top_level.txt
[0.787s] -- Symlinking: /home/guillermo/tello_ws/install/tello_msgs/local/lib/python3.10/dist-packages/tello_msgs/__init__.py
[0.793s] -- Symlinking: /home/guillermo/tello_ws/install/tello_msgs/local/lib/python3.10/dist-packages/tello_msgs/_tello_msgs_s.ep.rosidl_typesupport_c.c
[0.799s] -- Symlinking: /home/guillermo/tello_ws/install/tello_msgs/local/lib/python3.10/dist-packages/tello_msgs/_tello_msgs_s.ep.rosidl_typesupport_fastrtps_c.c
[0.806s] -- Symlinking: /home/guillermo/tello_ws/install/tello_msgs/local/lib/python3.10/dist-packages/tello_msgs/_tello_msgs_s.ep.rosidl_typesupport_introspection_c.c
[0.812s] -- Symlinking: /home/guillermo/tello_ws/install/tello_msgs/local/lib/python3.10/dist-packages/tello_msgs/libtello_msgs__rosidl_generator_py.so
[0.818s] -- Symlinking: /home/guillermo/tello_ws/install/tello_msgs/local/lib/python3.10/dist-packages/tello_msgs/msg/__init__.py
[0.823s] -- Symlinking: /home/guillermo/tello_ws/install/tello_msgs/local/lib/python3.10/dist-packages/tello_msgs/msg/_flight_data.py
[0.829s] -- Symlinking: /home/guillermo/tello_ws/install/tello_msgs/local/lib/python3.10/dist-packages/tello_msgs/msg/_flight_data_s.c
[0.836s] -- Symlinking: /home/guillermo/tello_ws/install/tello_msgs/local/lib/python3.10/dist-packages/tello_msgs/msg/_tello_response.py
[0.841s] -- Symlinking: /home/guillermo/tello_ws/install/tello_msgs/local/lib/python3.10/dist-packages/tello_msgs/msg/_tello_response_s.c
[0.847s] -- Symlinking: /home/guillermo/tello_ws/install/tello_msgs/local/lib/python3.10/dist-packages/tello_msgs/srv/__init__.py
[0.854s] -- Symlinking: /home/guillermo/tello_ws/install/tello_msgs/local/lib/python3.10/dist-packages/tello_msgs/srv/_tello_action.py
[0.860s] -- Symlinking: /home/guillermo/tello_ws/install/tello_msgs/local/lib/python3.10/dist-packages/tello_msgs/srv/_tello_action_s.c
[0.866s] -- Symlinking: /home/guillermo/tello_ws/install/tello_msgs/local/lib/python3.10/dist-packages/tello_msgs/tello_msgs_s__rosidl_typesupport_c.cpython-310-x86_64-linux-gnu.so
[0.872s] -- Symlinking: /home/guillermo/tello_ws/install/tello_msgs/local/lib/python3.10/dist-packages/tello_msgs/tello_msgs_s__rosidl_typesupport_fastrtps_c.cpython-310-x86_64-linux-gnu.so
[0.878s] -- Symlinking: /home/guillermo/tello_ws/install/tello_msgs/local/lib/python3.10/dist-packages/tello_msgs/tello_msgs_s__rosidl_typesupport_introspection_c.cpython-310-x86_64-linux-gnu.so
[0.884s] -- Up-to-date symlink: /home/guillermo/tello_ws/install/tello_msgs/local/lib/python3.10/dist-packages/tello_msgs/tello_msgs_s__rosidl_typesupport_fastrtps_c.cpython-310-x86_64-linux-gnu.so
[0.884s] -- Up-to-date symlink: /home/guillermo/tello_ws/install/tello_msgs/local/lib/python3.10/dist-packages/tello_msgs/tello_msgs_s__rosidl_typesupport_introspection_c.cpython-310-x86_64-linux-gnu.so
[0.884s] -- Up-to-date symlink: /home/guillermo/tello_ws/install/tello_msgs/local/lib/python3.10/dist-packages/tello_msgs/tello_msgs_s__rosidl_typesupport_c.cpython-310-x86_64-linux-gnu.so
[0.884s] -- Symlinking: /home/guillermo/tello_ws/install/tello_msgs/share/tello_msgs/msg/FlightData.idl
[0.891s] -- Symlinking: /home/guillermo/tello_ws/install/tello_msgs/share/tello_msgs/msg/TelloResponse.idl
[0.897s] -- Symlinking: /home/guillermo/tello_ws/install/tello_msgs/share/tello_msgs/srv/TelloAction.idl
[0.903s] -- Symlinking: /home/guillermo/tello_ws/install/tello_msgs/share/tello_msgs/msg/FlightData.msg
[0.909s] -- Symlinking: /home/guillermo/tello_ws/install/tello_msgs/share/tello_msgs/msg/TelloResponse.msg
[0.916s] -- Symlinking: /home/guillermo/tello_ws/install/tello_msgs/share/tello_msgs/srv/TelloAction.srv
[0.922s] -- Symlinking: /home/guillermo/tello_ws/install/tello_msgs/share/tello_msgs/srv/TelloAction_Request.msg
[0.929s] -- Symlinking: /home/guillermo/tello_ws/install/tello_msgs/share/tello_msgs/srv/TelloAction_Response.msg
[0.936s] -- Symlinking: /home/guillermo/tello_ws/install/tello_msgs/share/ament_index/resource_index/package_run_dependencies/tello_msgs
[0.942s] -- Symlinking: /home/guillermo/tello_ws/install/tello_msgs/share/ament_index/resource_index/parent_prefix_path/tello_msgs
[0.949s] -- Symlinking: /home/guillermo/tello_ws/install/tello_msgs/share/tello_msgs/environment/ament_prefix_path.sh
[0.955s] -- Symlinking: /home/guillermo/tello_ws/install/tello_msgs/share/tello_msgs/environment/ament_prefix_path.dsv
[0.962s] -- Symlinking: /home/guillermo/tello_ws/install/tello_msgs/share/tello_msgs/environment/path.sh
[0.968s] -- Symlinking: /home/guillermo/tello_ws/install/tello_msgs/share/tello_msgs/environment/path.dsv
[0.974s] -- Symlinking: /home/guillermo/tello_ws/install/tello_msgs/share/tello_msgs/local_setup.bash
[0.979s] -- Symlinking: /home/guillermo/tello_ws/install/tello_msgs/share/tello_msgs/local_setup.sh
[0.985s] -- Symlinking: /home/guillermo/tello_ws/install/tello_msgs/share/tello_msgs/local_setup.zsh
[0.991s] -- Symlinking: /home/guillermo/tello_ws/install/tello_msgs/share/tello_msgs/local_setup.dsv
[0.996s] -- Symlinking: /home/guillermo/tello_ws/install/tello_msgs/share/tello_msgs/package.dsv
[1.002s] -- Symlinking: /home/guillermo/tello_ws/install/tello_msgs/share/ament_index/resource_index/packages/tello_msgs
[1.008s] -- Symlinking: /home/guillermo/tello_ws/install/tello_msgs/share/tello_msgs/cmake/rosidl_cmake-extras.cmake
[1.014s] -- Symlinking: /home/guillermo/tello_ws/install/tello_msgs/share/tello_msgs/cmake/ament_cmake_export_dependencies-extras.cmake
[1.020s] -- Symlinking: /home/guillermo/tello_ws/install/tello_msgs/share/tello_msgs/cmake/ament_cmake_export_include_directories-extras.cmake
[1.026s] -- Symlinking: /home/guillermo/tello_ws/install/tello_msgs/share/tello_msgs/cmake/ament_cmake_export_libraries-extras.cmake
[1.032s] -- Symlinking: /home/guillermo/tello_ws/install/tello_msgs/share/tello_msgs/cmake/ament_cmake_export_targets-extras.cmake
[1.039s] -- Symlinking: /home/guillermo/tello_ws/install/tello_msgs/share/tello_msgs/cmake/rosidl_cmake_export_typesupport_targets-extras.cmake
[1.044s] -- Symlinking: /home/guillermo/tello_ws/install/tello_msgs/share/tello_msgs/cmake/rosidl_cmake_export_typesupport_libraries-extras.cmake
[1.051s] -- Symlinking: /home/guillermo/tello_ws/install/tello_msgs/share/tello_msgs/cmake/tello_msgsConfig.cmake
[1.056s] -- Symlinking: /home/guillermo/tello_ws/install/tello_msgs/share/tello_msgs/cmake/tello_msgsConfig-version.cmake
[1.062s] -- Symlinking: /home/guillermo/tello_ws/install/tello_msgs/share/tello_msgs/package.xml
[1.068s] -- Installing: /home/guillermo/tello_ws/install/tello_msgs/lib/libtello_msgs__rosidl_generator_c.so
[1.068s] -- Set runtime path of "/home/guillermo/tello_ws/install/tello_msgs/lib/libtello_msgs__rosidl_generator_c.so" to ""
[1.068s] -- Installing: /home/guillermo/tello_ws/install/tello_msgs/lib/libtello_msgs__rosidl_typesupport_fastrtps_c.so
[1.068s] -- Set runtime path of "/home/guillermo/tello_ws/install/tello_msgs/lib/libtello_msgs__rosidl_typesupport_fastrtps_c.so" to ""
[1.068s] -- Installing: /home/guillermo/tello_ws/install/tello_msgs/lib/libtello_msgs__rosidl_typesupport_introspection_c.so
[1.068s] -- Set runtime path of "/home/guillermo/tello_ws/install/tello_msgs/lib/libtello_msgs__rosidl_typesupport_introspection_c.so" to ""
[1.068s] -- Installing: /home/guillermo/tello_ws/install/tello_msgs/lib/libtello_msgs__rosidl_typesupport_c.so
[1.069s] -- Set runtime path of "/home/guillermo/tello_ws/install/tello_msgs/lib/libtello_msgs__rosidl_typesupport_c.so" to ""
[1.069s] -- Installing: /home/guillermo/tello_ws/install/tello_msgs/lib/libtello_msgs__rosidl_typesupport_fastrtps_cpp.so
[1.069s] -- Set runtime path of "/home/guillermo/tello_ws/install/tello_msgs/lib/libtello_msgs__rosidl_typesupport_fastrtps_cpp.so" to ""
[1.070s] -- Installing: /home/guillermo/tello_ws/install/tello_msgs/lib/libtello_msgs__rosidl_typesupport_introspection_cpp.so
[1.070s] -- Set runtime path of "/home/guillermo/tello_ws/install/tello_msgs/lib/libtello_msgs__rosidl_typesupport_introspection_cpp.so" to ""
[1.070s] -- Installing: /home/guillermo/tello_ws/install/tello_msgs/lib/libtello_msgs__rosidl_typesupport_cpp.so
[1.070s] -- Set runtime path of "/home/guillermo/tello_ws/install/tello_msgs/lib/libtello_msgs__rosidl_typesupport_cpp.so" to ""
[1.096s] Listing '/home/guillermo/tello_ws/install/tello_msgs/local/lib/python3.10/dist-packages/tello_msgs'...
[1.096s] Compiling '/home/guillermo/tello_ws/install/tello_msgs/local/lib/python3.10/dist-packages/tello_msgs/__init__.py'...
[1.096s] Listing '/home/guillermo/tello_ws/install/tello_msgs/local/lib/python3.10/dist-packages/tello_msgs/msg'...
[1.096s] Compiling '/home/guillermo/tello_ws/install/tello_msgs/local/lib/python3.10/dist-packages/tello_msgs/msg/__init__.py'...
[1.096s] Compiling '/home/guillermo/tello_ws/install/tello_msgs/local/lib/python3.10/dist-packages/tello_msgs/msg/_flight_data.py'...
[1.096s] Compiling '/home/guillermo/tello_ws/install/tello_msgs/local/lib/python3.10/dist-packages/tello_msgs/msg/_tello_response.py'...
[1.096s] Listing '/home/guillermo/tello_ws/install/tello_msgs/local/lib/python3.10/dist-packages/tello_msgs/srv'...
[1.096s] Compiling '/home/guillermo/tello_ws/install/tello_msgs/local/lib/python3.10/dist-packages/tello_msgs/srv/__init__.py'...
[1.096s] Compiling '/home/guillermo/tello_ws/install/tello_msgs/local/lib/python3.10/dist-packages/tello_msgs/srv/_tello_action.py'...
[1.099s] -- Installing: /home/guillermo/tello_ws/install/tello_msgs/lib/libtello_msgs__rosidl_generator_py.so
[1.099s] -- Set runtime path of "/home/guillermo/tello_ws/install/tello_msgs/lib/libtello_msgs__rosidl_generator_py.so" to ""
[1.100s] -- Installing: /home/guillermo/tello_ws/install/tello_msgs/share/tello_msgs/cmake/export_tello_msgs__rosidl_generator_cExport.cmake
[1.100s] -- Installing: /home/guillermo/tello_ws/install/tello_msgs/share/tello_msgs/cmake/export_tello_msgs__rosidl_generator_cExport-noconfig.cmake
[1.100s] -- Installing: /home/guillermo/tello_ws/install/tello_msgs/share/tello_msgs/cmake/export_tello_msgs__rosidl_typesupport_fastrtps_cExport.cmake
[1.100s] -- Installing: /home/guillermo/tello_ws/install/tello_msgs/share/tello_msgs/cmake/export_tello_msgs__rosidl_typesupport_fastrtps_cExport-noconfig.cmake
[1.100s] -- Installing: /home/guillermo/tello_ws/install/tello_msgs/share/tello_msgs/cmake/tello_msgs__rosidl_typesupport_introspection_cExport.cmake
[1.100s] -- Installing: /home/guillermo/tello_ws/install/tello_msgs/share/tello_msgs/cmake/tello_msgs__rosidl_typesupport_introspection_cExport-noconfig.cmake
[1.100s] -- Installing: /home/guillermo/tello_ws/install/tello_msgs/share/tello_msgs/cmake/tello_msgs__rosidl_typesupport_cExport.cmake
[1.100s] -- Installing: /home/guillermo/tello_ws/install/tello_msgs/share/tello_msgs/cmake/tello_msgs__rosidl_typesupport_cExport-noconfig.cmake
[1.100s] -- Installing: /home/guillermo/tello_ws/install/tello_msgs/share/tello_msgs/cmake/export_tello_msgs__rosidl_generator_cppExport.cmake
[1.101s] -- Installing: /home/guillermo/tello_ws/install/tello_msgs/share/tello_msgs/cmake/export_tello_msgs__rosidl_typesupport_fastrtps_cppExport.cmake
[1.101s] -- Installing: /home/guillermo/tello_ws/install/tello_msgs/share/tello_msgs/cmake/export_tello_msgs__rosidl_typesupport_fastrtps_cppExport-noconfig.cmake
[1.101s] -- Installing: /home/guillermo/tello_ws/install/tello_msgs/share/tello_msgs/cmake/tello_msgs__rosidl_typesupport_introspection_cppExport.cmake
[1.101s] -- Installing: /home/guillermo/tello_ws/install/tello_msgs/share/tello_msgs/cmake/tello_msgs__rosidl_typesupport_introspection_cppExport-noconfig.cmake
[1.101s] -- Installing: /home/guillermo/tello_ws/install/tello_msgs/share/tello_msgs/cmake/tello_msgs__rosidl_typesupport_cppExport.cmake
[1.101s] -- Installing: /home/guillermo/tello_ws/install/tello_msgs/share/tello_msgs/cmake/tello_msgs__rosidl_typesupport_cppExport-noconfig.cmake
[1.101s] -- Installing: /home/guillermo/tello_ws/install/tello_msgs/share/tello_msgs/cmake/export_tello_msgs__rosidl_generator_pyExport.cmake
[1.101s] -- Installing: /home/guillermo/tello_ws/install/tello_msgs/share/tello_msgs/cmake/export_tello_msgs__rosidl_generator_pyExport-noconfig.cmake
[1.106s] Invoked command in '/home/guillermo/tello_ws/build/tello_msgs' returned '0': CMAKE_PREFIX_PATH=${CMAKE_PREFIX_PATH}:/opt/ros/humble /usr/bin/cmake --install /home/guillermo/tello_ws/build/tello_msgs
