[  4%] [32mBuilding CXX object CMakeFiles/tello_driver_main.dir/src/tello_driver_main.cpp.o[0m
[  9%] [32mBuilding CXX object CMakeFiles/tello_emulator.dir/src/tello_emulator.cpp.o[0m
[ 13%] [32mBuilding CXX object CMakeFiles/tello_driver_node.dir/h264decoder/h264decoder.cpp.o[0m
[ 18%] [32mBuilding CXX object CMakeFiles/tello_joy_node.dir/src/tello_joy_node.cpp.o[0m
[ 22%] [32mBuilding CXX object CMakeFiles/tello_driver_node.dir/src/tello_socket.cpp.o[0m
[ 27%] [32mBuilding CXX object CMakeFiles/tello_joy_main.dir/src/tello_joy_node.cpp.o[0m
[ 31%] [32mBuilding CXX object CMakeFiles/tello_driver_node.dir/src/tello_driver_node.cpp.o[0m
[ 36%] [32mBuilding CXX object CMakeFiles/tello_driver_node.dir/src/state_socket.cpp.o[0m
[ 40%] [32mBuilding CXX object CMakeFiles/tello_driver_main.dir/src/video_socket.cpp.o[0m
[ 45%] [32mBuilding CXX object CMakeFiles/tello_joy_main.dir/src/tello_joy_main.cpp.o[0m
[ 54%] [32mBuilding CXX object CMakeFiles/tello_driver_main.dir/h264decoder/h264decoder.cpp.o[0m
[ 54%] [32mBuilding CXX object CMakeFiles/tello_driver_main.dir/src/tello_socket.cpp.o[0m
[ 68%] [32mBuilding CXX object CMakeFiles/tello_driver_node.dir/src/video_socket.cpp.o[0m
[ 72%] [32mBuilding CXX object CMakeFiles/tello_driver_main.dir/src/tello_driver_node.cpp.o[0m
[ 72%] [32mBuilding CXX object CMakeFiles/tello_driver_main.dir/src/command_socket.cpp.o[0m
[ 72%] [32mBuilding CXX object CMakeFiles/tello_driver_node.dir/src/command_socket.cpp.o[0m
[ 77%] [32mBuilding CXX object CMakeFiles/tello_driver_main.dir/src/state_socket.cpp.o[0m
[ 81%] [32m[1mLinking CXX executable tello_emulator[0m
[ 81%] Built target tello_emulator
[ 86%] [32m[1mLinking CXX executable tello_joy_main[0m
[ 86%] Built target tello_joy_main
[ 90%] [32m[1mLinking CXX shared library libtello_joy_node.so[0m
[ 90%] Built target tello_joy_node
[ 95%] [32m[1mLinking CXX shared library libtello_driver_node.so[0m
[ 95%] Built target tello_driver_node
[100%] [32m[1mLinking CXX executable tello_driver_main[0m
[100%] Built target tello_driver_main
-- Install configuration: ""
-- Execute custom install script
-- Symlinking: /home/guillermo/tello_ws/install/tello_driver/share/tello_driver/environment/library_path.sh
-- Symlinking: /home/guillermo/tello_ws/install/tello_driver/share/tello_driver/environment/library_path.dsv
-- Symlinking: /home/guillermo/tello_ws/install/tello_driver/lib/libtello_driver_node.so
-- Symlinking: /home/guillermo/tello_ws/install/tello_driver/lib/libtello_joy_node.so
-- Symlinking: /home/guillermo/tello_ws/install/tello_driver/lib/tello_driver/tello_driver_main
-- Symlinking: /home/guillermo/tello_ws/install/tello_driver/lib/tello_driver/tello_joy_main
-- Symlinking: /home/guillermo/tello_ws/install/tello_driver/lib/tello_driver/tello_emulator
-- Symlinking: /home/guillermo/tello_ws/install/tello_driver/share/tello_driver/cfg/camera_info.yaml
-- Symlinking: /home/guillermo/tello_ws/install/tello_driver/share/tello_driver/launch/emulator_launch.py
-- Symlinking: /home/guillermo/tello_ws/install/tello_driver/share/tello_driver/launch/emulators_launch.py
-- Symlinking: /home/guillermo/tello_ws/install/tello_driver/share/tello_driver/launch/teleop_launch.py
-- Symlinking: /home/guillermo/tello_ws/install/tello_driver/share/ament_index/resource_index/package_run_dependencies/tello_driver
-- Symlinking: /home/guillermo/tello_ws/install/tello_driver/share/ament_index/resource_index/parent_prefix_path/tello_driver
-- Symlinking: /home/guillermo/tello_ws/install/tello_driver/share/tello_driver/environment/ament_prefix_path.sh
-- Symlinking: /home/guillermo/tello_ws/install/tello_driver/share/tello_driver/environment/ament_prefix_path.dsv
-- Symlinking: /home/guillermo/tello_ws/install/tello_driver/share/tello_driver/environment/path.sh
-- Symlinking: /home/guillermo/tello_ws/install/tello_driver/share/tello_driver/environment/path.dsv
-- Symlinking: /home/guillermo/tello_ws/install/tello_driver/share/tello_driver/local_setup.bash
-- Symlinking: /home/guillermo/tello_ws/install/tello_driver/share/tello_driver/local_setup.sh
-- Symlinking: /home/guillermo/tello_ws/install/tello_driver/share/tello_driver/local_setup.zsh
-- Symlinking: /home/guillermo/tello_ws/install/tello_driver/share/tello_driver/local_setup.dsv
-- Symlinking: /home/guillermo/tello_ws/install/tello_driver/share/tello_driver/package.dsv
-- Symlinking: /home/guillermo/tello_ws/install/tello_driver/share/ament_index/resource_index/packages/tello_driver
-- Symlinking: /home/guillermo/tello_ws/install/tello_driver/share/ament_index/resource_index/rclcpp_components/tello_driver
-- Symlinking: /home/guillermo/tello_ws/install/tello_driver/share/tello_driver/cmake/tello_driverConfig.cmake
-- Symlinking: /home/guillermo/tello_ws/install/tello_driver/share/tello_driver/cmake/tello_driverConfig-version.cmake
-- Symlinking: /home/guillermo/tello_ws/install/tello_driver/share/tello_driver/package.xml
