[0.022s] Invoking command in '/home/guillermo/tello_ws/build/tello_msgs': CMAKE_PREFIX_PATH=${CMAKE_PREFIX_PATH}:/home/guillermo/tello_ws/install/tello_camera:/opt/ros/humble /usr/bin/cmake --build /home/guillermo/tello_ws/build/tello_msgs -- -j20 -l20
[0.058s] [  2%] Built target tello_msgs__cpp
[0.058s] [ 12%] Built target tello_msgs__rosidl_generator_c
[0.064s] [ 12%] Built target ament_cmake_python_symlink_tello_msgs
[0.073s] [ 23%] Built target tello_msgs__rosidl_typesupport_cpp
[0.074s] [ 34%] Built target tello_msgs__rosidl_typesupport_introspection_cpp
[0.079s] [ 44%] Built target tello_msgs__rosidl_typesupport_fastrtps_cpp
[0.080s] [ 55%] Built target tello_msgs__rosidl_typesupport_fastrtps_c
[0.080s] [ 65%] Built target tello_msgs__rosidl_typesupport_introspection_c
[0.083s] [ 76%] Built target tello_msgs__rosidl_typesupport_c
[0.097s] [ 76%] Built target tello_msgs
[0.117s] [ 78%] Built target tello_msgs__py
[0.134s] [ 87%] Built target tello_msgs__rosidl_generator_py
[0.151s] [ 91%] Built target tello_msgs__rosidl_typesupport_fastrtps_c__pyext
[0.151s] [100%] Built target tello_msgs__rosidl_typesupport_introspection_c__pyext
[0.151s] [100%] Built target tello_msgs__rosidl_typesupport_c__pyext
[0.223s] running egg_info
[0.223s] writing tello_msgs.egg-info/PKG-INFO
[0.224s] writing dependency_links to tello_msgs.egg-info/dependency_links.txt
[0.224s] writing top-level names to tello_msgs.egg-info/top_level.txt
[0.226s] reading manifest file 'tello_msgs.egg-info/SOURCES.txt'
[0.226s] writing manifest file 'tello_msgs.egg-info/SOURCES.txt'
[0.244s] [100%] Built target ament_cmake_python_build_tello_msgs_egg
[0.252s] Invoked command in '/home/guillermo/tello_ws/build/tello_msgs' returned '0': CMAKE_PREFIX_PATH=${CMAKE_PREFIX_PATH}:/home/guillermo/tello_ws/install/tello_camera:/opt/ros/humble /usr/bin/cmake --build /home/guillermo/tello_ws/build/tello_msgs -- -j20 -l20
[0.356s] Invoking command in '/home/guillermo/tello_ws/build/tello_msgs': CMAKE_PREFIX_PATH=${CMAKE_PREFIX_PATH}:/home/guillermo/tello_ws/install/tello_camera:/opt/ros/humble /usr/bin/cmake --install /home/guillermo/tello_ws/build/tello_msgs
[0.362s] -- Install configuration: ""
[0.363s] -- Execute custom install script
[0.363s] -- Symlinking: /home/guillermo/tello_ws/install/tello_msgs/share/ament_index/resource_index/rosidl_interfaces/tello_msgs
[0.369s] -- Symlinking: /home/guillermo/tello_ws/install/tello_msgs/include/tello_msgs/tello_msgs/msg/detail/flight_data__functions.h
[0.378s] -- Symlinking: /home/guillermo/tello_ws/install/tello_msgs/include/tello_msgs/tello_msgs/msg/detail/flight_data__struct.h
[0.381s] -- Symlinking: /home/guillermo/tello_ws/install/tello_msgs/include/tello_msgs/tello_msgs/msg/detail/flight_data__type_support.h
[0.388s] -- Symlinking: /home/guillermo/tello_ws/install/tello_msgs/include/tello_msgs/tello_msgs/msg/detail/tello_response__functions.h
[0.394s] -- Symlinking: /home/guillermo/tello_ws/install/tello_msgs/include/tello_msgs/tello_msgs/msg/detail/tello_response__struct.h
[0.400s] -- Symlinking: /home/guillermo/tello_ws/install/tello_msgs/include/tello_msgs/tello_msgs/msg/detail/tello_response__type_support.h
[0.407s] -- Symlinking: /home/guillermo/tello_ws/install/tello_msgs/include/tello_msgs/tello_msgs/msg/flight_data.h
[0.414s] -- Symlinking: /home/guillermo/tello_ws/install/tello_msgs/include/tello_msgs/tello_msgs/msg/rosidl_generator_c__visibility_control.h
[0.421s] -- Symlinking: /home/guillermo/tello_ws/install/tello_msgs/include/tello_msgs/tello_msgs/msg/tello_response.h
[0.427s] -- Symlinking: /home/guillermo/tello_ws/install/tello_msgs/include/tello_msgs/tello_msgs/srv/detail/tello_action__functions.h
[0.434s] -- Symlinking: /home/guillermo/tello_ws/install/tello_msgs/include/tello_msgs/tello_msgs/srv/detail/tello_action__struct.h
[0.440s] -- Symlinking: /home/guillermo/tello_ws/install/tello_msgs/include/tello_msgs/tello_msgs/srv/detail/tello_action__type_support.h
[0.445s] -- Symlinking: /home/guillermo/tello_ws/install/tello_msgs/include/tello_msgs/tello_msgs/srv/tello_action.h
[0.452s] -- Symlinking: /home/guillermo/tello_ws/install/tello_msgs/share/tello_msgs/environment/library_path.sh
[0.458s] -- Symlinking: /home/guillermo/tello_ws/install/tello_msgs/share/tello_msgs/environment/library_path.dsv
[0.464s] -- Symlinking: /home/guillermo/tello_ws/install/tello_msgs/include/tello_msgs/tello_msgs/msg/detail/flight_data__rosidl_typesupport_fastrtps_c.h
[0.470s] -- Symlinking: /home/guillermo/tello_ws/install/tello_msgs/include/tello_msgs/tello_msgs/msg/detail/tello_response__rosidl_typesupport_fastrtps_c.h
[0.476s] -- Symlinking: /home/guillermo/tello_ws/install/tello_msgs/include/tello_msgs/tello_msgs/msg/rosidl_typesupport_fastrtps_c__visibility_control.h
[0.483s] -- Symlinking: /home/guillermo/tello_ws/install/tello_msgs/include/tello_msgs/tello_msgs/srv/detail/tello_action__rosidl_typesupport_fastrtps_c.h
[0.489s] -- Symlinking: /home/guillermo/tello_ws/install/tello_msgs/include/tello_msgs/tello_msgs/msg/detail/flight_data__rosidl_typesupport_introspection_c.h
[0.495s] -- Symlinking: /home/guillermo/tello_ws/install/tello_msgs/include/tello_msgs/tello_msgs/msg/detail/tello_response__rosidl_typesupport_introspection_c.h
[0.501s] -- Symlinking: /home/guillermo/tello_ws/install/tello_msgs/include/tello_msgs/tello_msgs/msg/rosidl_typesupport_introspection_c__visibility_control.h
[0.508s] -- Symlinking: /home/guillermo/tello_ws/install/tello_msgs/include/tello_msgs/tello_msgs/srv/detail/tello_action__rosidl_typesupport_introspection_c.h
[0.514s] -- Symlinking: /home/guillermo/tello_ws/install/tello_msgs/include/tello_msgs/tello_msgs/msg/detail/flight_data__builder.hpp
[0.521s] -- Symlinking: /home/guillermo/tello_ws/install/tello_msgs/include/tello_msgs/tello_msgs/msg/detail/flight_data__struct.hpp
[0.527s] -- Symlinking: /home/guillermo/tello_ws/install/tello_msgs/include/tello_msgs/tello_msgs/msg/detail/flight_data__traits.hpp
[0.533s] -- Symlinking: /home/guillermo/tello_ws/install/tello_msgs/include/tello_msgs/tello_msgs/msg/detail/tello_response__builder.hpp
[0.539s] -- Symlinking: /home/guillermo/tello_ws/install/tello_msgs/include/tello_msgs/tello_msgs/msg/detail/tello_response__struct.hpp
[0.545s] -- Symlinking: /home/guillermo/tello_ws/install/tello_msgs/include/tello_msgs/tello_msgs/msg/detail/tello_response__traits.hpp
[0.551s] -- Symlinking: /home/guillermo/tello_ws/install/tello_msgs/include/tello_msgs/tello_msgs/msg/flight_data.hpp
[0.558s] -- Symlinking: /home/guillermo/tello_ws/install/tello_msgs/include/tello_msgs/tello_msgs/msg/tello_response.hpp
[0.564s] -- Symlinking: /home/guillermo/tello_ws/install/tello_msgs/include/tello_msgs/tello_msgs/srv/detail/tello_action__builder.hpp
[0.570s] -- Symlinking: /home/guillermo/tello_ws/install/tello_msgs/include/tello_msgs/tello_msgs/srv/detail/tello_action__struct.hpp
[0.576s] -- Symlinking: /home/guillermo/tello_ws/install/tello_msgs/include/tello_msgs/tello_msgs/srv/detail/tello_action__traits.hpp
[0.582s] -- Symlinking: /home/guillermo/tello_ws/install/tello_msgs/include/tello_msgs/tello_msgs/srv/tello_action.hpp
[0.588s] -- Symlinking: /home/guillermo/tello_ws/install/tello_msgs/include/tello_msgs/tello_msgs/msg/detail/flight_data__rosidl_typesupport_fastrtps_cpp.hpp
[0.596s] -- Symlinking: /home/guillermo/tello_ws/install/tello_msgs/include/tello_msgs/tello_msgs/msg/detail/tello_response__rosidl_typesupport_fastrtps_cpp.hpp
[0.602s] -- Symlinking: /home/guillermo/tello_ws/install/tello_msgs/include/tello_msgs/tello_msgs/msg/rosidl_typesupport_fastrtps_cpp__visibility_control.h
[0.608s] -- Symlinking: /home/guillermo/tello_ws/install/tello_msgs/include/tello_msgs/tello_msgs/srv/detail/tello_action__rosidl_typesupport_fastrtps_cpp.hpp
[0.613s] -- Symlinking: /home/guillermo/tello_ws/install/tello_msgs/include/tello_msgs/tello_msgs/msg/detail/flight_data__rosidl_typesupport_introspection_cpp.hpp
[0.619s] -- Symlinking: /home/guillermo/tello_ws/install/tello_msgs/include/tello_msgs/tello_msgs/msg/detail/tello_response__rosidl_typesupport_introspection_cpp.hpp
[0.625s] -- Symlinking: /home/guillermo/tello_ws/install/tello_msgs/include/tello_msgs/tello_msgs/srv/detail/tello_action__rosidl_typesupport_introspection_cpp.hpp
[0.631s] -- Symlinking: /home/guillermo/tello_ws/install/tello_msgs/share/tello_msgs/environment/pythonpath.sh
[0.637s] -- Symlinking: /home/guillermo/tello_ws/install/tello_msgs/share/tello_msgs/environment/pythonpath.dsv
[0.643s] -- Symlinking: /home/guillermo/tello_ws/install/tello_msgs/local/lib/python3.10/dist-packages/tello_msgs-0.1.0-py3.10.egg-info/PKG-INFO
[0.648s] -- Symlinking: /home/guillermo/tello_ws/install/tello_msgs/local/lib/python3.10/dist-packages/tello_msgs-0.1.0-py3.10.egg-info/SOURCES.txt
[0.655s] -- Symlinking: /home/guillermo/tello_ws/install/tello_msgs/local/lib/python3.10/dist-packages/tello_msgs-0.1.0-py3.10.egg-info/dependency_links.txt
[0.660s] -- Symlinking: /home/guillermo/tello_ws/install/tello_msgs/local/lib/python3.10/dist-packages/tello_msgs-0.1.0-py3.10.egg-info/top_level.txt
[0.667s] -- Symlinking: /home/guillermo/tello_ws/install/tello_msgs/local/lib/python3.10/dist-packages/tello_msgs/__init__.py
[0.673s] -- Symlinking: /home/guillermo/tello_ws/install/tello_msgs/local/lib/python3.10/dist-packages/tello_msgs/_tello_msgs_s.ep.rosidl_typesupport_c.c
[0.679s] -- Symlinking: /home/guillermo/tello_ws/install/tello_msgs/local/lib/python3.10/dist-packages/tello_msgs/_tello_msgs_s.ep.rosidl_typesupport_fastrtps_c.c
[0.685s] -- Symlinking: /home/guillermo/tello_ws/install/tello_msgs/local/lib/python3.10/dist-packages/tello_msgs/_tello_msgs_s.ep.rosidl_typesupport_introspection_c.c
[0.692s] -- Symlinking: /home/guillermo/tello_ws/install/tello_msgs/local/lib/python3.10/dist-packages/tello_msgs/libtello_msgs__rosidl_generator_py.so
[0.698s] -- Symlinking: /home/guillermo/tello_ws/install/tello_msgs/local/lib/python3.10/dist-packages/tello_msgs/msg/__init__.py
[0.705s] -- Symlinking: /home/guillermo/tello_ws/install/tello_msgs/local/lib/python3.10/dist-packages/tello_msgs/msg/_flight_data.py
[0.711s] -- Symlinking: /home/guillermo/tello_ws/install/tello_msgs/local/lib/python3.10/dist-packages/tello_msgs/msg/_flight_data_s.c
[0.718s] -- Symlinking: /home/guillermo/tello_ws/install/tello_msgs/local/lib/python3.10/dist-packages/tello_msgs/msg/_tello_response.py
[0.725s] -- Symlinking: /home/guillermo/tello_ws/install/tello_msgs/local/lib/python3.10/dist-packages/tello_msgs/msg/_tello_response_s.c
[0.734s] -- Symlinking: /home/guillermo/tello_ws/install/tello_msgs/local/lib/python3.10/dist-packages/tello_msgs/srv/__init__.py
[0.737s] -- Symlinking: /home/guillermo/tello_ws/install/tello_msgs/local/lib/python3.10/dist-packages/tello_msgs/srv/_tello_action.py
[0.743s] -- Symlinking: /home/guillermo/tello_ws/install/tello_msgs/local/lib/python3.10/dist-packages/tello_msgs/srv/_tello_action_s.c
[0.750s] -- Symlinking: /home/guillermo/tello_ws/install/tello_msgs/local/lib/python3.10/dist-packages/tello_msgs/tello_msgs_s__rosidl_typesupport_c.cpython-310-x86_64-linux-gnu.so
[0.756s] -- Symlinking: /home/guillermo/tello_ws/install/tello_msgs/local/lib/python3.10/dist-packages/tello_msgs/tello_msgs_s__rosidl_typesupport_fastrtps_c.cpython-310-x86_64-linux-gnu.so
[0.762s] -- Symlinking: /home/guillermo/tello_ws/install/tello_msgs/local/lib/python3.10/dist-packages/tello_msgs/tello_msgs_s__rosidl_typesupport_introspection_c.cpython-310-x86_64-linux-gnu.so
[0.772s] -- Up-to-date symlink: /home/guillermo/tello_ws/install/tello_msgs/local/lib/python3.10/dist-packages/tello_msgs/tello_msgs_s__rosidl_typesupport_fastrtps_c.cpython-310-x86_64-linux-gnu.so
[0.772s] -- Up-to-date symlink: /home/guillermo/tello_ws/install/tello_msgs/local/lib/python3.10/dist-packages/tello_msgs/tello_msgs_s__rosidl_typesupport_introspection_c.cpython-310-x86_64-linux-gnu.so
[0.772s] -- Up-to-date symlink: /home/guillermo/tello_ws/install/tello_msgs/local/lib/python3.10/dist-packages/tello_msgs/tello_msgs_s__rosidl_typesupport_c.cpython-310-x86_64-linux-gnu.so
[0.772s] -- Symlinking: /home/guillermo/tello_ws/install/tello_msgs/share/tello_msgs/msg/FlightData.idl
[0.779s] -- Symlinking: /home/guillermo/tello_ws/install/tello_msgs/share/tello_msgs/msg/TelloResponse.idl
[0.785s] -- Symlinking: /home/guillermo/tello_ws/install/tello_msgs/share/tello_msgs/srv/TelloAction.idl
[0.791s] -- Symlinking: /home/guillermo/tello_ws/install/tello_msgs/share/tello_msgs/msg/FlightData.msg
[0.797s] -- Symlinking: /home/guillermo/tello_ws/install/tello_msgs/share/tello_msgs/msg/TelloResponse.msg
[0.803s] -- Symlinking: /home/guillermo/tello_ws/install/tello_msgs/share/tello_msgs/srv/TelloAction.srv
[0.809s] -- Symlinking: /home/guillermo/tello_ws/install/tello_msgs/share/tello_msgs/srv/TelloAction_Request.msg
[0.816s] -- Symlinking: /home/guillermo/tello_ws/install/tello_msgs/share/tello_msgs/srv/TelloAction_Response.msg
[0.822s] -- Symlinking: /home/guillermo/tello_ws/install/tello_msgs/share/ament_index/resource_index/package_run_dependencies/tello_msgs
[0.829s] -- Symlinking: /home/guillermo/tello_ws/install/tello_msgs/share/ament_index/resource_index/parent_prefix_path/tello_msgs
[0.835s] -- Symlinking: /home/guillermo/tello_ws/install/tello_msgs/share/tello_msgs/environment/ament_prefix_path.sh
[0.841s] -- Symlinking: /home/guillermo/tello_ws/install/tello_msgs/share/tello_msgs/environment/ament_prefix_path.dsv
[0.848s] -- Symlinking: /home/guillermo/tello_ws/install/tello_msgs/share/tello_msgs/environment/path.sh
[0.855s] -- Symlinking: /home/guillermo/tello_ws/install/tello_msgs/share/tello_msgs/environment/path.dsv
[0.862s] -- Symlinking: /home/guillermo/tello_ws/install/tello_msgs/share/tello_msgs/local_setup.bash
[0.868s] -- Symlinking: /home/guillermo/tello_ws/install/tello_msgs/share/tello_msgs/local_setup.sh
[0.874s] -- Symlinking: /home/guillermo/tello_ws/install/tello_msgs/share/tello_msgs/local_setup.zsh
[0.879s] -- Symlinking: /home/guillermo/tello_ws/install/tello_msgs/share/tello_msgs/local_setup.dsv
[0.885s] -- Symlinking: /home/guillermo/tello_ws/install/tello_msgs/share/tello_msgs/package.dsv
[0.892s] -- Symlinking: /home/guillermo/tello_ws/install/tello_msgs/share/ament_index/resource_index/packages/tello_msgs
[0.898s] -- Symlinking: /home/guillermo/tello_ws/install/tello_msgs/share/tello_msgs/cmake/rosidl_cmake-extras.cmake
[0.904s] -- Symlinking: /home/guillermo/tello_ws/install/tello_msgs/share/tello_msgs/cmake/ament_cmake_export_dependencies-extras.cmake
[0.911s] -- Symlinking: /home/guillermo/tello_ws/install/tello_msgs/share/tello_msgs/cmake/ament_cmake_export_include_directories-extras.cmake
[0.917s] -- Symlinking: /home/guillermo/tello_ws/install/tello_msgs/share/tello_msgs/cmake/ament_cmake_export_libraries-extras.cmake
[0.925s] -- Symlinking: /home/guillermo/tello_ws/install/tello_msgs/share/tello_msgs/cmake/ament_cmake_export_targets-extras.cmake
[0.931s] -- Symlinking: /home/guillermo/tello_ws/install/tello_msgs/share/tello_msgs/cmake/rosidl_cmake_export_typesupport_targets-extras.cmake
[0.937s] -- Symlinking: /home/guillermo/tello_ws/install/tello_msgs/share/tello_msgs/cmake/rosidl_cmake_export_typesupport_libraries-extras.cmake
[0.942s] -- Symlinking: /home/guillermo/tello_ws/install/tello_msgs/share/tello_msgs/cmake/tello_msgsConfig.cmake
[0.948s] -- Symlinking: /home/guillermo/tello_ws/install/tello_msgs/share/tello_msgs/cmake/tello_msgsConfig-version.cmake
[0.955s] -- Symlinking: /home/guillermo/tello_ws/install/tello_msgs/share/tello_msgs/package.xml
[0.961s] -- Installing: /home/guillermo/tello_ws/install/tello_msgs/lib/libtello_msgs__rosidl_generator_c.so
[0.962s] -- Set runtime path of "/home/guillermo/tello_ws/install/tello_msgs/lib/libtello_msgs__rosidl_generator_c.so" to ""
[0.962s] -- Installing: /home/guillermo/tello_ws/install/tello_msgs/lib/libtello_msgs__rosidl_typesupport_fastrtps_c.so
[0.962s] -- Set runtime path of "/home/guillermo/tello_ws/install/tello_msgs/lib/libtello_msgs__rosidl_typesupport_fastrtps_c.so" to ""
[0.962s] -- Installing: /home/guillermo/tello_ws/install/tello_msgs/lib/libtello_msgs__rosidl_typesupport_introspection_c.so
[0.962s] -- Set runtime path of "/home/guillermo/tello_ws/install/tello_msgs/lib/libtello_msgs__rosidl_typesupport_introspection_c.so" to ""
[0.962s] -- Installing: /home/guillermo/tello_ws/install/tello_msgs/lib/libtello_msgs__rosidl_typesupport_c.so
[0.962s] -- Set runtime path of "/home/guillermo/tello_ws/install/tello_msgs/lib/libtello_msgs__rosidl_typesupport_c.so" to ""
[0.962s] -- Installing: /home/guillermo/tello_ws/install/tello_msgs/lib/libtello_msgs__rosidl_typesupport_fastrtps_cpp.so
[0.962s] -- Set runtime path of "/home/guillermo/tello_ws/install/tello_msgs/lib/libtello_msgs__rosidl_typesupport_fastrtps_cpp.so" to ""
[0.962s] -- Installing: /home/guillermo/tello_ws/install/tello_msgs/lib/libtello_msgs__rosidl_typesupport_introspection_cpp.so
[0.962s] -- Set runtime path of "/home/guillermo/tello_ws/install/tello_msgs/lib/libtello_msgs__rosidl_typesupport_introspection_cpp.so" to ""
[0.962s] -- Installing: /home/guillermo/tello_ws/install/tello_msgs/lib/libtello_msgs__rosidl_typesupport_cpp.so
[0.963s] -- Set runtime path of "/home/guillermo/tello_ws/install/tello_msgs/lib/libtello_msgs__rosidl_typesupport_cpp.so" to ""
[0.989s] Listing '/home/guillermo/tello_ws/install/tello_msgs/local/lib/python3.10/dist-packages/tello_msgs'...
[0.989s] Compiling '/home/guillermo/tello_ws/install/tello_msgs/local/lib/python3.10/dist-packages/tello_msgs/__init__.py'...
[0.989s] Listing '/home/guillermo/tello_ws/install/tello_msgs/local/lib/python3.10/dist-packages/tello_msgs/msg'...
[0.989s] Compiling '/home/guillermo/tello_ws/install/tello_msgs/local/lib/python3.10/dist-packages/tello_msgs/msg/__init__.py'...
[0.989s] Compiling '/home/guillermo/tello_ws/install/tello_msgs/local/lib/python3.10/dist-packages/tello_msgs/msg/_flight_data.py'...
[0.989s] Compiling '/home/guillermo/tello_ws/install/tello_msgs/local/lib/python3.10/dist-packages/tello_msgs/msg/_tello_response.py'...
[0.990s] Listing '/home/guillermo/tello_ws/install/tello_msgs/local/lib/python3.10/dist-packages/tello_msgs/srv'...
[0.990s] Compiling '/home/guillermo/tello_ws/install/tello_msgs/local/lib/python3.10/dist-packages/tello_msgs/srv/__init__.py'...
[0.990s] Compiling '/home/guillermo/tello_ws/install/tello_msgs/local/lib/python3.10/dist-packages/tello_msgs/srv/_tello_action.py'...
[0.992s] -- Installing: /home/guillermo/tello_ws/install/tello_msgs/lib/libtello_msgs__rosidl_generator_py.so
[0.993s] -- Set runtime path of "/home/guillermo/tello_ws/install/tello_msgs/lib/libtello_msgs__rosidl_generator_py.so" to ""
[0.993s] -- Installing: /home/guillermo/tello_ws/install/tello_msgs/share/tello_msgs/cmake/export_tello_msgs__rosidl_generator_cExport.cmake
[0.993s] -- Installing: /home/guillermo/tello_ws/install/tello_msgs/share/tello_msgs/cmake/export_tello_msgs__rosidl_generator_cExport-noconfig.cmake
[0.993s] -- Installing: /home/guillermo/tello_ws/install/tello_msgs/share/tello_msgs/cmake/export_tello_msgs__rosidl_typesupport_fastrtps_cExport.cmake
[0.993s] -- Installing: /home/guillermo/tello_ws/install/tello_msgs/share/tello_msgs/cmake/export_tello_msgs__rosidl_typesupport_fastrtps_cExport-noconfig.cmake
[0.993s] -- Installing: /home/guillermo/tello_ws/install/tello_msgs/share/tello_msgs/cmake/tello_msgs__rosidl_typesupport_introspection_cExport.cmake
[0.993s] -- Installing: /home/guillermo/tello_ws/install/tello_msgs/share/tello_msgs/cmake/tello_msgs__rosidl_typesupport_introspection_cExport-noconfig.cmake
[0.993s] -- Installing: /home/guillermo/tello_ws/install/tello_msgs/share/tello_msgs/cmake/tello_msgs__rosidl_typesupport_cExport.cmake
[0.993s] -- Installing: /home/guillermo/tello_ws/install/tello_msgs/share/tello_msgs/cmake/tello_msgs__rosidl_typesupport_cExport-noconfig.cmake
[0.994s] -- Installing: /home/guillermo/tello_ws/install/tello_msgs/share/tello_msgs/cmake/export_tello_msgs__rosidl_generator_cppExport.cmake
[0.994s] -- Installing: /home/guillermo/tello_ws/install/tello_msgs/share/tello_msgs/cmake/export_tello_msgs__rosidl_typesupport_fastrtps_cppExport.cmake
[0.994s] -- Installing: /home/guillermo/tello_ws/install/tello_msgs/share/tello_msgs/cmake/export_tello_msgs__rosidl_typesupport_fastrtps_cppExport-noconfig.cmake
[0.994s] -- Installing: /home/guillermo/tello_ws/install/tello_msgs/share/tello_msgs/cmake/tello_msgs__rosidl_typesupport_introspection_cppExport.cmake
[0.994s] -- Installing: /home/guillermo/tello_ws/install/tello_msgs/share/tello_msgs/cmake/tello_msgs__rosidl_typesupport_introspection_cppExport-noconfig.cmake
[0.994s] -- Installing: /home/guillermo/tello_ws/install/tello_msgs/share/tello_msgs/cmake/tello_msgs__rosidl_typesupport_cppExport.cmake
[0.994s] -- Installing: /home/guillermo/tello_ws/install/tello_msgs/share/tello_msgs/cmake/tello_msgs__rosidl_typesupport_cppExport-noconfig.cmake
[0.994s] -- Installing: /home/guillermo/tello_ws/install/tello_msgs/share/tello_msgs/cmake/export_tello_msgs__rosidl_generator_pyExport.cmake
[0.994s] -- Installing: /home/guillermo/tello_ws/install/tello_msgs/share/tello_msgs/cmake/export_tello_msgs__rosidl_generator_pyExport-noconfig.cmake
[0.998s] Invoked command in '/home/guillermo/tello_ws/build/tello_msgs' returned '0': CMAKE_PREFIX_PATH=${CMAKE_PREFIX_PATH}:/home/guillermo/tello_ws/install/tello_camera:/opt/ros/humble /usr/bin/cmake --install /home/guillermo/tello_ws/build/tello_msgs
