-- Found ament_cmake: 1.3.3 (/opt/ros/humble/share/ament_cmake/cmake)
[0mCMake Error: The current CMakeCache.txt directory /home/guillermo/tfg/2022-tfg-guillermo-bernal/tello/tello_ws/build/ros2_shared/CMakeCache.txt is different than the directory /home/guillermo/tello_ws/build/ros2_shared where CMakeCache.txt was created. This may result in binaries being created in the wrong place. If you are not sure, reedit the CMakeCache.txt[0m
-- Override CMake install command with custom implementation using symlinks instead of copying resources
-- Configuring done
-- Generating done
-- Build files have been written to: /home/guillermo/tello_ws/build/ros2_shared
-- Install configuration: ""
-- Execute custom install script
-- Up-to-date symlink: /home/guillermo/tello_ws/install/ros2_shared/include/ros2_shared/context_macros.hpp
-- Up-to-date symlink: /home/guillermo/tello_ws/install/ros2_shared/include/ros2_shared/param_macros.hpp
-- Up-to-date symlink: /home/guillermo/tello_ws/install/ros2_shared/include/ros2_shared/string_printf.hpp
-- Up-to-date symlink: /home/guillermo/tello_ws/install/ros2_shared/share/ament_index/resource_index/package_run_dependencies/ros2_shared
-- Up-to-date symlink: /home/guillermo/tello_ws/install/ros2_shared/share/ament_index/resource_index/parent_prefix_path/ros2_shared
-- Up-to-date symlink: /home/guillermo/tello_ws/install/ros2_shared/share/ros2_shared/environment/ament_prefix_path.sh
-- Up-to-date symlink: /home/guillermo/tello_ws/install/ros2_shared/share/ros2_shared/environment/ament_prefix_path.dsv
-- Up-to-date symlink: /home/guillermo/tello_ws/install/ros2_shared/share/ros2_shared/environment/path.sh
-- Up-to-date symlink: /home/guillermo/tello_ws/install/ros2_shared/share/ros2_shared/environment/path.dsv
-- Up-to-date symlink: /home/guillermo/tello_ws/install/ros2_shared/share/ros2_shared/local_setup.bash
-- Up-to-date symlink: /home/guillermo/tello_ws/install/ros2_shared/share/ros2_shared/local_setup.sh
-- Up-to-date symlink: /home/guillermo/tello_ws/install/ros2_shared/share/ros2_shared/local_setup.zsh
-- Up-to-date symlink: /home/guillermo/tello_ws/install/ros2_shared/share/ros2_shared/local_setup.dsv
-- Symlinking: /home/guillermo/tello_ws/install/ros2_shared/share/ros2_shared/package.dsv
-- Up-to-date symlink: /home/guillermo/tello_ws/install/ros2_shared/share/ament_index/resource_index/packages/ros2_shared
-- Up-to-date symlink: /home/guillermo/tello_ws/install/ros2_shared/share/ros2_shared/cmake/ament_cmake_export_include_directories-extras.cmake
-- Up-to-date symlink: /home/guillermo/tello_ws/install/ros2_shared/share/ros2_shared/cmake/ros2_sharedConfig.cmake
-- Up-to-date symlink: /home/guillermo/tello_ws/install/ros2_shared/share/ros2_shared/cmake/ros2_sharedConfig-version.cmake
-- Up-to-date symlink: /home/guillermo/tello_ws/install/ros2_shared/share/ros2_shared/package.xml
