[0.046s] Invoking command in '/home/guillermo/tfg/2022-tfg-guillermo-bernal/tello/tello_ws/build/ros2_shared': CMAKE_PREFIX_PATH=${CMAKE_PREFIX_PATH}:/opt/ros/humble /usr/bin/cmake --build /home/guillermo/tfg/2022-tfg-guillermo-bernal/tello/tello_ws/build/ros2_shared -- -j20 -l20
[0.225s] -- Found ament_cmake: 1.3.3 (/opt/ros/humble/share/ament_cmake/cmake)
[0.227s] [0mCMake Error: The current CMakeCache.txt directory /home/guillermo/tfg/2022-tfg-guillermo-bernal/tello/tello_ws/build/ros2_shared/CMakeCache.txt is different than the directory /home/guillermo/tello_ws/build/ros2_shared where CMakeCache.txt was created. This may result in binaries being created in the wrong place. If you are not sure, reedit the CMakeCache.txt[0m
[0.268s] -- Override CMake install command with custom implementation using symlinks instead of copying resources
[0.366s] -- Configuring done
[0.372s] -- Generating done
[0.373s] -- Build files have been written to: /home/guillermo/tello_ws/build/ros2_shared
[0.417s] Invoked command in '/home/guillermo/tfg/2022-tfg-guillermo-bernal/tello/tello_ws/build/ros2_shared' returned '0': CMAKE_PREFIX_PATH=${CMAKE_PREFIX_PATH}:/opt/ros/humble /usr/bin/cmake --build /home/guillermo/tfg/2022-tfg-guillermo-bernal/tello/tello_ws/build/ros2_shared -- -j20 -l20
[0.449s] Invoking command in '/home/guillermo/tfg/2022-tfg-guillermo-bernal/tello/tello_ws/build/ros2_shared': CMAKE_PREFIX_PATH=${CMAKE_PREFIX_PATH}:/opt/ros/humble /usr/bin/cmake --install /home/guillermo/tfg/2022-tfg-guillermo-bernal/tello/tello_ws/build/ros2_shared
[0.457s] -- Install configuration: ""
[0.458s] -- Execute custom install script
[0.459s] -- Up-to-date symlink: /home/guillermo/tello_ws/install/ros2_shared/include/ros2_shared/context_macros.hpp
[0.459s] -- Up-to-date symlink: /home/guillermo/tello_ws/install/ros2_shared/include/ros2_shared/param_macros.hpp
[0.459s] -- Up-to-date symlink: /home/guillermo/tello_ws/install/ros2_shared/include/ros2_shared/string_printf.hpp
[0.461s] -- Up-to-date symlink: /home/guillermo/tello_ws/install/ros2_shared/share/ament_index/resource_index/package_run_dependencies/ros2_shared
[0.461s] -- Up-to-date symlink: /home/guillermo/tello_ws/install/ros2_shared/share/ament_index/resource_index/parent_prefix_path/ros2_shared
[0.462s] -- Up-to-date symlink: /home/guillermo/tello_ws/install/ros2_shared/share/ros2_shared/environment/ament_prefix_path.sh
[0.462s] -- Up-to-date symlink: /home/guillermo/tello_ws/install/ros2_shared/share/ros2_shared/environment/ament_prefix_path.dsv
[0.464s] -- Up-to-date symlink: /home/guillermo/tello_ws/install/ros2_shared/share/ros2_shared/environment/path.sh
[0.464s] -- Up-to-date symlink: /home/guillermo/tello_ws/install/ros2_shared/share/ros2_shared/environment/path.dsv
[0.464s] -- Up-to-date symlink: /home/guillermo/tello_ws/install/ros2_shared/share/ros2_shared/local_setup.bash
[0.464s] -- Up-to-date symlink: /home/guillermo/tello_ws/install/ros2_shared/share/ros2_shared/local_setup.sh
[0.464s] -- Up-to-date symlink: /home/guillermo/tello_ws/install/ros2_shared/share/ros2_shared/local_setup.zsh
[0.466s] -- Up-to-date symlink: /home/guillermo/tello_ws/install/ros2_shared/share/ros2_shared/local_setup.dsv
[0.466s] -- Symlinking: /home/guillermo/tello_ws/install/ros2_shared/share/ros2_shared/package.dsv
[0.476s] -- Up-to-date symlink: /home/guillermo/tello_ws/install/ros2_shared/share/ament_index/resource_index/packages/ros2_shared
[0.476s] -- Up-to-date symlink: /home/guillermo/tello_ws/install/ros2_shared/share/ros2_shared/cmake/ament_cmake_export_include_directories-extras.cmake
[0.477s] -- Up-to-date symlink: /home/guillermo/tello_ws/install/ros2_shared/share/ros2_shared/cmake/ros2_sharedConfig.cmake
[0.477s] -- Up-to-date symlink: /home/guillermo/tello_ws/install/ros2_shared/share/ros2_shared/cmake/ros2_sharedConfig-version.cmake
[0.477s] -- Up-to-date symlink: /home/guillermo/tello_ws/install/ros2_shared/share/ros2_shared/package.xml
[0.480s] Invoked command in '/home/guillermo/tfg/2022-tfg-guillermo-bernal/tello/tello_ws/build/ros2_shared' returned '0': CMAKE_PREFIX_PATH=${CMAKE_PREFIX_PATH}:/opt/ros/humble /usr/bin/cmake --install /home/guillermo/tfg/2022-tfg-guillermo-bernal/tello/tello_ws/build/ros2_shared
