[0.035s] Invoking command in '/home/guillermo/tello_ws/build/ros2_shared': CMAKE_PREFIX_PATH=${CMAKE_PREFIX_PATH}:/opt/ros/humble /usr/bin/cmake --build /home/guillermo/tello_ws/build/ros2_shared -- -j20 -l20
[0.233s] Invoked command in '/home/guillermo/tello_ws/build/ros2_shared' returned '0': CMAKE_PREFIX_PATH=${CMAKE_PREFIX_PATH}:/opt/ros/humble /usr/bin/cmake --build /home/guillermo/tello_ws/build/ros2_shared -- -j20 -l20
[0.262s] Invoking command in '/home/guillermo/tello_ws/build/ros2_shared': CMAKE_PREFIX_PATH=${CMAKE_PREFIX_PATH}:/opt/ros/humble /usr/bin/cmake --install /home/guillermo/tello_ws/build/ros2_shared
[0.268s] -- Install configuration: ""
[0.268s] -- Execute custom install script
[0.268s] -- Up-to-date symlink: /home/guillermo/tello_ws/install/ros2_shared/include/ros2_shared/context_macros.hpp
[0.268s] -- Up-to-date symlink: /home/guillermo/tello_ws/install/ros2_shared/include/ros2_shared/param_macros.hpp
[0.268s] -- Up-to-date symlink: /home/guillermo/tello_ws/install/ros2_shared/include/ros2_shared/string_printf.hpp
[0.268s] -- Up-to-date symlink: /home/guillermo/tello_ws/install/ros2_shared/share/ament_index/resource_index/package_run_dependencies/ros2_shared
[0.268s] -- Up-to-date symlink: /home/guillermo/tello_ws/install/ros2_shared/share/ament_index/resource_index/parent_prefix_path/ros2_shared
[0.269s] -- Up-to-date symlink: /home/guillermo/tello_ws/install/ros2_shared/share/ros2_shared/environment/ament_prefix_path.sh
[0.269s] -- Up-to-date symlink: /home/guillermo/tello_ws/install/ros2_shared/share/ros2_shared/environment/ament_prefix_path.dsv
[0.269s] -- Up-to-date symlink: /home/guillermo/tello_ws/install/ros2_shared/share/ros2_shared/environment/path.sh
[0.269s] -- Up-to-date symlink: /home/guillermo/tello_ws/install/ros2_shared/share/ros2_shared/environment/path.dsv
[0.269s] -- Up-to-date symlink: /home/guillermo/tello_ws/install/ros2_shared/share/ros2_shared/local_setup.bash
[0.269s] -- Up-to-date symlink: /home/guillermo/tello_ws/install/ros2_shared/share/ros2_shared/local_setup.sh
[0.269s] -- Up-to-date symlink: /home/guillermo/tello_ws/install/ros2_shared/share/ros2_shared/local_setup.zsh
[0.269s] -- Up-to-date symlink: /home/guillermo/tello_ws/install/ros2_shared/share/ros2_shared/local_setup.dsv
[0.269s] -- Symlinking: /home/guillermo/tello_ws/install/ros2_shared/share/ros2_shared/package.dsv
[0.277s] -- Up-to-date symlink: /home/guillermo/tello_ws/install/ros2_shared/share/ament_index/resource_index/packages/ros2_shared
[0.277s] -- Up-to-date symlink: /home/guillermo/tello_ws/install/ros2_shared/share/ros2_shared/cmake/ament_cmake_export_include_directories-extras.cmake
[0.278s] -- Up-to-date symlink: /home/guillermo/tello_ws/install/ros2_shared/share/ros2_shared/cmake/ros2_sharedConfig.cmake
[0.278s] -- Up-to-date symlink: /home/guillermo/tello_ws/install/ros2_shared/share/ros2_shared/cmake/ros2_sharedConfig-version.cmake
[0.278s] -- Up-to-date symlink: /home/guillermo/tello_ws/install/ros2_shared/share/ros2_shared/package.xml
[0.279s] Invoked command in '/home/guillermo/tello_ws/build/ros2_shared' returned '0': CMAKE_PREFIX_PATH=${CMAKE_PREFIX_PATH}:/opt/ros/humble /usr/bin/cmake --install /home/guillermo/tello_ws/build/ros2_shared
