-- Found ament_cmake: 1.3.3 (/opt/ros/humble/share/ament_cmake/cmake)
-- Override CMake install command with custom implementation using symlinks instead of copying resources
-- creating rules for /home/guillermo/tello_ws/build/tello_description/urdf/tello.urdf
-- creating rules for /home/guillermo/tello_ws/build/tello_description/urdf/tello_1.urdf
-- creating rules for /home/guillermo/tello_ws/build/tello_description/urdf/tello_2.urdf
-- creating rules for /home/guillermo/tello_ws/build/tello_description/urdf/tello_3.urdf
-- creating rules for /home/guillermo/tello_ws/build/tello_description/urdf/tello_4.urdf
-- creating rules for /home/guillermo/tello_ws/build/tello_description/urdf/tello_5.urdf
-- creating rules for /home/guillermo/tello_ws/build/tello_description/urdf/tello_6.urdf
-- creating rules for /home/guillermo/tello_ws/build/tello_description/urdf/tello_7.urdf
-- creating rules for /home/guillermo/tello_ws/build/tello_description/urdf/tello_8.urdf
-- Configuring done
-- Generating done
-- Build files have been written to: /home/guillermo/tello_ws/build/tello_description
[ 44%] [34m[1mGenerate /home/guillermo/tello_ws/build/tello_description/urdf/tello_1.urdf[0m
[ 44%] [34m[1mGenerate /home/guillermo/tello_ws/build/tello_description/urdf/tello_2.urdf[0m
[ 44%] [34m[1mGenerate /home/guillermo/tello_ws/build/tello_description/urdf/tello.urdf[0m
[ 44%] [34m[1mGenerate /home/guillermo/tello_ws/build/tello_description/urdf/tello_3.urdf[0m
[ 55%] [34m[1mGenerate /home/guillermo/tello_ws/build/tello_description/urdf/tello_5.urdf[0m
[ 66%] [34m[1mGenerate /home/guillermo/tello_ws/build/tello_description/urdf/tello_8.urdf[0m
[ 77%] [34m[1mGenerate /home/guillermo/tello_ws/build/tello_description/urdf/tello_7.urdf[0m
[ 88%] [34m[1mGenerate /home/guillermo/tello_ws/build/tello_description/urdf/tello_6.urdf[0m
[100%] [34m[1mGenerate /home/guillermo/tello_ws/build/tello_description/urdf/tello_4.urdf[0m
