running develop
running egg_info
creating tello_simple_teleop.egg-info
writing tello_simple_teleop.egg-info/PKG-INFO
writing dependency_links to tello_simple_teleop.egg-info/dependency_links.txt
writing entry points to tello_simple_teleop.egg-info/entry_points.txt
writing requirements to tello_simple_teleop.egg-info/requires.txt
writing top-level names to tello_simple_teleop.egg-info/top_level.txt
writing manifest file 'tello_simple_teleop.egg-info/SOURCES.txt'
reading manifest file 'tello_simple_teleop.egg-info/SOURCES.txt'
writing manifest file 'tello_simple_teleop.egg-info/SOURCES.txt'
running build_ext
Creating /home/guillermo/tello_ws/install/tello_simple_teleop/lib/python3.10/site-packages/tello-simple-teleop.egg-link (link to .)
Installing tello_simple_node script to /home/guillermo/tello_ws/install/tello_simple_teleop/lib/tello_simple_teleop

Installed /home/guillermo/tello_ws/build/tello_simple_teleop
running install_data
creating /home/guillermo/tello_ws/install/tello_simple_teleop/share/ament_index
creating /home/guillermo/tello_ws/install/tello_simple_teleop/share/ament_index/resource_index
creating /home/guillermo/tello_ws/install/tello_simple_teleop/share/ament_index/resource_index/packages
copying resource/tello_simple_teleop -> /home/guillermo/tello_ws/install/tello_simple_teleop/share/ament_index/resource_index/packages
copying package.xml -> /home/guillermo/tello_ws/install/tello_simple_teleop/share/tello_simple_teleop
