[0.610s] Invoking command in '/home/guillermo/tello_ws/build/tello_simple_teleop': PYTHONPATH=/home/guillermo/tello_ws/build/tello_simple_teleop/prefix_override:/home/guillermo/tello_ws/install/tello_simple_teleop/lib/python3.10/site-packages:${PYTHONPATH} /usr/bin/python3 setup.py develop --editable --build-directory /home/guillermo/tello_ws/build/tello_simple_teleop/build --no-deps install_data
[0.773s] running develop
[0.773s] /usr/lib/python3/dist-packages/setuptools/command/easy_install.py:158: EasyInstallDeprecationWarning: easy_install command is deprecated. Use build and pip and other standards-based tools.
[0.773s]   warnings.warn(
[0.773s] /usr/lib/python3/dist-packages/setuptools/command/install.py:34: SetuptoolsDeprecationWarning: setup.py install is deprecated. Use build and pip and other standards-based tools.
[0.773s]   warnings.warn(
[0.809s] /usr/lib/python3/dist-packages/pkg_resources/__init__.py:116: PkgResourcesDeprecationWarning: 1.16.0-unknown is an invalid version and will not be supported in a future release
[0.809s]   warnings.warn(
[0.809s] /usr/lib/python3/dist-packages/pkg_resources/__init__.py:116: PkgResourcesDeprecationWarning: 1.1build1 is an invalid version and will not be supported in a future release
[0.809s]   warnings.warn(
[0.809s] /usr/lib/python3/dist-packages/pkg_resources/__init__.py:116: PkgResourcesDeprecationWarning: 0.1.43ubuntu1 is an invalid version and will not be supported in a future release
[0.809s]   warnings.warn(
[0.874s] running egg_info
[0.874s] creating tello_simple_teleop.egg-info
[0.875s] writing tello_simple_teleop.egg-info/PKG-INFO
[0.875s] writing dependency_links to tello_simple_teleop.egg-info/dependency_links.txt
[0.875s] writing entry points to tello_simple_teleop.egg-info/entry_points.txt
[0.875s] writing requirements to tello_simple_teleop.egg-info/requires.txt
[0.876s] writing top-level names to tello_simple_teleop.egg-info/top_level.txt
[0.876s] writing manifest file 'tello_simple_teleop.egg-info/SOURCES.txt'
[0.876s] reading manifest file 'tello_simple_teleop.egg-info/SOURCES.txt'
[0.876s] writing manifest file 'tello_simple_teleop.egg-info/SOURCES.txt'
[0.876s] running build_ext
[0.877s] Creating /home/guillermo/tello_ws/install/tello_simple_teleop/lib/python3.10/site-packages/tello-simple-teleop.egg-link (link to .)
[0.877s] Installing tello_simple_node script to /home/guillermo/tello_ws/install/tello_simple_teleop/lib/tello_simple_teleop
[0.877s] 
[0.877s] Installed /home/guillermo/tello_ws/build/tello_simple_teleop
[0.877s] running install_data
[0.877s] creating /home/guillermo/tello_ws/install/tello_simple_teleop/share/ament_index
[0.877s] creating /home/guillermo/tello_ws/install/tello_simple_teleop/share/ament_index/resource_index
[0.877s] creating /home/guillermo/tello_ws/install/tello_simple_teleop/share/ament_index/resource_index/packages
[0.877s] copying resource/tello_simple_teleop -> /home/guillermo/tello_ws/install/tello_simple_teleop/share/ament_index/resource_index/packages
[0.877s] copying package.xml -> /home/guillermo/tello_ws/install/tello_simple_teleop/share/tello_simple_teleop
[0.898s] Invoked command in '/home/guillermo/tello_ws/build/tello_simple_teleop' returned '0': PYTHONPATH=/home/guillermo/tello_ws/build/tello_simple_teleop/prefix_override:/home/guillermo/tello_ws/install/tello_simple_teleop/lib/python3.10/site-packages:${PYTHONPATH} /usr/bin/python3 setup.py develop --editable --build-directory /home/guillermo/tello_ws/build/tello_simple_teleop/build --no-deps install_data
