[0.028s] Invoking command in '/home/guillermo/tello_ws/build/tello_msgs': CMAKE_PREFIX_PATH=${CMAKE_PREFIX_PATH}:/opt/ros/humble /usr/bin/cmake --build /home/guillermo/tello_ws/build/tello_msgs -- -j20 -l20
[0.063s] [  2%] Built target tello_msgs__cpp
[0.063s] [ 12%] Built target tello_msgs__rosidl_generator_c
[0.068s] [ 12%] Built target ament_cmake_python_symlink_tello_msgs
[0.078s] [ 23%] Built target tello_msgs__rosidl_typesupport_cpp
[0.078s] [ 34%] Built target tello_msgs__rosidl_typesupport_fastrtps_cpp
[0.079s] [ 44%] Built target tello_msgs__rosidl_typesupport_fastrtps_c
[0.082s] [ 55%] Built target tello_msgs__rosidl_typesupport_c
[0.083s] [ 65%] Built target tello_msgs__rosidl_typesupport_introspection_c
[0.084s] [ 76%] Built target tello_msgs__rosidl_typesupport_introspection_cpp
[0.101s] [ 76%] Built target tello_msgs
[0.115s] [ 78%] Built target tello_msgs__py
[0.133s] [ 87%] Built target tello_msgs__rosidl_generator_py
[0.152s] [ 95%] Built target tello_msgs__rosidl_typesupport_c__pyext
[0.152s] [ 95%] Built target tello_msgs__rosidl_typesupport_introspection_c__pyext
[0.152s] [100%] Built target tello_msgs__rosidl_typesupport_fastrtps_c__pyext
[0.228s] running egg_info
[0.229s] writing tello_msgs.egg-info/PKG-INFO
[0.229s] writing dependency_links to tello_msgs.egg-info/dependency_links.txt
[0.229s] writing top-level names to tello_msgs.egg-info/top_level.txt
[0.231s] reading manifest file 'tello_msgs.egg-info/SOURCES.txt'
[0.232s] writing manifest file 'tello_msgs.egg-info/SOURCES.txt'
[0.250s] [100%] Built target ament_cmake_python_build_tello_msgs_egg
[0.258s] Invoked command in '/home/guillermo/tello_ws/build/tello_msgs' returned '0': CMAKE_PREFIX_PATH=${CMAKE_PREFIX_PATH}:/opt/ros/humble /usr/bin/cmake --build /home/guillermo/tello_ws/build/tello_msgs -- -j20 -l20
