[0.385s] DEBUG:colcon:Command line arguments: ['/usr/bin/colcon', 'list', '-p', '--base-paths', '/home/guillermo/tello_ws']
[0.385s] DEBUG:colcon:Parsed command line arguments: Namespace(log_base=None, log_level=None, verb_name='list', build_base='build', ignore_user_meta=False, metas=['./colcon.meta'], base_paths=['/home/guillermo/tello_ws'], packages_ignore=None, packages_ignore_regex=None, paths=None, packages_up_to=None, packages_up_to_regex=None, packages_above=None, packages_above_and_dependencies=None, packages_above_depth=None, packages_select_by_dep=None, packages_skip_by_dep=None, packages_skip_up_to=None, packages_select_build_failed=False, packages_skip_build_finished=False, packages_select_test_failures=False, packages_skip_test_passed=False, packages_select=None, packages_skip=None, packages_select_regex=None, packages_skip_regex=None, packages_start=None, packages_end=None, allow_overriding=[], topological_order=False, names_only=False, paths_only=True, topological_graph=False, topological_graph_dot=False, topological_graph_density=False, topological_graph_legend=False, topological_graph_dot_cluster=False, topological_graph_dot_include_skipped=False, verb_parser=<colcon_defaults.argument_parser.defaults.DefaultArgumentsDecorator object at 0x7fb92d5f0130>, verb_extension=<colcon_package_information.verb.list.ListVerb object at 0x7fb92d8e9cf0>, main=<bound method ListVerb.main of <colcon_package_information.verb.list.ListVerb object at 0x7fb92d8e9cf0>>)
[0.430s] Level 1:colcon.colcon_core.package_discovery:discover_packages(colcon_meta) check parameters
[0.430s] Level 1:colcon.colcon_core.package_discovery:discover_packages(recursive) check parameters
[0.430s] Level 1:colcon.colcon_core.package_discovery:discover_packages(ignore) check parameters
[0.430s] Level 1:colcon.colcon_core.package_discovery:discover_packages(path) check parameters
[0.430s] Level 1:colcon.colcon_core.package_discovery:discover_packages(recursive) discover
[0.430s] INFO:colcon.colcon_core.package_discovery:Crawling recursively for packages in '/home/guillermo/tello_ws'
[0.431s] Level 1:colcon.colcon_core.package_identification:_identify(/home/guillermo/tello_ws) by extensions ['ignore', 'ignore_ament_install']
[0.431s] Level 1:colcon.colcon_core.package_identification:_identify(/home/guillermo/tello_ws) by extension 'ignore'
[0.431s] Level 1:colcon.colcon_core.package_identification:_identify(/home/guillermo/tello_ws) by extension 'ignore_ament_install'
[0.431s] Level 1:colcon.colcon_core.package_identification:_identify(/home/guillermo/tello_ws) by extensions ['colcon_pkg']
[0.431s] Level 1:colcon.colcon_core.package_identification:_identify(/home/guillermo/tello_ws) by extension 'colcon_pkg'
[0.431s] Level 1:colcon.colcon_core.package_identification:_identify(/home/guillermo/tello_ws) by extensions ['colcon_meta']
[0.431s] Level 1:colcon.colcon_core.package_identification:_identify(/home/guillermo/tello_ws) by extension 'colcon_meta'
[0.431s] Level 1:colcon.colcon_core.package_identification:_identify(/home/guillermo/tello_ws) by extensions ['ros']
[0.431s] Level 1:colcon.colcon_core.package_identification:_identify(/home/guillermo/tello_ws) by extension 'ros'
[0.442s] Level 1:colcon.colcon_core.package_identification:_identify(/home/guillermo/tello_ws) by extensions ['cmake', 'python']
[0.442s] Level 1:colcon.colcon_core.package_identification:_identify(/home/guillermo/tello_ws) by extension 'cmake'
[0.442s] Level 1:colcon.colcon_core.package_identification:_identify(/home/guillermo/tello_ws) by extension 'python'
[0.442s] Level 1:colcon.colcon_core.package_identification:_identify(/home/guillermo/tello_ws) by extensions ['python_setup_py']
[0.442s] Level 1:colcon.colcon_core.package_identification:_identify(/home/guillermo/tello_ws) by extension 'python_setup_py'
[0.442s] Level 1:colcon.colcon_core.package_identification:_identify(/home/guillermo/tello_ws/build) by extensions ['ignore', 'ignore_ament_install']
[0.442s] Level 1:colcon.colcon_core.package_identification:_identify(/home/guillermo/tello_ws/build) by extension 'ignore'
[0.442s] Level 1:colcon.colcon_core.package_identification:_identify(/home/guillermo/tello_ws/build) ignored
[0.443s] Level 1:colcon.colcon_core.package_identification:_identify(/home/guillermo/tello_ws/install) by extensions ['ignore', 'ignore_ament_install']
[0.443s] Level 1:colcon.colcon_core.package_identification:_identify(/home/guillermo/tello_ws/install) by extension 'ignore'
[0.443s] Level 1:colcon.colcon_core.package_identification:_identify(/home/guillermo/tello_ws/install) ignored
[0.443s] Level 1:colcon.colcon_core.package_identification:_identify(/home/guillermo/tello_ws/log) by extensions ['ignore', 'ignore_ament_install']
[0.443s] Level 1:colcon.colcon_core.package_identification:_identify(/home/guillermo/tello_ws/log) by extension 'ignore'
[0.443s] Level 1:colcon.colcon_core.package_identification:_identify(/home/guillermo/tello_ws/log) ignored
[0.443s] Level 1:colcon.colcon_core.package_identification:_identify(/home/guillermo/tello_ws/src) by extensions ['ignore', 'ignore_ament_install']
[0.443s] Level 1:colcon.colcon_core.package_identification:_identify(/home/guillermo/tello_ws/src) by extension 'ignore'
[0.443s] Level 1:colcon.colcon_core.package_identification:_identify(/home/guillermo/tello_ws/src) by extension 'ignore_ament_install'
[0.443s] Level 1:colcon.colcon_core.package_identification:_identify(/home/guillermo/tello_ws/src) by extensions ['colcon_pkg']
[0.443s] Level 1:colcon.colcon_core.package_identification:_identify(/home/guillermo/tello_ws/src) by extension 'colcon_pkg'
[0.443s] Level 1:colcon.colcon_core.package_identification:_identify(/home/guillermo/tello_ws/src) by extensions ['colcon_meta']
[0.443s] Level 1:colcon.colcon_core.package_identification:_identify(/home/guillermo/tello_ws/src) by extension 'colcon_meta'
[0.443s] Level 1:colcon.colcon_core.package_identification:_identify(/home/guillermo/tello_ws/src) by extensions ['ros']
[0.443s] Level 1:colcon.colcon_core.package_identification:_identify(/home/guillermo/tello_ws/src) by extension 'ros'
[0.443s] Level 1:colcon.colcon_core.package_identification:_identify(/home/guillermo/tello_ws/src) by extensions ['cmake', 'python']
[0.443s] Level 1:colcon.colcon_core.package_identification:_identify(/home/guillermo/tello_ws/src) by extension 'cmake'
[0.443s] Level 1:colcon.colcon_core.package_identification:_identify(/home/guillermo/tello_ws/src) by extension 'python'
[0.443s] Level 1:colcon.colcon_core.package_identification:_identify(/home/guillermo/tello_ws/src) by extensions ['python_setup_py']
[0.443s] Level 1:colcon.colcon_core.package_identification:_identify(/home/guillermo/tello_ws/src) by extension 'python_setup_py'
[0.443s] Level 1:colcon.colcon_core.package_identification:_identify(/home/guillermo/tello_ws/src/ros2_shared) by extensions ['ignore', 'ignore_ament_install']
[0.444s] Level 1:colcon.colcon_core.package_identification:_identify(/home/guillermo/tello_ws/src/ros2_shared) by extension 'ignore'
[0.444s] Level 1:colcon.colcon_core.package_identification:_identify(/home/guillermo/tello_ws/src/ros2_shared) by extension 'ignore_ament_install'
[0.444s] Level 1:colcon.colcon_core.package_identification:_identify(/home/guillermo/tello_ws/src/ros2_shared) by extensions ['colcon_pkg']
[0.444s] Level 1:colcon.colcon_core.package_identification:_identify(/home/guillermo/tello_ws/src/ros2_shared) by extension 'colcon_pkg'
[0.444s] Level 1:colcon.colcon_core.package_identification:_identify(/home/guillermo/tello_ws/src/ros2_shared) by extensions ['colcon_meta']
[0.444s] Level 1:colcon.colcon_core.package_identification:_identify(/home/guillermo/tello_ws/src/ros2_shared) by extension 'colcon_meta'
[0.444s] Level 1:colcon.colcon_core.package_identification:_identify(/home/guillermo/tello_ws/src/ros2_shared) by extensions ['ros']
[0.444s] Level 1:colcon.colcon_core.package_identification:_identify(/home/guillermo/tello_ws/src/ros2_shared) by extension 'ros'
[0.447s] DEBUG:colcon.colcon_core.package_identification:Package '/home/guillermo/tello_ws/src/ros2_shared' with type 'ros.ament_cmake' and name 'ros2_shared'
[0.447s] Level 1:colcon.colcon_core.package_identification:_identify(/home/guillermo/tello_ws/src/tello_camera) by extensions ['ignore', 'ignore_ament_install']
[0.447s] Level 1:colcon.colcon_core.package_identification:_identify(/home/guillermo/tello_ws/src/tello_camera) by extension 'ignore'
[0.447s] Level 1:colcon.colcon_core.package_identification:_identify(/home/guillermo/tello_ws/src/tello_camera) by extension 'ignore_ament_install'
[0.448s] Level 1:colcon.colcon_core.package_identification:_identify(/home/guillermo/tello_ws/src/tello_camera) by extensions ['colcon_pkg']
[0.448s] Level 1:colcon.colcon_core.package_identification:_identify(/home/guillermo/tello_ws/src/tello_camera) by extension 'colcon_pkg'
[0.448s] Level 1:colcon.colcon_core.package_identification:_identify(/home/guillermo/tello_ws/src/tello_camera) by extensions ['colcon_meta']
[0.448s] Level 1:colcon.colcon_core.package_identification:_identify(/home/guillermo/tello_ws/src/tello_camera) by extension 'colcon_meta'
[0.448s] Level 1:colcon.colcon_core.package_identification:_identify(/home/guillermo/tello_ws/src/tello_camera) by extensions ['ros']
[0.448s] Level 1:colcon.colcon_core.package_identification:_identify(/home/guillermo/tello_ws/src/tello_camera) by extension 'ros'
[0.448s] DEBUG:colcon.colcon_core.package_identification:Package '/home/guillermo/tello_ws/src/tello_camera' with type 'ros.ament_python' and name 'tello_camera'
[0.448s] Level 1:colcon.colcon_core.package_identification:_identify(/home/guillermo/tello_ws/src/tello_ros) by extensions ['ignore', 'ignore_ament_install']
[0.448s] Level 1:colcon.colcon_core.package_identification:_identify(/home/guillermo/tello_ws/src/tello_ros) by extension 'ignore'
[0.448s] Level 1:colcon.colcon_core.package_identification:_identify(/home/guillermo/tello_ws/src/tello_ros) by extension 'ignore_ament_install'
[0.448s] Level 1:colcon.colcon_core.package_identification:_identify(/home/guillermo/tello_ws/src/tello_ros) by extensions ['colcon_pkg']
[0.448s] Level 1:colcon.colcon_core.package_identification:_identify(/home/guillermo/tello_ws/src/tello_ros) by extension 'colcon_pkg'
[0.448s] Level 1:colcon.colcon_core.package_identification:_identify(/home/guillermo/tello_ws/src/tello_ros) by extensions ['colcon_meta']
[0.448s] Level 1:colcon.colcon_core.package_identification:_identify(/home/guillermo/tello_ws/src/tello_ros) by extension 'colcon_meta'
[0.448s] Level 1:colcon.colcon_core.package_identification:_identify(/home/guillermo/tello_ws/src/tello_ros) by extensions ['ros']
[0.448s] Level 1:colcon.colcon_core.package_identification:_identify(/home/guillermo/tello_ws/src/tello_ros) by extension 'ros'
[0.448s] Level 1:colcon.colcon_core.package_identification:_identify(/home/guillermo/tello_ws/src/tello_ros) by extensions ['cmake', 'python']
[0.448s] Level 1:colcon.colcon_core.package_identification:_identify(/home/guillermo/tello_ws/src/tello_ros) by extension 'cmake'
[0.448s] Level 1:colcon.colcon_core.package_identification:_identify(/home/guillermo/tello_ws/src/tello_ros) by extension 'python'
[0.448s] Level 1:colcon.colcon_core.package_identification:_identify(/home/guillermo/tello_ws/src/tello_ros) by extensions ['python_setup_py']
[0.448s] Level 1:colcon.colcon_core.package_identification:_identify(/home/guillermo/tello_ws/src/tello_ros) by extension 'python_setup_py'
[0.449s] Level 1:colcon.colcon_core.package_identification:_identify(/home/guillermo/tello_ws/src/tello_ros/tello_description) by extensions ['ignore', 'ignore_ament_install']
[0.449s] Level 1:colcon.colcon_core.package_identification:_identify(/home/guillermo/tello_ws/src/tello_ros/tello_description) by extension 'ignore'
[0.449s] Level 1:colcon.colcon_core.package_identification:_identify(/home/guillermo/tello_ws/src/tello_ros/tello_description) by extension 'ignore_ament_install'
[0.449s] Level 1:colcon.colcon_core.package_identification:_identify(/home/guillermo/tello_ws/src/tello_ros/tello_description) by extensions ['colcon_pkg']
[0.449s] Level 1:colcon.colcon_core.package_identification:_identify(/home/guillermo/tello_ws/src/tello_ros/tello_description) by extension 'colcon_pkg'
[0.449s] Level 1:colcon.colcon_core.package_identification:_identify(/home/guillermo/tello_ws/src/tello_ros/tello_description) by extensions ['colcon_meta']
[0.449s] Level 1:colcon.colcon_core.package_identification:_identify(/home/guillermo/tello_ws/src/tello_ros/tello_description) by extension 'colcon_meta'
[0.449s] Level 1:colcon.colcon_core.package_identification:_identify(/home/guillermo/tello_ws/src/tello_ros/tello_description) by extensions ['ros']
[0.449s] Level 1:colcon.colcon_core.package_identification:_identify(/home/guillermo/tello_ws/src/tello_ros/tello_description) by extension 'ros'
[0.449s] DEBUG:colcon.colcon_core.package_identification:Package '/home/guillermo/tello_ws/src/tello_ros/tello_description' with type 'ros.ament_cmake' and name 'tello_description'
[0.449s] Level 1:colcon.colcon_core.package_identification:_identify(/home/guillermo/tello_ws/src/tello_ros/tello_driver) by extensions ['ignore', 'ignore_ament_install']
[0.450s] Level 1:colcon.colcon_core.package_identification:_identify(/home/guillermo/tello_ws/src/tello_ros/tello_driver) by extension 'ignore'
[0.450s] Level 1:colcon.colcon_core.package_identification:_identify(/home/guillermo/tello_ws/src/tello_ros/tello_driver) by extension 'ignore_ament_install'
[0.450s] Level 1:colcon.colcon_core.package_identification:_identify(/home/guillermo/tello_ws/src/tello_ros/tello_driver) by extensions ['colcon_pkg']
[0.450s] Level 1:colcon.colcon_core.package_identification:_identify(/home/guillermo/tello_ws/src/tello_ros/tello_driver) by extension 'colcon_pkg'
[0.450s] Level 1:colcon.colcon_core.package_identification:_identify(/home/guillermo/tello_ws/src/tello_ros/tello_driver) by extensions ['colcon_meta']
[0.450s] Level 1:colcon.colcon_core.package_identification:_identify(/home/guillermo/tello_ws/src/tello_ros/tello_driver) by extension 'colcon_meta'
[0.450s] Level 1:colcon.colcon_core.package_identification:_identify(/home/guillermo/tello_ws/src/tello_ros/tello_driver) by extensions ['ros']
[0.450s] Level 1:colcon.colcon_core.package_identification:_identify(/home/guillermo/tello_ws/src/tello_ros/tello_driver) by extension 'ros'
[0.451s] DEBUG:colcon.colcon_core.package_identification:Package '/home/guillermo/tello_ws/src/tello_ros/tello_driver' with type 'ros.ament_cmake' and name 'tello_driver'
[0.451s] Level 1:colcon.colcon_core.package_identification:_identify(/home/guillermo/tello_ws/src/tello_ros/tello_gazebo) by extensions ['ignore', 'ignore_ament_install']
[0.451s] Level 1:colcon.colcon_core.package_identification:_identify(/home/guillermo/tello_ws/src/tello_ros/tello_gazebo) by extension 'ignore'
[0.451s] Level 1:colcon.colcon_core.package_identification:_identify(/home/guillermo/tello_ws/src/tello_ros/tello_gazebo) by extension 'ignore_ament_install'
[0.451s] Level 1:colcon.colcon_core.package_identification:_identify(/home/guillermo/tello_ws/src/tello_ros/tello_gazebo) by extensions ['colcon_pkg']
[0.451s] Level 1:colcon.colcon_core.package_identification:_identify(/home/guillermo/tello_ws/src/tello_ros/tello_gazebo) by extension 'colcon_pkg'
[0.451s] Level 1:colcon.colcon_core.package_identification:_identify(/home/guillermo/tello_ws/src/tello_ros/tello_gazebo) by extensions ['colcon_meta']
[0.451s] Level 1:colcon.colcon_core.package_identification:_identify(/home/guillermo/tello_ws/src/tello_ros/tello_gazebo) by extension 'colcon_meta'
[0.451s] Level 1:colcon.colcon_core.package_identification:_identify(/home/guillermo/tello_ws/src/tello_ros/tello_gazebo) by extensions ['ros']
[0.451s] Level 1:colcon.colcon_core.package_identification:_identify(/home/guillermo/tello_ws/src/tello_ros/tello_gazebo) by extension 'ros'
[0.452s] DEBUG:colcon.colcon_core.package_identification:Package '/home/guillermo/tello_ws/src/tello_ros/tello_gazebo' with type 'ros.ament_cmake' and name 'tello_gazebo'
[0.452s] Level 1:colcon.colcon_core.package_identification:_identify(/home/guillermo/tello_ws/src/tello_ros/tello_msgs) by extensions ['ignore', 'ignore_ament_install']
[0.452s] Level 1:colcon.colcon_core.package_identification:_identify(/home/guillermo/tello_ws/src/tello_ros/tello_msgs) by extension 'ignore'
[0.452s] Level 1:colcon.colcon_core.package_identification:_identify(/home/guillermo/tello_ws/src/tello_ros/tello_msgs) by extension 'ignore_ament_install'
[0.452s] Level 1:colcon.colcon_core.package_identification:_identify(/home/guillermo/tello_ws/src/tello_ros/tello_msgs) by extensions ['colcon_pkg']
[0.452s] Level 1:colcon.colcon_core.package_identification:_identify(/home/guillermo/tello_ws/src/tello_ros/tello_msgs) by extension 'colcon_pkg'
[0.452s] Level 1:colcon.colcon_core.package_identification:_identify(/home/guillermo/tello_ws/src/tello_ros/tello_msgs) by extensions ['colcon_meta']
[0.452s] Level 1:colcon.colcon_core.package_identification:_identify(/home/guillermo/tello_ws/src/tello_ros/tello_msgs) by extension 'colcon_meta'
[0.452s] Level 1:colcon.colcon_core.package_identification:_identify(/home/guillermo/tello_ws/src/tello_ros/tello_msgs) by extensions ['ros']
[0.452s] Level 1:colcon.colcon_core.package_identification:_identify(/home/guillermo/tello_ws/src/tello_ros/tello_msgs) by extension 'ros'
[0.453s] DEBUG:colcon.colcon_core.package_identification:Package '/home/guillermo/tello_ws/src/tello_ros/tello_msgs' with type 'ros.ament_cmake' and name 'tello_msgs'
[0.453s] Level 1:colcon.colcon_core.package_discovery:discover_packages(recursive) using defaults
