[0.037s] Invoking command in '/home/guillermo/tello_ws/build/ros2_shared': CMAKE_PREFIX_PATH=${CMAKE_PREFIX_PATH}:/opt/ros/humble /usr/bin/cmake /home/guillermo/tello_ws/src/ros2_shared -DAMENT_CMAKE_SYMLINK_INSTALL=1 -DCMAKE_INSTALL_PREFIX=/home/guillermo/tello_ws/install/ros2_shared
[0.151s] -- The C compiler identification is GNU 11.3.0
[0.216s] -- The CXX compiler identification is GNU 11.3.0
[0.225s] -- Detecting C compiler ABI info
[0.276s] -- Detecting C compiler ABI info - done
[0.283s] -- Check for working C compiler: /usr/bin/cc - skipped
[0.284s] -- Detecting C compile features
[0.284s] -- Detecting C compile features - done
[0.287s] -- Detecting CXX compiler ABI info
[0.338s] -- Detecting CXX compiler ABI info - done
[0.343s] -- Check for working CXX compiler: /usr/bin/c++ - skipped
[0.343s] -- Detecting CXX compile features
[0.343s] -- Detecting CXX compile features - done
[0.352s] -- Found ament_cmake: 1.3.3 (/opt/ros/humble/share/ament_cmake/cmake)
[0.483s] -- Found Python3: /usr/bin/python3.10 (found version "3.10.6") found components: Interpreter 
[0.531s] -- Override CMake install command with custom implementation using symlinks instead of copying resources
[0.638s] -- Configuring done
[0.639s] -- Generating done
[0.640s] -- Build files have been written to: /home/guillermo/tello_ws/build/ros2_shared
[0.643s] Invoked command in '/home/guillermo/tello_ws/build/ros2_shared' returned '0': CMAKE_PREFIX_PATH=${CMAKE_PREFIX_PATH}:/opt/ros/humble /usr/bin/cmake /home/guillermo/tello_ws/src/ros2_shared -DAMENT_CMAKE_SYMLINK_INSTALL=1 -DCMAKE_INSTALL_PREFIX=/home/guillermo/tello_ws/install/ros2_shared
[0.645s] Invoking command in '/home/guillermo/tello_ws/build/ros2_shared': CMAKE_PREFIX_PATH=${CMAKE_PREFIX_PATH}:/opt/ros/humble /usr/bin/cmake --build /home/guillermo/tello_ws/build/ros2_shared -- -j20 -l20
[0.673s] Invoked command in '/home/guillermo/tello_ws/build/ros2_shared' returned '0': CMAKE_PREFIX_PATH=${CMAKE_PREFIX_PATH}:/opt/ros/humble /usr/bin/cmake --build /home/guillermo/tello_ws/build/ros2_shared -- -j20 -l20
[0.698s] Invoking command in '/home/guillermo/tello_ws/build/ros2_shared': CMAKE_PREFIX_PATH=${CMAKE_PREFIX_PATH}:/opt/ros/humble /usr/bin/cmake --install /home/guillermo/tello_ws/build/ros2_shared
[0.702s] -- Install configuration: ""
[0.703s] -- Execute custom install script
[0.703s] -- Symlinking: /home/guillermo/tello_ws/install/ros2_shared/include/ros2_shared/context_macros.hpp
[0.709s] -- Symlinking: /home/guillermo/tello_ws/install/ros2_shared/include/ros2_shared/param_macros.hpp
[0.718s] -- Symlinking: /home/guillermo/tello_ws/install/ros2_shared/include/ros2_shared/string_printf.hpp
[0.720s] -- Symlinking: /home/guillermo/tello_ws/install/ros2_shared/share/ament_index/resource_index/package_run_dependencies/ros2_shared
[0.728s] -- Symlinking: /home/guillermo/tello_ws/install/ros2_shared/share/ament_index/resource_index/parent_prefix_path/ros2_shared
[0.733s] -- Symlinking: /home/guillermo/tello_ws/install/ros2_shared/share/ros2_shared/environment/ament_prefix_path.sh
[0.738s] -- Symlinking: /home/guillermo/tello_ws/install/ros2_shared/share/ros2_shared/environment/ament_prefix_path.dsv
[0.744s] -- Symlinking: /home/guillermo/tello_ws/install/ros2_shared/share/ros2_shared/environment/path.sh
[0.750s] -- Symlinking: /home/guillermo/tello_ws/install/ros2_shared/share/ros2_shared/environment/path.dsv
[0.755s] -- Symlinking: /home/guillermo/tello_ws/install/ros2_shared/share/ros2_shared/local_setup.bash
[0.761s] -- Symlinking: /home/guillermo/tello_ws/install/ros2_shared/share/ros2_shared/local_setup.sh
[0.767s] -- Symlinking: /home/guillermo/tello_ws/install/ros2_shared/share/ros2_shared/local_setup.zsh
[0.773s] -- Symlinking: /home/guillermo/tello_ws/install/ros2_shared/share/ros2_shared/local_setup.dsv
[0.779s] -- Symlinking: /home/guillermo/tello_ws/install/ros2_shared/share/ros2_shared/package.dsv
[0.784s] -- Symlinking: /home/guillermo/tello_ws/install/ros2_shared/share/ament_index/resource_index/packages/ros2_shared
[0.789s] -- Symlinking: /home/guillermo/tello_ws/install/ros2_shared/share/ros2_shared/cmake/ament_cmake_export_include_directories-extras.cmake
[0.795s] -- Symlinking: /home/guillermo/tello_ws/install/ros2_shared/share/ros2_shared/cmake/ros2_sharedConfig.cmake
[0.800s] -- Symlinking: /home/guillermo/tello_ws/install/ros2_shared/share/ros2_shared/cmake/ros2_sharedConfig-version.cmake
[0.806s] -- Symlinking: /home/guillermo/tello_ws/install/ros2_shared/share/ros2_shared/package.xml
