[0.748s] Invoking command in '/home/guillermo/tfg/2022-tfg-guillermo-bernal/tello/tello_ws/build/tello_camera': PYTHONPATH=/home/guillermo/tfg/2022-tfg-guillermo-bernal/tello/tello_ws/build/tello_camera/prefix_override:/home/guillermo/tfg/2022-tfg-guillermo-bernal/tello/tello_ws/install/tello_camera/lib/python3.10/site-packages:${PYTHONPATH} /usr/bin/python3 setup.py develop --editable --build-directory /home/guillermo/tfg/2022-tfg-guillermo-bernal/tello/tello_ws/build/tello_camera/build --no-deps install_data
[0.915s] running develop
[0.915s] /usr/lib/python3/dist-packages/setuptools/command/easy_install.py:158: EasyInstallDeprecationWarning: easy_install command is deprecated. Use build and pip and other standards-based tools.
[0.915s]   warnings.warn(
[0.917s] /usr/lib/python3/dist-packages/setuptools/command/install.py:34: SetuptoolsDeprecationWarning: setup.py install is deprecated. Use build and pip and other standards-based tools.
[0.917s]   warnings.warn(
[0.958s] /usr/lib/python3/dist-packages/pkg_resources/__init__.py:116: PkgResourcesDeprecationWarning: 1.16.0-unknown is an invalid version and will not be supported in a future release
[0.959s]   warnings.warn(
[0.959s] /usr/lib/python3/dist-packages/pkg_resources/__init__.py:116: PkgResourcesDeprecationWarning: 1.1build1 is an invalid version and will not be supported in a future release
[0.959s]   warnings.warn(
[0.959s] /usr/lib/python3/dist-packages/pkg_resources/__init__.py:116: PkgResourcesDeprecationWarning: 0.1.43ubuntu1 is an invalid version and will not be supported in a future release
[0.959s]   warnings.warn(
[1.027s] running egg_info
[1.027s] writing tello_camera.egg-info/PKG-INFO
[1.027s] writing dependency_links to tello_camera.egg-info/dependency_links.txt
[1.027s] writing entry points to tello_camera.egg-info/entry_points.txt
[1.027s] writing requirements to tello_camera.egg-info/requires.txt
[1.027s] writing top-level names to tello_camera.egg-info/top_level.txt
[1.032s] reading manifest file 'tello_camera.egg-info/SOURCES.txt'
[1.033s] writing manifest file 'tello_camera.egg-info/SOURCES.txt'
[1.034s] running build_ext
[1.034s] Creating /home/guillermo/tfg/2022-tfg-guillermo-bernal/tello/tello_ws/install/tello_camera/lib/python3.10/site-packages/tello-camera.egg-link (link to .)
[1.035s] Installing tello_camera_node script to /home/guillermo/tfg/2022-tfg-guillermo-bernal/tello/tello_ws/install/tello_camera/lib/tello_camera
[1.035s] 
[1.035s] Installed /home/guillermo/tfg/2022-tfg-guillermo-bernal/tello/tello_ws/build/tello_camera
[1.035s] running install_data
[1.061s] Invoked command in '/home/guillermo/tfg/2022-tfg-guillermo-bernal/tello/tello_ws/build/tello_camera' returned '0': PYTHONPATH=/home/guillermo/tfg/2022-tfg-guillermo-bernal/tello/tello_ws/build/tello_camera/prefix_override:/home/guillermo/tfg/2022-tfg-guillermo-bernal/tello/tello_ws/install/tello_camera/lib/python3.10/site-packages:${PYTHONPATH} /usr/bin/python3 setup.py develop --editable --build-directory /home/guillermo/tfg/2022-tfg-guillermo-bernal/tello/tello_ws/build/tello_camera/build --no-deps install_data
