[0.739s] Invoking command in '/home/guillermo/tfg/2022-tfg-guillermo-bernal/tello/tello_ws/build/tello_simple_teleop': PYTHONPATH=/home/guillermo/tfg/2022-tfg-guillermo-bernal/tello/tello_ws/build/tello_simple_teleop/prefix_override:/home/guillermo/tfg/2022-tfg-guillermo-bernal/tello/tello_ws/install/tello_simple_teleop/lib/python3.10/site-packages:${PYTHONPATH} /usr/bin/python3 setup.py develop --editable --build-directory /home/guillermo/tfg/2022-tfg-guillermo-bernal/tello/tello_ws/build/tello_simple_teleop/build --no-deps install_data
[0.905s] running develop
[0.905s] /usr/lib/python3/dist-packages/setuptools/command/easy_install.py:158: EasyInstallDeprecationWarning: easy_install command is deprecated. Use build and pip and other standards-based tools.
[0.905s]   warnings.warn(
[0.906s] /usr/lib/python3/dist-packages/setuptools/command/install.py:34: SetuptoolsDeprecationWarning: setup.py install is deprecated. Use build and pip and other standards-based tools.
[0.906s]   warnings.warn(
[0.947s] /usr/lib/python3/dist-packages/pkg_resources/__init__.py:116: PkgResourcesDeprecationWarning: 1.16.0-unknown is an invalid version and will not be supported in a future release
[0.947s]   warnings.warn(
[0.947s] /usr/lib/python3/dist-packages/pkg_resources/__init__.py:116: PkgResourcesDeprecationWarning: 1.1build1 is an invalid version and will not be supported in a future release
[0.947s]   warnings.warn(
[0.947s] /usr/lib/python3/dist-packages/pkg_resources/__init__.py:116: PkgResourcesDeprecationWarning: 0.1.43ubuntu1 is an invalid version and will not be supported in a future release
[0.947s]   warnings.warn(
[1.014s] running egg_info
[1.014s] writing tello_simple_teleop.egg-info/PKG-INFO
[1.014s] writing dependency_links to tello_simple_teleop.egg-info/dependency_links.txt
[1.015s] writing entry points to tello_simple_teleop.egg-info/entry_points.txt
[1.015s] writing requirements to tello_simple_teleop.egg-info/requires.txt
[1.015s] writing top-level names to tello_simple_teleop.egg-info/top_level.txt
[1.020s] reading manifest file 'tello_simple_teleop.egg-info/SOURCES.txt'
[1.021s] writing manifest file 'tello_simple_teleop.egg-info/SOURCES.txt'
[1.022s] running build_ext
[1.022s] Creating /home/guillermo/tfg/2022-tfg-guillermo-bernal/tello/tello_ws/install/tello_simple_teleop/lib/python3.10/site-packages/tello-simple-teleop.egg-link (link to .)
[1.023s] Installing tello_simple_node script to /home/guillermo/tfg/2022-tfg-guillermo-bernal/tello/tello_ws/install/tello_simple_teleop/lib/tello_simple_teleop
[1.023s] 
[1.023s] Installed /home/guillermo/tfg/2022-tfg-guillermo-bernal/tello/tello_ws/build/tello_simple_teleop
[1.023s] running install_data
[1.059s] Invoked command in '/home/guillermo/tfg/2022-tfg-guillermo-bernal/tello/tello_ws/build/tello_simple_teleop' returned '0': PYTHONPATH=/home/guillermo/tfg/2022-tfg-guillermo-bernal/tello/tello_ws/build/tello_simple_teleop/prefix_override:/home/guillermo/tfg/2022-tfg-guillermo-bernal/tello/tello_ws/install/tello_simple_teleop/lib/python3.10/site-packages:${PYTHONPATH} /usr/bin/python3 setup.py develop --editable --build-directory /home/guillermo/tfg/2022-tfg-guillermo-bernal/tello/tello_ws/build/tello_simple_teleop/build --no-deps install_data
