[0.027s] Invoking command in '/home/guillermo/tello_ws/build/tello_msgs': CMAKE_PREFIX_PATH=${CMAKE_PREFIX_PATH}:/opt/ros/humble /usr/bin/cmake --build /home/guillermo/tello_ws/build/tello_msgs -- -j20 -l20
[0.065s] [ 10%] Built target tello_msgs__rosidl_generator_c
[0.068s] [ 12%] Built target tello_msgs__cpp
[0.074s] [ 12%] Built target ament_cmake_python_symlink_tello_msgs
[0.085s] [ 23%] Built target tello_msgs__rosidl_typesupport_cpp
[0.086s] [ 34%] Built target tello_msgs__rosidl_typesupport_c
[0.087s] [ 44%] Built target tello_msgs__rosidl_typesupport_fastrtps_cpp
[0.087s] [ 55%] Built target tello_msgs__rosidl_typesupport_fastrtps_c
[0.090s] [ 76%] Built target tello_msgs__rosidl_typesupport_introspection_c
[0.090s] [ 76%] Built target tello_msgs__rosidl_typesupport_introspection_cpp
[0.106s] [ 76%] Built target tello_msgs
[0.121s] [ 78%] Built target tello_msgs__py
[0.139s] [ 87%] Built target tello_msgs__rosidl_generator_py
[0.156s] [100%] Built target tello_msgs__rosidl_typesupport_c__pyext
[0.156s] [100%] Built target tello_msgs__rosidl_typesupport_fastrtps_c__pyext
[0.156s] [100%] Built target tello_msgs__rosidl_typesupport_introspection_c__pyext
[0.234s] running egg_info
[0.235s] writing tello_msgs.egg-info/PKG-INFO
[0.235s] writing dependency_links to tello_msgs.egg-info/dependency_links.txt
[0.235s] writing top-level names to tello_msgs.egg-info/top_level.txt
[0.237s] reading manifest file 'tello_msgs.egg-info/SOURCES.txt'
[0.237s] writing manifest file 'tello_msgs.egg-info/SOURCES.txt'
[0.255s] [100%] Built target ament_cmake_python_build_tello_msgs_egg
