[0.465s] Invoking command in '/home/guillermo/tello_ws/build/tello_camera': PYTHONPATH=/home/guillermo/tello_ws/build/tello_camera/prefix_override:/home/guillermo/tello_ws/install/tello_camera/lib/python3.10/site-packages:${PYTHONPATH} /usr/bin/python3 setup.py develop --editable --build-directory /home/guillermo/tello_ws/build/tello_camera/build --no-deps install_data
[0.634s] running develop
[0.635s] /usr/lib/python3/dist-packages/setuptools/command/easy_install.py:158: EasyInstallDeprecationWarning: easy_install command is deprecated. Use build and pip and other standards-based tools.
[0.635s]   warnings.warn(
[0.636s] /usr/lib/python3/dist-packages/setuptools/command/install.py:34: SetuptoolsDeprecationWarning: setup.py install is deprecated. Use build and pip and other standards-based tools.
[0.637s]   warnings.warn(
[0.680s] /usr/lib/python3/dist-packages/pkg_resources/__init__.py:116: PkgResourcesDeprecationWarning: 1.16.0-unknown is an invalid version and will not be supported in a future release
[0.680s]   warnings.warn(
[0.680s] /usr/lib/python3/dist-packages/pkg_resources/__init__.py:116: PkgResourcesDeprecationWarning: 1.1build1 is an invalid version and will not be supported in a future release
[0.681s]   warnings.warn(
[0.681s] /usr/lib/python3/dist-packages/pkg_resources/__init__.py:116: PkgResourcesDeprecationWarning: 0.1.43ubuntu1 is an invalid version and will not be supported in a future release
[0.681s]   warnings.warn(
[0.750s] running egg_info
[0.750s] creating tello_camera.egg-info
[0.751s] writing tello_camera.egg-info/PKG-INFO
[0.751s] writing dependency_links to tello_camera.egg-info/dependency_links.txt
[0.751s] writing entry points to tello_camera.egg-info/entry_points.txt
[0.751s] writing requirements to tello_camera.egg-info/requires.txt
[0.751s] writing top-level names to tello_camera.egg-info/top_level.txt
[0.751s] writing manifest file 'tello_camera.egg-info/SOURCES.txt'
[0.751s] reading manifest file 'tello_camera.egg-info/SOURCES.txt'
[0.751s] writing manifest file 'tello_camera.egg-info/SOURCES.txt'
[0.752s] running build_ext
[0.752s] Creating /home/guillermo/tello_ws/install/tello_camera/lib/python3.10/site-packages/tello-camera.egg-link (link to .)
[0.753s] 
[0.753s] Installed /home/guillermo/tello_ws/build/tello_camera
[0.753s] running install_data
[0.753s] creating /home/guillermo/tello_ws/install/tello_camera/share/ament_index
[0.753s] creating /home/guillermo/tello_ws/install/tello_camera/share/ament_index/resource_index
[0.753s] creating /home/guillermo/tello_ws/install/tello_camera/share/ament_index/resource_index/packages
[0.753s] copying resource/tello_camera -> /home/guillermo/tello_ws/install/tello_camera/share/ament_index/resource_index/packages
[0.753s] copying package.xml -> /home/guillermo/tello_ws/install/tello_camera/share/tello_camera
[0.785s] Invoked command in '/home/guillermo/tello_ws/build/tello_camera' returned '0': PYTHONPATH=/home/guillermo/tello_ws/build/tello_camera/prefix_override:/home/guillermo/tello_ws/install/tello_camera/lib/python3.10/site-packages:${PYTHONPATH} /usr/bin/python3 setup.py develop --editable --build-directory /home/guillermo/tello_ws/build/tello_camera/build --no-deps install_data
