[0mCMake Error: The current CMakeCache.txt directory /home/guillermo/tfg/2022-tfg-guillermo-bernal/tello/tello_ws/build/tello_driver/CMakeCache.txt is different than the directory /home/guillermo/tello_ws/build/tello_driver where CMakeCache.txt was created. This may result in binaries being created in the wrong place. If you are not sure, reedit the CMakeCache.txt[0m
-- Found ament_cmake: 1.3.3 (/opt/ros/humble/share/ament_cmake/cmake)
-- Override CMake install command with custom implementation using symlinks instead of copying resources
-- Found camera_calibration_parsers: 3.1.5 (/opt/ros/humble/share/camera_calibration_parsers/cmake)
-- Found rosidl_generator_c: 3.1.4 (/opt/ros/humble/share/rosidl_generator_c/cmake)
-- Found rosidl_adapter: 3.1.4 (/opt/ros/humble/share/rosidl_adapter/cmake)
-- Found rosidl_generator_cpp: 3.1.4 (/opt/ros/humble/share/rosidl_generator_cpp/cmake)
-- Using all available rosidl_typesupport_c: rosidl_typesupport_fastrtps_c;rosidl_typesupport_introspection_c
-- Using all available rosidl_typesupport_cpp: rosidl_typesupport_fastrtps_cpp;rosidl_typesupport_introspection_cpp
-- Found rmw_implementation_cmake: 6.1.1 (/opt/ros/humble/share/rmw_implementation_cmake/cmake)
-- Found rmw_fastrtps_cpp: 6.2.2 (/opt/ros/humble/share/rmw_fastrtps_cpp/cmake)
-- Using RMW implementation 'rmw_fastrtps_cpp' as default
-- Found class_loader: 2.2.0 (/opt/ros/humble/share/class_loader/cmake)
-- Found cv_bridge: 3.2.1 (/opt/ros/humble/share/cv_bridge/cmake)
-- Found rclcpp_components: 16.0.2 (/opt/ros/humble/share/rclcpp_components/cmake)
-- Found ros2_shared: 0.1.0 (/home/guillermo/tello_ws/install/ros2_shared/share/ros2_shared/cmake)
-- Found tello_msgs: 0.1.0 (/home/guillermo/tello_ws/install/tello_msgs/share/tello_msgs/cmake)
-- Configuring done
-- Generating done
-- Build files have been written to: /home/guillermo/tello_ws/build/tello_driver
[35m[1mConsolidate compiler generated dependencies of target tello_emulator[0m
[35m[1mConsolidate compiler generated dependencies of target tello_joy_node[0m
[35m[1mConsolidate compiler generated dependencies of target tello_joy_main[0m
[  9%] Built target tello_emulator
[35m[1mConsolidate compiler generated dependencies of target tello_driver_node[0m
[35m[1mConsolidate compiler generated dependencies of target tello_driver_main[0m
[ 18%] Built target tello_joy_node
[ 31%] Built target tello_joy_main
[ 36%] [32mBuilding CXX object CMakeFiles/tello_driver_main.dir/src/video_socket.cpp.o[0m
[ 40%] [32mBuilding CXX object CMakeFiles/tello_driver_node.dir/src/video_socket.cpp.o[0m
[ 45%] [32m[1mLinking CXX shared library libtello_driver_node.so[0m
[ 50%] [32m[1mLinking CXX executable tello_driver_main[0m
[ 72%] Built target tello_driver_node
[100%] Built target tello_driver_main
-- Install configuration: ""
-- Execute custom install script
-- Up-to-date symlink: /home/guillermo/tello_ws/install/tello_driver/share/tello_driver/environment/library_path.sh
-- Up-to-date symlink: /home/guillermo/tello_ws/install/tello_driver/share/tello_driver/environment/library_path.dsv
-- Up-to-date symlink: /home/guillermo/tello_ws/install/tello_driver/lib/libtello_driver_node.so
-- Up-to-date symlink: /home/guillermo/tello_ws/install/tello_driver/lib/libtello_joy_node.so
-- Up-to-date symlink: /home/guillermo/tello_ws/install/tello_driver/lib/tello_driver/tello_driver_main
-- Up-to-date symlink: /home/guillermo/tello_ws/install/tello_driver/lib/tello_driver/tello_joy_main
-- Up-to-date symlink: /home/guillermo/tello_ws/install/tello_driver/lib/tello_driver/tello_emulator
-- Up-to-date symlink: /home/guillermo/tello_ws/install/tello_driver/share/tello_driver/cfg/camera_info.yaml
-- Up-to-date symlink: /home/guillermo/tello_ws/install/tello_driver/share/tello_driver/launch/emulator_launch.py
-- Up-to-date symlink: /home/guillermo/tello_ws/install/tello_driver/share/tello_driver/launch/emulators_launch.py
-- Up-to-date symlink: /home/guillermo/tello_ws/install/tello_driver/share/tello_driver/launch/teleop_launch.py
-- Up-to-date symlink: /home/guillermo/tello_ws/install/tello_driver/share/ament_index/resource_index/package_run_dependencies/tello_driver
-- Up-to-date symlink: /home/guillermo/tello_ws/install/tello_driver/share/ament_index/resource_index/parent_prefix_path/tello_driver
-- Up-to-date symlink: /home/guillermo/tello_ws/install/tello_driver/share/tello_driver/environment/ament_prefix_path.sh
-- Up-to-date symlink: /home/guillermo/tello_ws/install/tello_driver/share/tello_driver/environment/ament_prefix_path.dsv
-- Up-to-date symlink: /home/guillermo/tello_ws/install/tello_driver/share/tello_driver/environment/path.sh
-- Up-to-date symlink: /home/guillermo/tello_ws/install/tello_driver/share/tello_driver/environment/path.dsv
-- Up-to-date symlink: /home/guillermo/tello_ws/install/tello_driver/share/tello_driver/local_setup.bash
-- Up-to-date symlink: /home/guillermo/tello_ws/install/tello_driver/share/tello_driver/local_setup.sh
-- Up-to-date symlink: /home/guillermo/tello_ws/install/tello_driver/share/tello_driver/local_setup.zsh
-- Up-to-date symlink: /home/guillermo/tello_ws/install/tello_driver/share/tello_driver/local_setup.dsv
-- Symlinking: /home/guillermo/tello_ws/install/tello_driver/share/tello_driver/package.dsv
-- Up-to-date symlink: /home/guillermo/tello_ws/install/tello_driver/share/ament_index/resource_index/packages/tello_driver
-- Up-to-date symlink: /home/guillermo/tello_ws/install/tello_driver/share/ament_index/resource_index/rclcpp_components/tello_driver
-- Up-to-date symlink: /home/guillermo/tello_ws/install/tello_driver/share/tello_driver/cmake/tello_driverConfig.cmake
-- Up-to-date symlink: /home/guillermo/tello_ws/install/tello_driver/share/tello_driver/cmake/tello_driverConfig-version.cmake
-- Up-to-date symlink: /home/guillermo/tello_ws/install/tello_driver/share/tello_driver/package.xml
