[0.268s] DEBUG:colcon:Command line arguments: ['/usr/bin/colcon', 'build', '--symlink-install', '--packages-skip', 'tello_gazebo', 'tello_description']
[0.268s] DEBUG:colcon:Parsed command line arguments: Namespace(log_base=None, log_level=None, verb_name='build', build_base='build', install_base='install', merge_install=False, symlink_install=True, test_result_base=None, continue_on_error=False, executor='parallel', parallel_workers=20, event_handlers=None, ignore_user_meta=False, metas=['./colcon.meta'], base_paths=['.'], packages_ignore=None, packages_ignore_regex=None, paths=None, packages_up_to=None, packages_up_to_regex=None, packages_above=None, packages_above_and_dependencies=None, packages_above_depth=None, packages_select_by_dep=None, packages_skip_by_dep=None, packages_skip_up_to=None, packages_select_build_failed=False, packages_skip_build_finished=False, packages_select_test_failures=False, packages_skip_test_passed=False, packages_select=None, packages_skip=['tello_gazebo', 'tello_description'], packages_select_regex=None, packages_skip_regex=None, packages_start=None, packages_end=None, allow_overriding=[], cmake_args=None, cmake_target=None, cmake_target_skip_unavailable=False, cmake_clean_cache=False, cmake_clean_first=False, cmake_force_configure=False, ament_cmake_args=None, catkin_cmake_args=None, catkin_skip_building_tests=False, verb_parser=<colcon_defaults.argument_parser.defaults.DefaultArgumentsDecorator object at 0x7f0928ff4df0>, verb_extension=<colcon_core.verb.build.BuildVerb object at 0x7f09299ebd00>, main=<bound method BuildVerb.main of <colcon_core.verb.build.BuildVerb object at 0x7f09299ebd00>>)
[0.288s] Level 1:colcon.colcon_core.package_discovery:discover_packages(colcon_meta) check parameters
[0.288s] Level 1:colcon.colcon_core.package_discovery:discover_packages(recursive) check parameters
[0.288s] Level 1:colcon.colcon_core.package_discovery:discover_packages(ignore) check parameters
[0.288s] Level 1:colcon.colcon_core.package_discovery:discover_packages(path) check parameters
[0.288s] Level 1:colcon.colcon_core.package_discovery:discover_packages(colcon_meta) discover
[0.288s] Level 1:colcon.colcon_core.package_discovery:discover_packages(recursive) discover
[0.289s] INFO:colcon.colcon_core.package_discovery:Crawling recursively for packages in '/home/guillermo/tello_ws'
[0.289s] Level 1:colcon.colcon_core.package_identification:_identify(.) by extensions ['ignore', 'ignore_ament_install']
[0.289s] Level 1:colcon.colcon_core.package_identification:_identify(.) by extension 'ignore'
[0.289s] Level 1:colcon.colcon_core.package_identification:_identify(.) by extension 'ignore_ament_install'
[0.289s] Level 1:colcon.colcon_core.package_identification:_identify(.) by extensions ['colcon_pkg']
[0.289s] Level 1:colcon.colcon_core.package_identification:_identify(.) by extension 'colcon_pkg'
[0.289s] Level 1:colcon.colcon_core.package_identification:_identify(.) by extensions ['colcon_meta']
[0.289s] Level 1:colcon.colcon_core.package_identification:_identify(.) by extension 'colcon_meta'
[0.289s] Level 1:colcon.colcon_core.package_identification:_identify(.) by extensions ['ros']
[0.289s] Level 1:colcon.colcon_core.package_identification:_identify(.) by extension 'ros'
[0.297s] Level 1:colcon.colcon_core.package_identification:_identify(.) by extensions ['cmake', 'python']
[0.297s] Level 1:colcon.colcon_core.package_identification:_identify(.) by extension 'cmake'
[0.297s] Level 1:colcon.colcon_core.package_identification:_identify(.) by extension 'python'
[0.297s] Level 1:colcon.colcon_core.package_identification:_identify(.) by extensions ['python_setup_py']
[0.297s] Level 1:colcon.colcon_core.package_identification:_identify(.) by extension 'python_setup_py'
[0.297s] Level 1:colcon.colcon_core.package_identification:_identify(build) by extensions ['ignore', 'ignore_ament_install']
[0.297s] Level 1:colcon.colcon_core.package_identification:_identify(build) by extension 'ignore'
[0.297s] Level 1:colcon.colcon_core.package_identification:_identify(build) ignored
[0.297s] Level 1:colcon.colcon_core.package_identification:_identify(install) by extensions ['ignore', 'ignore_ament_install']
[0.297s] Level 1:colcon.colcon_core.package_identification:_identify(install) by extension 'ignore'
[0.297s] Level 1:colcon.colcon_core.package_identification:_identify(install) ignored
[0.297s] Level 1:colcon.colcon_core.package_identification:_identify(log) by extensions ['ignore', 'ignore_ament_install']
[0.297s] Level 1:colcon.colcon_core.package_identification:_identify(log) by extension 'ignore'
[0.297s] Level 1:colcon.colcon_core.package_identification:_identify(log) ignored
[0.297s] Level 1:colcon.colcon_core.package_identification:_identify(src) by extensions ['ignore', 'ignore_ament_install']
[0.297s] Level 1:colcon.colcon_core.package_identification:_identify(src) by extension 'ignore'
[0.297s] Level 1:colcon.colcon_core.package_identification:_identify(src) by extension 'ignore_ament_install'
[0.297s] Level 1:colcon.colcon_core.package_identification:_identify(src) by extensions ['colcon_pkg']
[0.297s] Level 1:colcon.colcon_core.package_identification:_identify(src) by extension 'colcon_pkg'
[0.297s] Level 1:colcon.colcon_core.package_identification:_identify(src) by extensions ['colcon_meta']
[0.297s] Level 1:colcon.colcon_core.package_identification:_identify(src) by extension 'colcon_meta'
[0.297s] Level 1:colcon.colcon_core.package_identification:_identify(src) by extensions ['ros']
[0.297s] Level 1:colcon.colcon_core.package_identification:_identify(src) by extension 'ros'
[0.298s] Level 1:colcon.colcon_core.package_identification:_identify(src) by extensions ['cmake', 'python']
[0.298s] Level 1:colcon.colcon_core.package_identification:_identify(src) by extension 'cmake'
[0.298s] Level 1:colcon.colcon_core.package_identification:_identify(src) by extension 'python'
[0.298s] Level 1:colcon.colcon_core.package_identification:_identify(src) by extensions ['python_setup_py']
[0.298s] Level 1:colcon.colcon_core.package_identification:_identify(src) by extension 'python_setup_py'
[0.298s] Level 1:colcon.colcon_core.package_identification:_identify(src/ros2_shared) by extensions ['ignore', 'ignore_ament_install']
[0.298s] Level 1:colcon.colcon_core.package_identification:_identify(src/ros2_shared) by extension 'ignore'
[0.298s] Level 1:colcon.colcon_core.package_identification:_identify(src/ros2_shared) by extension 'ignore_ament_install'
[0.298s] Level 1:colcon.colcon_core.package_identification:_identify(src/ros2_shared) by extensions ['colcon_pkg']
[0.298s] Level 1:colcon.colcon_core.package_identification:_identify(src/ros2_shared) by extension 'colcon_pkg'
[0.298s] Level 1:colcon.colcon_core.package_identification:_identify(src/ros2_shared) by extensions ['colcon_meta']
[0.298s] Level 1:colcon.colcon_core.package_identification:_identify(src/ros2_shared) by extension 'colcon_meta'
[0.298s] Level 1:colcon.colcon_core.package_identification:_identify(src/ros2_shared) by extensions ['ros']
[0.298s] Level 1:colcon.colcon_core.package_identification:_identify(src/ros2_shared) by extension 'ros'
[0.300s] DEBUG:colcon.colcon_core.package_identification:Package 'src/ros2_shared' with type 'ros.ament_cmake' and name 'ros2_shared'
[0.300s] Level 1:colcon.colcon_core.package_identification:_identify(src/tello_camera) by extensions ['ignore', 'ignore_ament_install']
[0.300s] Level 1:colcon.colcon_core.package_identification:_identify(src/tello_camera) by extension 'ignore'
[0.300s] Level 1:colcon.colcon_core.package_identification:_identify(src/tello_camera) by extension 'ignore_ament_install'
[0.300s] Level 1:colcon.colcon_core.package_identification:_identify(src/tello_camera) by extensions ['colcon_pkg']
[0.300s] Level 1:colcon.colcon_core.package_identification:_identify(src/tello_camera) by extension 'colcon_pkg'
[0.300s] Level 1:colcon.colcon_core.package_identification:_identify(src/tello_camera) by extensions ['colcon_meta']
[0.300s] Level 1:colcon.colcon_core.package_identification:_identify(src/tello_camera) by extension 'colcon_meta'
[0.300s] Level 1:colcon.colcon_core.package_identification:_identify(src/tello_camera) by extensions ['ros']
[0.300s] Level 1:colcon.colcon_core.package_identification:_identify(src/tello_camera) by extension 'ros'
[0.300s] DEBUG:colcon.colcon_core.package_identification:Package 'src/tello_camera' with type 'ros.ament_python' and name 'tello_camera'
[0.301s] Level 1:colcon.colcon_core.package_identification:_identify(src/tello_ros) by extensions ['ignore', 'ignore_ament_install']
[0.301s] Level 1:colcon.colcon_core.package_identification:_identify(src/tello_ros) by extension 'ignore'
[0.301s] Level 1:colcon.colcon_core.package_identification:_identify(src/tello_ros) by extension 'ignore_ament_install'
[0.301s] Level 1:colcon.colcon_core.package_identification:_identify(src/tello_ros) by extensions ['colcon_pkg']
[0.301s] Level 1:colcon.colcon_core.package_identification:_identify(src/tello_ros) by extension 'colcon_pkg'
[0.301s] Level 1:colcon.colcon_core.package_identification:_identify(src/tello_ros) by extensions ['colcon_meta']
[0.301s] Level 1:colcon.colcon_core.package_identification:_identify(src/tello_ros) by extension 'colcon_meta'
[0.301s] Level 1:colcon.colcon_core.package_identification:_identify(src/tello_ros) by extensions ['ros']
[0.301s] Level 1:colcon.colcon_core.package_identification:_identify(src/tello_ros) by extension 'ros'
[0.301s] Level 1:colcon.colcon_core.package_identification:_identify(src/tello_ros) by extensions ['cmake', 'python']
[0.301s] Level 1:colcon.colcon_core.package_identification:_identify(src/tello_ros) by extension 'cmake'
[0.301s] Level 1:colcon.colcon_core.package_identification:_identify(src/tello_ros) by extension 'python'
[0.301s] Level 1:colcon.colcon_core.package_identification:_identify(src/tello_ros) by extensions ['python_setup_py']
[0.301s] Level 1:colcon.colcon_core.package_identification:_identify(src/tello_ros) by extension 'python_setup_py'
[0.301s] Level 1:colcon.colcon_core.package_identification:_identify(src/tello_ros/tello_description) by extensions ['ignore', 'ignore_ament_install']
[0.301s] Level 1:colcon.colcon_core.package_identification:_identify(src/tello_ros/tello_description) by extension 'ignore'
[0.301s] Level 1:colcon.colcon_core.package_identification:_identify(src/tello_ros/tello_description) by extension 'ignore_ament_install'
[0.301s] Level 1:colcon.colcon_core.package_identification:_identify(src/tello_ros/tello_description) by extensions ['colcon_pkg']
[0.301s] Level 1:colcon.colcon_core.package_identification:_identify(src/tello_ros/tello_description) by extension 'colcon_pkg'
[0.301s] Level 1:colcon.colcon_core.package_identification:_identify(src/tello_ros/tello_description) by extensions ['colcon_meta']
[0.301s] Level 1:colcon.colcon_core.package_identification:_identify(src/tello_ros/tello_description) by extension 'colcon_meta'
[0.301s] Level 1:colcon.colcon_core.package_identification:_identify(src/tello_ros/tello_description) by extensions ['ros']
[0.301s] Level 1:colcon.colcon_core.package_identification:_identify(src/tello_ros/tello_description) by extension 'ros'
[0.301s] DEBUG:colcon.colcon_core.package_identification:Package 'src/tello_ros/tello_description' with type 'ros.ament_cmake' and name 'tello_description'
[0.301s] Level 1:colcon.colcon_core.package_identification:_identify(src/tello_ros/tello_driver) by extensions ['ignore', 'ignore_ament_install']
[0.301s] Level 1:colcon.colcon_core.package_identification:_identify(src/tello_ros/tello_driver) by extension 'ignore'
[0.301s] Level 1:colcon.colcon_core.package_identification:_identify(src/tello_ros/tello_driver) by extension 'ignore_ament_install'
[0.302s] Level 1:colcon.colcon_core.package_identification:_identify(src/tello_ros/tello_driver) by extensions ['colcon_pkg']
[0.302s] Level 1:colcon.colcon_core.package_identification:_identify(src/tello_ros/tello_driver) by extension 'colcon_pkg'
[0.302s] Level 1:colcon.colcon_core.package_identification:_identify(src/tello_ros/tello_driver) by extensions ['colcon_meta']
[0.302s] Level 1:colcon.colcon_core.package_identification:_identify(src/tello_ros/tello_driver) by extension 'colcon_meta'
[0.302s] Level 1:colcon.colcon_core.package_identification:_identify(src/tello_ros/tello_driver) by extensions ['ros']
[0.302s] Level 1:colcon.colcon_core.package_identification:_identify(src/tello_ros/tello_driver) by extension 'ros'
[0.302s] DEBUG:colcon.colcon_core.package_identification:Package 'src/tello_ros/tello_driver' with type 'ros.ament_cmake' and name 'tello_driver'
[0.302s] Level 1:colcon.colcon_core.package_identification:_identify(src/tello_ros/tello_gazebo) by extensions ['ignore', 'ignore_ament_install']
[0.302s] Level 1:colcon.colcon_core.package_identification:_identify(src/tello_ros/tello_gazebo) by extension 'ignore'
[0.302s] Level 1:colcon.colcon_core.package_identification:_identify(src/tello_ros/tello_gazebo) by extension 'ignore_ament_install'
[0.302s] Level 1:colcon.colcon_core.package_identification:_identify(src/tello_ros/tello_gazebo) by extensions ['colcon_pkg']
[0.302s] Level 1:colcon.colcon_core.package_identification:_identify(src/tello_ros/tello_gazebo) by extension 'colcon_pkg'
[0.302s] Level 1:colcon.colcon_core.package_identification:_identify(src/tello_ros/tello_gazebo) by extensions ['colcon_meta']
[0.302s] Level 1:colcon.colcon_core.package_identification:_identify(src/tello_ros/tello_gazebo) by extension 'colcon_meta'
[0.303s] Level 1:colcon.colcon_core.package_identification:_identify(src/tello_ros/tello_gazebo) by extensions ['ros']
[0.303s] Level 1:colcon.colcon_core.package_identification:_identify(src/tello_ros/tello_gazebo) by extension 'ros'
[0.303s] DEBUG:colcon.colcon_core.package_identification:Package 'src/tello_ros/tello_gazebo' with type 'ros.ament_cmake' and name 'tello_gazebo'
[0.303s] Level 1:colcon.colcon_core.package_identification:_identify(src/tello_ros/tello_msgs) by extensions ['ignore', 'ignore_ament_install']
[0.303s] Level 1:colcon.colcon_core.package_identification:_identify(src/tello_ros/tello_msgs) by extension 'ignore'
[0.303s] Level 1:colcon.colcon_core.package_identification:_identify(src/tello_ros/tello_msgs) by extension 'ignore_ament_install'
[0.303s] Level 1:colcon.colcon_core.package_identification:_identify(src/tello_ros/tello_msgs) by extensions ['colcon_pkg']
[0.303s] Level 1:colcon.colcon_core.package_identification:_identify(src/tello_ros/tello_msgs) by extension 'colcon_pkg'
[0.303s] Level 1:colcon.colcon_core.package_identification:_identify(src/tello_ros/tello_msgs) by extensions ['colcon_meta']
[0.303s] Level 1:colcon.colcon_core.package_identification:_identify(src/tello_ros/tello_msgs) by extension 'colcon_meta'
[0.303s] Level 1:colcon.colcon_core.package_identification:_identify(src/tello_ros/tello_msgs) by extensions ['ros']
[0.303s] Level 1:colcon.colcon_core.package_identification:_identify(src/tello_ros/tello_msgs) by extension 'ros'
[0.304s] DEBUG:colcon.colcon_core.package_identification:Package 'src/tello_ros/tello_msgs' with type 'ros.ament_cmake' and name 'tello_msgs'
[0.304s] Level 1:colcon.colcon_core.package_discovery:discover_packages(recursive) using defaults
[0.304s] Level 1:colcon.colcon_core.package_discovery:discover_packages(ignore) discover
[0.304s] Level 1:colcon.colcon_core.package_discovery:discover_packages(ignore) using defaults
[0.304s] Level 1:colcon.colcon_core.package_discovery:discover_packages(path) discover
[0.304s] Level 1:colcon.colcon_core.package_discovery:discover_packages(path) using defaults
[0.324s] INFO:colcon.colcon_core.package_selection:Skipping package 'tello_description' in 'src/tello_ros/tello_description'
[0.324s] INFO:colcon.colcon_core.package_selection:Skipping package 'tello_gazebo' in 'src/tello_ros/tello_gazebo'
[0.324s] Level 1:colcon.colcon_core.package_discovery:discover_packages(prefix_path) check parameters
[0.324s] Level 1:colcon.colcon_core.package_discovery:discover_packages(prefix_path) discover
[0.326s] WARNING:colcon.colcon_ros.prefix_path.ament:The path '/home/guillermo/ws_caca/install/tello_driver' in the environment variable AMENT_PREFIX_PATH doesn't exist
[0.326s] WARNING:colcon.colcon_ros.prefix_path.ament:The path '/home/guillermo/ws_caca/install/tello_msgs' in the environment variable AMENT_PREFIX_PATH doesn't exist
[0.326s] WARNING:colcon.colcon_ros.prefix_path.ament:The path '/home/guillermo/ws_caca/install/tello_description' in the environment variable AMENT_PREFIX_PATH doesn't exist
[0.327s] WARNING:colcon.colcon_ros.prefix_path.catkin:The path '/home/guillermo/ws_caca/install/tello_driver' in the environment variable CMAKE_PREFIX_PATH doesn't exist
[0.327s] WARNING:colcon.colcon_ros.prefix_path.catkin:The path '/home/guillermo/ws_caca/install/tello_msgs' in the environment variable CMAKE_PREFIX_PATH doesn't exist
[0.327s] WARNING:colcon.colcon_ros.prefix_path.catkin:The path '/home/guillermo/ws_caca/install/tello_description' in the environment variable CMAKE_PREFIX_PATH doesn't exist
[0.329s] DEBUG:colcon.colcon_installed_package_information.package_discovery:Found 5 installed packages in /home/guillermo/tello_ws/install
[0.331s] DEBUG:colcon.colcon_installed_package_information.package_discovery:Found 57 installed packages in /home/guillermo/ws_caca/install
[0.333s] DEBUG:colcon.colcon_installed_package_information.package_discovery:Found 320 installed packages in /opt/ros/humble
[0.334s] Level 1:colcon.colcon_core.package_discovery:discover_packages(prefix_path) using defaults
[0.380s] WARNING:colcon.colcon_core.package_selection:Some selected packages are already built in one or more underlay workspaces:
	'tello_msgs' is in: /home/guillermo/tello_ws/install/tello_msgs
If a package in a merged underlay workspace is overridden and it installs headers, then all packages in the overlay must sort their include directories by workspace order. Failure to do so may result in build failures or undefined behavior at run time.
If the overridden package is used by another package in any underlay, then the overriding package in the overlay must be API and ABI compatible or undefined behavior at run time may occur.

If you understand the risks and want to override a package anyways, add the following to the command line:
	--allow-overriding tello_msgs

This may be promoted to an error in a future release of colcon-override-check.
[0.382s] Level 5:colcon.colcon_core.verb:set package 'ros2_shared' build argument 'cmake_args' from command line to 'None'
[0.382s] Level 5:colcon.colcon_core.verb:set package 'ros2_shared' build argument 'cmake_target' from command line to 'None'
[0.382s] Level 5:colcon.colcon_core.verb:set package 'ros2_shared' build argument 'cmake_target_skip_unavailable' from command line to 'False'
[0.382s] Level 5:colcon.colcon_core.verb:set package 'ros2_shared' build argument 'cmake_clean_cache' from command line to 'False'
[0.382s] Level 5:colcon.colcon_core.verb:set package 'ros2_shared' build argument 'cmake_clean_first' from command line to 'False'
[0.382s] Level 5:colcon.colcon_core.verb:set package 'ros2_shared' build argument 'cmake_force_configure' from command line to 'False'
[0.382s] Level 5:colcon.colcon_core.verb:set package 'ros2_shared' build argument 'ament_cmake_args' from command line to 'None'
[0.382s] Level 5:colcon.colcon_core.verb:set package 'ros2_shared' build argument 'catkin_cmake_args' from command line to 'None'
[0.382s] Level 5:colcon.colcon_core.verb:set package 'ros2_shared' build argument 'catkin_skip_building_tests' from command line to 'False'
[0.382s] DEBUG:colcon.colcon_core.verb:Building package 'ros2_shared' with the following arguments: {'ament_cmake_args': None, 'build_base': '/home/guillermo/tello_ws/build/ros2_shared', 'catkin_cmake_args': None, 'catkin_skip_building_tests': False, 'cmake_args': None, 'cmake_clean_cache': False, 'cmake_clean_first': False, 'cmake_force_configure': False, 'cmake_target': None, 'cmake_target_skip_unavailable': False, 'install_base': '/home/guillermo/tello_ws/install/ros2_shared', 'merge_install': False, 'path': '/home/guillermo/tello_ws/src/ros2_shared', 'symlink_install': True, 'test_result_base': None}
[0.383s] Level 5:colcon.colcon_core.verb:set package 'tello_camera' build argument 'cmake_args' from command line to 'None'
[0.383s] Level 5:colcon.colcon_core.verb:set package 'tello_camera' build argument 'cmake_target' from command line to 'None'
[0.383s] Level 5:colcon.colcon_core.verb:set package 'tello_camera' build argument 'cmake_target_skip_unavailable' from command line to 'False'
[0.383s] Level 5:colcon.colcon_core.verb:set package 'tello_camera' build argument 'cmake_clean_cache' from command line to 'False'
[0.383s] Level 5:colcon.colcon_core.verb:set package 'tello_camera' build argument 'cmake_clean_first' from command line to 'False'
[0.383s] Level 5:colcon.colcon_core.verb:set package 'tello_camera' build argument 'cmake_force_configure' from command line to 'False'
[0.383s] Level 5:colcon.colcon_core.verb:set package 'tello_camera' build argument 'ament_cmake_args' from command line to 'None'
[0.383s] Level 5:colcon.colcon_core.verb:set package 'tello_camera' build argument 'catkin_cmake_args' from command line to 'None'
[0.383s] Level 5:colcon.colcon_core.verb:set package 'tello_camera' build argument 'catkin_skip_building_tests' from command line to 'False'
[0.383s] DEBUG:colcon.colcon_core.verb:Building package 'tello_camera' with the following arguments: {'ament_cmake_args': None, 'build_base': '/home/guillermo/tello_ws/build/tello_camera', 'catkin_cmake_args': None, 'catkin_skip_building_tests': False, 'cmake_args': None, 'cmake_clean_cache': False, 'cmake_clean_first': False, 'cmake_force_configure': False, 'cmake_target': None, 'cmake_target_skip_unavailable': False, 'install_base': '/home/guillermo/tello_ws/install/tello_camera', 'merge_install': False, 'path': '/home/guillermo/tello_ws/src/tello_camera', 'symlink_install': True, 'test_result_base': None}
[0.384s] Level 5:colcon.colcon_core.verb:set package 'tello_msgs' build argument 'cmake_args' from command line to 'None'
[0.384s] Level 5:colcon.colcon_core.verb:set package 'tello_msgs' build argument 'cmake_target' from command line to 'None'
[0.384s] Level 5:colcon.colcon_core.verb:set package 'tello_msgs' build argument 'cmake_target_skip_unavailable' from command line to 'False'
[0.384s] Level 5:colcon.colcon_core.verb:set package 'tello_msgs' build argument 'cmake_clean_cache' from command line to 'False'
[0.384s] Level 5:colcon.colcon_core.verb:set package 'tello_msgs' build argument 'cmake_clean_first' from command line to 'False'
[0.384s] Level 5:colcon.colcon_core.verb:set package 'tello_msgs' build argument 'cmake_force_configure' from command line to 'False'
[0.384s] Level 5:colcon.colcon_core.verb:set package 'tello_msgs' build argument 'ament_cmake_args' from command line to 'None'
[0.384s] Level 5:colcon.colcon_core.verb:set package 'tello_msgs' build argument 'catkin_cmake_args' from command line to 'None'
[0.384s] Level 5:colcon.colcon_core.verb:set package 'tello_msgs' build argument 'catkin_skip_building_tests' from command line to 'False'
[0.384s] DEBUG:colcon.colcon_core.verb:Building package 'tello_msgs' with the following arguments: {'ament_cmake_args': None, 'build_base': '/home/guillermo/tello_ws/build/tello_msgs', 'catkin_cmake_args': None, 'catkin_skip_building_tests': False, 'cmake_args': None, 'cmake_clean_cache': False, 'cmake_clean_first': False, 'cmake_force_configure': False, 'cmake_target': None, 'cmake_target_skip_unavailable': False, 'install_base': '/home/guillermo/tello_ws/install/tello_msgs', 'merge_install': False, 'path': '/home/guillermo/tello_ws/src/tello_ros/tello_msgs', 'symlink_install': True, 'test_result_base': None}
[0.385s] Level 5:colcon.colcon_core.verb:set package 'tello_driver' build argument 'cmake_args' from command line to 'None'
[0.385s] Level 5:colcon.colcon_core.verb:set package 'tello_driver' build argument 'cmake_target' from command line to 'None'
[0.385s] Level 5:colcon.colcon_core.verb:set package 'tello_driver' build argument 'cmake_target_skip_unavailable' from command line to 'False'
[0.385s] Level 5:colcon.colcon_core.verb:set package 'tello_driver' build argument 'cmake_clean_cache' from command line to 'False'
[0.385s] Level 5:colcon.colcon_core.verb:set package 'tello_driver' build argument 'cmake_clean_first' from command line to 'False'
[0.385s] Level 5:colcon.colcon_core.verb:set package 'tello_driver' build argument 'cmake_force_configure' from command line to 'False'
[0.385s] Level 5:colcon.colcon_core.verb:set package 'tello_driver' build argument 'ament_cmake_args' from command line to 'None'
[0.385s] Level 5:colcon.colcon_core.verb:set package 'tello_driver' build argument 'catkin_cmake_args' from command line to 'None'
[0.385s] Level 5:colcon.colcon_core.verb:set package 'tello_driver' build argument 'catkin_skip_building_tests' from command line to 'False'
[0.385s] DEBUG:colcon.colcon_core.verb:Building package 'tello_driver' with the following arguments: {'ament_cmake_args': None, 'build_base': '/home/guillermo/tello_ws/build/tello_driver', 'catkin_cmake_args': None, 'catkin_skip_building_tests': False, 'cmake_args': None, 'cmake_clean_cache': False, 'cmake_clean_first': False, 'cmake_force_configure': False, 'cmake_target': None, 'cmake_target_skip_unavailable': False, 'install_base': '/home/guillermo/tello_ws/install/tello_driver', 'merge_install': False, 'path': '/home/guillermo/tello_ws/src/tello_ros/tello_driver', 'symlink_install': True, 'test_result_base': None}
[0.386s] INFO:colcon.colcon_core.executor:Executing jobs using 'parallel' executor
[0.392s] DEBUG:colcon.colcon_parallel_executor.executor.parallel:run_until_complete
[0.392s] INFO:colcon.colcon_ros.task.ament_cmake.build:Building ROS package in '/home/guillermo/tello_ws/src/ros2_shared' with build type 'ament_cmake'
[0.393s] INFO:colcon.colcon_cmake.task.cmake.build:Building CMake package in '/home/guillermo/tello_ws/src/ros2_shared'
[0.397s] INFO:colcon.colcon_core.plugin_system:Skipping extension 'colcon_core.shell.bat': Not used on non-Windows systems
[0.398s] INFO:colcon.colcon_core.shell:Skip shell extension 'powershell' for command environment: Not usable outside of PowerShell
[0.398s] DEBUG:colcon.colcon_core.shell:Skip shell extension 'dsv' for command environment
[0.406s] INFO:colcon.colcon_ros.task.ament_cmake.build:Building ROS package in '/home/guillermo/tello_ws/src/tello_ros/tello_msgs' with build type 'ament_cmake'
[0.406s] INFO:colcon.colcon_cmake.task.cmake.build:Building CMake package in '/home/guillermo/tello_ws/src/tello_ros/tello_msgs'
[0.408s] INFO:colcon.colcon_core.shell:Skip shell extension 'powershell' for command environment: Not usable outside of PowerShell
[0.408s] DEBUG:colcon.colcon_core.shell:Skip shell extension 'dsv' for command environment
[0.415s] INFO:colcon.colcon_ros.task.ament_python.build:Building ROS package in '/home/guillermo/tello_ws/src/tello_camera' with build type 'ament_python'
[0.415s] Level 1:colcon.colcon_core.shell:create_environment_hook('tello_camera', 'ament_prefix_path')
[0.417s] INFO:colcon.colcon_core.shell:Creating environment hook '/home/guillermo/tello_ws/install/tello_camera/share/tello_camera/hook/ament_prefix_path.ps1'
[0.417s] INFO:colcon.colcon_core.shell:Creating environment descriptor '/home/guillermo/tello_ws/install/tello_camera/share/tello_camera/hook/ament_prefix_path.dsv'
[0.418s] INFO:colcon.colcon_core.shell:Creating environment hook '/home/guillermo/tello_ws/install/tello_camera/share/tello_camera/hook/ament_prefix_path.sh'
[0.421s] INFO:colcon.colcon_core.shell:Skip shell extension 'powershell' for command environment: Not usable outside of PowerShell
[0.421s] DEBUG:colcon.colcon_core.shell:Skip shell extension 'dsv' for command environment
[0.433s] DEBUG:colcon.colcon_core.event_handler.log_command:Invoking command in '/home/guillermo/tello_ws/build/ros2_shared': CMAKE_PREFIX_PATH=${CMAKE_PREFIX_PATH}:/home/guillermo/tello_ws/install/tello_camera:/opt/ros/humble /usr/bin/cmake --build /home/guillermo/tello_ws/build/ros2_shared -- -j20 -l20
[0.437s] DEBUG:colcon.colcon_core.event_handler.log_command:Invoking command in '/home/guillermo/tello_ws/build/tello_msgs': CMAKE_PREFIX_PATH=${CMAKE_PREFIX_PATH}:/home/guillermo/tello_ws/install/tello_camera:/opt/ros/humble /usr/bin/cmake --build /home/guillermo/tello_ws/build/tello_msgs -- -j20 -l20
[0.655s] INFO:colcon.colcon_core.task.python.build:Building Python package in '/home/guillermo/tello_ws/src/tello_camera'
[0.658s] INFO:colcon.colcon_core.shell:Skip shell extension 'powershell' for command environment: Not usable outside of PowerShell
[0.658s] DEBUG:colcon.colcon_core.shell:Skip shell extension 'dsv' for command environment
[0.669s] DEBUG:colcon.colcon_core.event_handler.log_command:Invoked command in '/home/guillermo/tello_ws/build/ros2_shared' returned '0': CMAKE_PREFIX_PATH=${CMAKE_PREFIX_PATH}:/home/guillermo/tello_ws/install/tello_camera:/opt/ros/humble /usr/bin/cmake --build /home/guillermo/tello_ws/build/ros2_shared -- -j20 -l20
[0.702s] DEBUG:colcon.colcon_core.event_handler.log_command:Invoking command in '/home/guillermo/tello_ws/build/ros2_shared': CMAKE_PREFIX_PATH=${CMAKE_PREFIX_PATH}:/home/guillermo/tello_ws/install/tello_camera:/opt/ros/humble /usr/bin/cmake --install /home/guillermo/tello_ws/build/ros2_shared
[0.721s] Level 1:colcon.colcon_core.environment:create_environment_scripts_only(ros2_shared)
[0.722s] DEBUG:colcon.colcon_core.event_handler.log_command:Invoked command in '/home/guillermo/tello_ws/build/ros2_shared' returned '0': CMAKE_PREFIX_PATH=${CMAKE_PREFIX_PATH}:/home/guillermo/tello_ws/install/tello_camera:/opt/ros/humble /usr/bin/cmake --install /home/guillermo/tello_ws/build/ros2_shared
[0.732s] Level 1:colcon.colcon_core.environment:checking '/home/guillermo/tello_ws/install/ros2_shared' for CMake module files
[0.733s] Level 1:colcon.colcon_core.environment:checking '/home/guillermo/tello_ws/install/ros2_shared' for CMake config files
[0.733s] Level 1:colcon.colcon_core.shell:create_environment_hook('ros2_shared', 'cmake_prefix_path')
[0.735s] INFO:colcon.colcon_core.shell:Creating environment hook '/home/guillermo/tello_ws/install/ros2_shared/share/ros2_shared/hook/cmake_prefix_path.ps1'
[0.736s] INFO:colcon.colcon_core.shell:Creating environment descriptor '/home/guillermo/tello_ws/install/ros2_shared/share/ros2_shared/hook/cmake_prefix_path.dsv'
[0.736s] INFO:colcon.colcon_core.shell:Creating environment hook '/home/guillermo/tello_ws/install/ros2_shared/share/ros2_shared/hook/cmake_prefix_path.sh'
[0.737s] Level 1:colcon.colcon_core.environment:checking '/home/guillermo/tello_ws/install/ros2_shared/bin'
[0.737s] Level 1:colcon.colcon_core.environment:checking '/home/guillermo/tello_ws/install/ros2_shared/lib/pkgconfig/ros2_shared.pc'
[0.737s] Level 1:colcon.colcon_core.environment:checking '/home/guillermo/tello_ws/install/ros2_shared/lib/python3.10/site-packages'
[0.737s] Level 1:colcon.colcon_core.environment:checking '/home/guillermo/tello_ws/install/ros2_shared/bin'
[0.740s] INFO:colcon.colcon_core.shell:Creating package script '/home/guillermo/tello_ws/install/ros2_shared/share/ros2_shared/package.ps1'
[0.740s] INFO:colcon.colcon_core.shell:Creating package descriptor '/home/guillermo/tello_ws/install/ros2_shared/share/ros2_shared/package.dsv'
[0.741s] INFO:colcon.colcon_core.shell:Creating package script '/home/guillermo/tello_ws/install/ros2_shared/share/ros2_shared/package.sh'
[0.741s] INFO:colcon.colcon_core.shell:Creating package script '/home/guillermo/tello_ws/install/ros2_shared/share/ros2_shared/package.bash'
[0.742s] INFO:colcon.colcon_core.shell:Creating package script '/home/guillermo/tello_ws/install/ros2_shared/share/ros2_shared/package.zsh'
[0.742s] Level 1:colcon.colcon_core.environment:create_file_with_runtime_dependencies(/home/guillermo/tello_ws/install/ros2_shared/share/colcon-core/packages/ros2_shared)
[0.746s] DEBUG:colcon.colcon_core.event_handler.log_command:Invoked command in '/home/guillermo/tello_ws/build/tello_msgs' returned '0': CMAKE_PREFIX_PATH=${CMAKE_PREFIX_PATH}:/home/guillermo/tello_ws/install/tello_camera:/opt/ros/humble /usr/bin/cmake --build /home/guillermo/tello_ws/build/tello_msgs -- -j20 -l20
[0.773s] Level 1:colcon.colcon_core.environment:create_environment_scripts_only(ros2_shared)
[0.777s] Level 1:colcon.colcon_core.environment:checking '/home/guillermo/tello_ws/install/ros2_shared' for CMake module files
[0.777s] Level 1:colcon.colcon_core.environment:checking '/home/guillermo/tello_ws/install/ros2_shared' for CMake config files
[0.778s] Level 1:colcon.colcon_core.shell:create_environment_hook('ros2_shared', 'cmake_prefix_path')
[0.782s] INFO:colcon.colcon_core.shell:Creating environment hook '/home/guillermo/tello_ws/install/ros2_shared/share/ros2_shared/hook/cmake_prefix_path.ps1'
[0.783s] INFO:colcon.colcon_core.shell:Creating environment descriptor '/home/guillermo/tello_ws/install/ros2_shared/share/ros2_shared/hook/cmake_prefix_path.dsv'
[0.783s] INFO:colcon.colcon_core.shell:Creating environment hook '/home/guillermo/tello_ws/install/ros2_shared/share/ros2_shared/hook/cmake_prefix_path.sh'
[0.784s] Level 1:colcon.colcon_core.environment:checking '/home/guillermo/tello_ws/install/ros2_shared/bin'
[0.784s] Level 1:colcon.colcon_core.environment:checking '/home/guillermo/tello_ws/install/ros2_shared/lib/pkgconfig/ros2_shared.pc'
[0.784s] Level 1:colcon.colcon_core.environment:checking '/home/guillermo/tello_ws/install/ros2_shared/lib/python3.10/site-packages'
[0.784s] Level 1:colcon.colcon_core.environment:checking '/home/guillermo/tello_ws/install/ros2_shared/bin'
[0.787s] INFO:colcon.colcon_core.shell:Creating package script '/home/guillermo/tello_ws/install/ros2_shared/share/ros2_shared/package.ps1'
[0.788s] INFO:colcon.colcon_core.shell:Creating package descriptor '/home/guillermo/tello_ws/install/ros2_shared/share/ros2_shared/package.dsv'
[0.788s] INFO:colcon.colcon_core.shell:Creating package script '/home/guillermo/tello_ws/install/ros2_shared/share/ros2_shared/package.sh'
[0.789s] INFO:colcon.colcon_core.shell:Creating package script '/home/guillermo/tello_ws/install/ros2_shared/share/ros2_shared/package.bash'
[0.789s] INFO:colcon.colcon_core.shell:Creating package script '/home/guillermo/tello_ws/install/ros2_shared/share/ros2_shared/package.zsh'
[0.789s] Level 1:colcon.colcon_core.environment:create_file_with_runtime_dependencies(/home/guillermo/tello_ws/install/ros2_shared/share/colcon-core/packages/ros2_shared)
[0.882s] DEBUG:colcon.colcon_core.event_handler.log_command:Invoking command in '/home/guillermo/tello_ws/build/tello_msgs': CMAKE_PREFIX_PATH=${CMAKE_PREFIX_PATH}:/home/guillermo/tello_ws/install/tello_camera:/opt/ros/humble /usr/bin/cmake --install /home/guillermo/tello_ws/build/tello_msgs
[0.940s] Level 1:colcon.colcon_core.environment:create_environment_scripts_only(tello_msgs)
[0.944s] Level 1:colcon.colcon_core.environment:checking '/home/guillermo/tello_ws/install/tello_msgs' for CMake module files
[0.945s] DEBUG:colcon.colcon_core.event_handler.log_command:Invoked command in '/home/guillermo/tello_ws/build/tello_msgs' returned '0': CMAKE_PREFIX_PATH=${CMAKE_PREFIX_PATH}:/home/guillermo/tello_ws/install/tello_camera:/opt/ros/humble /usr/bin/cmake --install /home/guillermo/tello_ws/build/tello_msgs
[0.945s] Level 1:colcon.colcon_core.environment:checking '/home/guillermo/tello_ws/install/tello_msgs' for CMake config files
[0.946s] Level 1:colcon.colcon_core.shell:create_environment_hook('tello_msgs', 'cmake_prefix_path')
[0.948s] INFO:colcon.colcon_core.shell:Creating environment hook '/home/guillermo/tello_ws/install/tello_msgs/share/tello_msgs/hook/cmake_prefix_path.ps1'
[0.948s] INFO:colcon.colcon_core.shell:Creating environment descriptor '/home/guillermo/tello_ws/install/tello_msgs/share/tello_msgs/hook/cmake_prefix_path.dsv'
[0.949s] INFO:colcon.colcon_core.shell:Creating environment hook '/home/guillermo/tello_ws/install/tello_msgs/share/tello_msgs/hook/cmake_prefix_path.sh'
[0.949s] Level 1:colcon.colcon_core.environment:checking '/home/guillermo/tello_ws/install/tello_msgs/lib'
[0.949s] Level 1:colcon.colcon_core.shell:create_environment_hook('tello_msgs', 'ld_library_path_lib')
[0.951s] INFO:colcon.colcon_core.shell:Creating environment hook '/home/guillermo/tello_ws/install/tello_msgs/share/tello_msgs/hook/ld_library_path_lib.ps1'
[0.951s] INFO:colcon.colcon_core.shell:Creating environment descriptor '/home/guillermo/tello_ws/install/tello_msgs/share/tello_msgs/hook/ld_library_path_lib.dsv'
[0.952s] INFO:colcon.colcon_core.shell:Creating environment hook '/home/guillermo/tello_ws/install/tello_msgs/share/tello_msgs/hook/ld_library_path_lib.sh'
[0.952s] Level 1:colcon.colcon_core.environment:checking '/home/guillermo/tello_ws/install/tello_msgs/bin'
[0.952s] Level 1:colcon.colcon_core.environment:checking '/home/guillermo/tello_ws/install/tello_msgs/lib/pkgconfig/tello_msgs.pc'
[0.952s] Level 1:colcon.colcon_core.environment:checking '/home/guillermo/tello_ws/install/tello_msgs/lib/python3.10/site-packages'
[0.952s] Level 1:colcon.colcon_core.environment:checking '/home/guillermo/tello_ws/install/tello_msgs/bin'
[0.954s] INFO:colcon.colcon_core.shell:Creating package script '/home/guillermo/tello_ws/install/tello_msgs/share/tello_msgs/package.ps1'
[0.955s] INFO:colcon.colcon_core.shell:Creating package descriptor '/home/guillermo/tello_ws/install/tello_msgs/share/tello_msgs/package.dsv'
[0.955s] INFO:colcon.colcon_core.shell:Creating package script '/home/guillermo/tello_ws/install/tello_msgs/share/tello_msgs/package.sh'
[0.955s] INFO:colcon.colcon_core.shell:Creating package script '/home/guillermo/tello_ws/install/tello_msgs/share/tello_msgs/package.bash'
[0.955s] INFO:colcon.colcon_core.shell:Creating package script '/home/guillermo/tello_ws/install/tello_msgs/share/tello_msgs/package.zsh'
[0.955s] Level 1:colcon.colcon_core.environment:create_file_with_runtime_dependencies(/home/guillermo/tello_ws/install/tello_msgs/share/colcon-core/packages/tello_msgs)
[0.977s] DEBUG:colcon.colcon_core.event_handler.log_command:Invoking command in '/home/guillermo/tello_ws/build/tello_camera': PYTHONPATH=/home/guillermo/tello_ws/build/tello_camera/prefix_override:/home/guillermo/tello_ws/install/tello_camera/lib/python3.10/site-packages:${PYTHONPATH} /usr/bin/python3 setup.py develop --editable --build-directory /home/guillermo/tello_ws/build/tello_camera/build --no-deps install_data
[1.091s] Level 1:colcon.colcon_core.environment:create_environment_scripts_only(tello_msgs)
[1.094s] Level 1:colcon.colcon_core.environment:checking '/home/guillermo/tello_ws/install/tello_msgs' for CMake module files
[1.095s] Level 1:colcon.colcon_core.environment:checking '/home/guillermo/tello_ws/install/tello_msgs' for CMake config files
[1.096s] Level 1:colcon.colcon_core.shell:create_environment_hook('tello_msgs', 'cmake_prefix_path')
[1.098s] INFO:colcon.colcon_core.shell:Creating environment hook '/home/guillermo/tello_ws/install/tello_msgs/share/tello_msgs/hook/cmake_prefix_path.ps1'
[1.098s] INFO:colcon.colcon_core.shell:Creating environment descriptor '/home/guillermo/tello_ws/install/tello_msgs/share/tello_msgs/hook/cmake_prefix_path.dsv'
[1.098s] INFO:colcon.colcon_core.shell:Creating environment hook '/home/guillermo/tello_ws/install/tello_msgs/share/tello_msgs/hook/cmake_prefix_path.sh'
[1.099s] Level 1:colcon.colcon_core.environment:checking '/home/guillermo/tello_ws/install/tello_msgs/lib'
[1.099s] Level 1:colcon.colcon_core.shell:create_environment_hook('tello_msgs', 'ld_library_path_lib')
[1.101s] INFO:colcon.colcon_core.shell:Creating environment hook '/home/guillermo/tello_ws/install/tello_msgs/share/tello_msgs/hook/ld_library_path_lib.ps1'
[1.101s] INFO:colcon.colcon_core.shell:Creating environment descriptor '/home/guillermo/tello_ws/install/tello_msgs/share/tello_msgs/hook/ld_library_path_lib.dsv'
[1.101s] INFO:colcon.colcon_core.shell:Creating environment hook '/home/guillermo/tello_ws/install/tello_msgs/share/tello_msgs/hook/ld_library_path_lib.sh'
[1.101s] Level 1:colcon.colcon_core.environment:checking '/home/guillermo/tello_ws/install/tello_msgs/bin'
[1.102s] Level 1:colcon.colcon_core.environment:checking '/home/guillermo/tello_ws/install/tello_msgs/lib/pkgconfig/tello_msgs.pc'
[1.102s] Level 1:colcon.colcon_core.environment:checking '/home/guillermo/tello_ws/install/tello_msgs/lib/python3.10/site-packages'
[1.102s] Level 1:colcon.colcon_core.environment:checking '/home/guillermo/tello_ws/install/tello_msgs/bin'
[1.104s] INFO:colcon.colcon_core.shell:Creating package script '/home/guillermo/tello_ws/install/tello_msgs/share/tello_msgs/package.ps1'
[1.104s] INFO:colcon.colcon_core.shell:Creating package descriptor '/home/guillermo/tello_ws/install/tello_msgs/share/tello_msgs/package.dsv'
[1.105s] INFO:colcon.colcon_core.shell:Creating package script '/home/guillermo/tello_ws/install/tello_msgs/share/tello_msgs/package.sh'
[1.105s] INFO:colcon.colcon_core.shell:Creating package script '/home/guillermo/tello_ws/install/tello_msgs/share/tello_msgs/package.bash'
[1.105s] INFO:colcon.colcon_core.shell:Creating package script '/home/guillermo/tello_ws/install/tello_msgs/share/tello_msgs/package.zsh'
[1.105s] Level 1:colcon.colcon_core.environment:create_file_with_runtime_dependencies(/home/guillermo/tello_ws/install/tello_msgs/share/colcon-core/packages/tello_msgs)
[1.105s] INFO:colcon.colcon_ros.task.ament_cmake.build:Building ROS package in '/home/guillermo/tello_ws/src/tello_ros/tello_driver' with build type 'ament_cmake'
[1.105s] INFO:colcon.colcon_cmake.task.cmake.build:Building CMake package in '/home/guillermo/tello_ws/src/tello_ros/tello_driver'
[1.108s] INFO:colcon.colcon_core.shell:Skip shell extension 'powershell' for command environment: Not usable outside of PowerShell
[1.108s] DEBUG:colcon.colcon_core.shell:Skip shell extension 'dsv' for command environment
[1.125s] DEBUG:colcon.colcon_core.event_handler.log_command:Invoking command in '/home/guillermo/tello_ws/build/tello_driver': CMAKE_PREFIX_PATH=/home/guillermo/tello_ws/install/tello_msgs:/home/guillermo/tello_ws/install/ros2_shared:/home/guillermo/tello_ws/install/tello_driver:/home/guillermo/ws_caca/install/worlds:/home/guillermo/ws_caca/install/turtlebot2:/home/guillermo/ws_caca/install/tello_driver:/home/guillermo/ws_caca/install/tello_msgs:/home/guillermo/ws_caca/install/tello_description:/home/guillermo/ws_caca/install/kobuki_ros:/home/guillermo/ws_caca/install/kobuki_node:/home/guillermo/ws_caca/install/kobuki_auto_docking:/home/guillermo/ws_caca/install/kobuki_core:/home/guillermo/ws_caca/install/ecl_core:/home/guillermo/ws_caca/install/ecl_statistics:/home/guillermo/ws_caca/install/ecl_mobile_robot:/home/guillermo/ws_caca/install/ecl_manipulators:/home/guillermo/ws_caca/install/ecl_core_apps:/home/guillermo/ws_caca/install/ecl_geometry:/home/guillermo/ws_caca/install/ecl_linear_algebra:/home/guillermo/ws_caca/install/sophus:/home/guillermo/ws_caca/install/rplidar_ros:/home/guillermo/ws_caca/install/ros2_shared:/home/guillermo/ws_caca/install/openni2_camera:/home/guillermo/ws_caca/install/openni2_camera_msgs:/home/guillermo/ws_caca/install/laser_filters:/home/guillermo/ws_caca/install/kobuki_safety_controller:/home/guillermo/ws_caca/install/kobuki_random_walker:/home/guillermo/ws_caca/install/kobuki_keyop:/home/guillermo/ws_caca/install/kobuki_bumper2pc:/home/guillermo/ws_caca/install/kobuki_ros_interfaces:/home/guillermo/ws_caca/install/kobuki_ftdi:/home/guillermo/ws_caca/install/kobuki_description:/home/guillermo/ws_caca/install/ir_tiago:/home/guillermo/ws_caca/install/ir_kobuki:/home/guillermo/ws_caca/install/ecl_streams:/home/guillermo/ws_caca/install/ecl_sigslots:/home/guillermo/ws_caca/install/ecl_ipc:/home/guillermo/ws_caca/install/ecl_devices:/home/guillermo/ws_caca/install/ecl_threads:/home/guillermo/ws_caca/install/ecl_containers:/home/guillermo/ws_caca/install/ecl_utilities:/home/guillermo/ws_caca/install/ecl_math:/home/guillermo/ws_caca/install/ecl_formatters:/home/guillermo/ws_caca/install/ecl_converters:/home/guillermo/ws_caca/install/ecl_concepts:/home/guillermo/ws_caca/install/ecl_type_traits:/home/guillermo/ws_caca/install/ecl_tools:/home/guillermo/ws_caca/install/ecl_time:/home/guillermo/ws_caca/install/ecl_lite:/home/guillermo/ws_caca/install/ecl_time_lite:/home/guillermo/ws_caca/install/ecl_sigslots_lite:/home/guillermo/ws_caca/install/ecl_mpl:/home/guillermo/ws_caca/install/ecl_io:/home/guillermo/ws_caca/install/ecl_filesystem:/home/guillermo/ws_caca/install/ecl_exceptions:/home/guillermo/ws_caca/install/ecl_errors:/home/guillermo/ws_caca/install/ecl_converters_lite:/home/guillermo/ws_caca/install/ecl_console:/home/guillermo/ws_caca/install/ecl_config:/home/guillermo/ws_caca/install/ecl_command_line:/home/guillermo/ws_caca/install/ecl_build:/home/guillermo/ws_caca/install/ecl_license:/home/guillermo/ws_caca/install/ecl_eigen:/home/guillermo/tello_ws/install/tello_camera:/opt/ros/humble LD_LIBRARY_PATH=/home/guillermo/tello_ws/install/tello_msgs/lib:/home/guillermo/tello_ws/install/tello_driver/lib:/home/guillermo/ws_caca/install/tello_driver/lib:/home/guillermo/ws_caca/install/tello_msgs/lib:/home/guillermo/ws_caca/install/kobuki_node/lib:/home/guillermo/ws_caca/install/kobuki_auto_docking/lib:/home/guillermo/ws_caca/install/kobuki_core/lib:/home/guillermo/ws_caca/install/ecl_statistics/lib:/home/guillermo/ws_caca/install/ecl_mobile_robot/lib:/home/guillermo/ws_caca/install/ecl_manipulators/lib:/home/guillermo/ws_caca/install/ecl_geometry/lib:/home/guillermo/ws_caca/install/ecl_linear_algebra/lib:/home/guillermo/ws_caca/install/rplidar_ros/lib:/home/guillermo/ws_caca/install/openni2_camera/lib:/home/guillermo/ws_caca/install/openni2_camera_msgs/lib:/home/guillermo/ws_caca/install/laser_filters/lib:/home/guillermo/ws_caca/install/kobuki_safety_controller/lib:/home/guillermo/ws_caca/install/kobuki_random_walker/lib:/home/guillermo/ws_caca/install/kobuki_keyop/lib:/home/guillermo/ws_caca/install/kobuki_bumper2pc/lib:/home/guillermo/ws_caca/install/kobuki_ros_interfaces/lib:/home/guillermo/ws_caca/install/ecl_streams/lib:/home/guillermo/ws_caca/install/ecl_ipc/lib:/home/guillermo/ws_caca/install/ecl_devices/lib:/home/guillermo/ws_caca/install/ecl_threads/lib:/home/guillermo/ws_caca/install/ecl_formatters/lib:/home/guillermo/ws_caca/install/ecl_type_traits/lib:/home/guillermo/ws_caca/install/ecl_time/lib:/home/guillermo/ws_caca/install/ecl_time_lite/lib:/home/guillermo/ws_caca/install/ecl_io/lib:/home/guillermo/ws_caca/install/ecl_filesystem/lib:/home/guillermo/ws_caca/install/ecl_exceptions/lib:/home/guillermo/ws_caca/install/ecl_errors/lib:/home/guillermo/ws_caca/install/ecl_license/lib:/usr/lib/x86_64-linux-gnu/gazebo-11/plugins:/opt/ros/humble/opt/rviz_ogre_vendor/lib:/opt/ros/humble/lib/x86_64-linux-gnu:/opt/ros/humble/lib:/usr/share/gazebo/../../lib/x86_64-linux-gnu/gazebo-11/plugins:/usr/lib/x86_64-linux-gnu/ /usr/bin/cmake --build /home/guillermo/tello_ws/build/tello_driver -- -j20 -l20
[1.204s] DEBUG:colcon.colcon_core.event_handler.log_command:Invoked command in '/home/guillermo/tello_ws/build/tello_driver' returned '0': CMAKE_PREFIX_PATH=/home/guillermo/tello_ws/install/tello_msgs:/home/guillermo/tello_ws/install/ros2_shared:/home/guillermo/tello_ws/install/tello_driver:/home/guillermo/ws_caca/install/worlds:/home/guillermo/ws_caca/install/turtlebot2:/home/guillermo/ws_caca/install/tello_driver:/home/guillermo/ws_caca/install/tello_msgs:/home/guillermo/ws_caca/install/tello_description:/home/guillermo/ws_caca/install/kobuki_ros:/home/guillermo/ws_caca/install/kobuki_node:/home/guillermo/ws_caca/install/kobuki_auto_docking:/home/guillermo/ws_caca/install/kobuki_core:/home/guillermo/ws_caca/install/ecl_core:/home/guillermo/ws_caca/install/ecl_statistics:/home/guillermo/ws_caca/install/ecl_mobile_robot:/home/guillermo/ws_caca/install/ecl_manipulators:/home/guillermo/ws_caca/install/ecl_core_apps:/home/guillermo/ws_caca/install/ecl_geometry:/home/guillermo/ws_caca/install/ecl_linear_algebra:/home/guillermo/ws_caca/install/sophus:/home/guillermo/ws_caca/install/rplidar_ros:/home/guillermo/ws_caca/install/ros2_shared:/home/guillermo/ws_caca/install/openni2_camera:/home/guillermo/ws_caca/install/openni2_camera_msgs:/home/guillermo/ws_caca/install/laser_filters:/home/guillermo/ws_caca/install/kobuki_safety_controller:/home/guillermo/ws_caca/install/kobuki_random_walker:/home/guillermo/ws_caca/install/kobuki_keyop:/home/guillermo/ws_caca/install/kobuki_bumper2pc:/home/guillermo/ws_caca/install/kobuki_ros_interfaces:/home/guillermo/ws_caca/install/kobuki_ftdi:/home/guillermo/ws_caca/install/kobuki_description:/home/guillermo/ws_caca/install/ir_tiago:/home/guillermo/ws_caca/install/ir_kobuki:/home/guillermo/ws_caca/install/ecl_streams:/home/guillermo/ws_caca/install/ecl_sigslots:/home/guillermo/ws_caca/install/ecl_ipc:/home/guillermo/ws_caca/install/ecl_devices:/home/guillermo/ws_caca/install/ecl_threads:/home/guillermo/ws_caca/install/ecl_containers:/home/guillermo/ws_caca/install/ecl_utilities:/home/guillermo/ws_caca/install/ecl_math:/home/guillermo/ws_caca/install/ecl_formatters:/home/guillermo/ws_caca/install/ecl_converters:/home/guillermo/ws_caca/install/ecl_concepts:/home/guillermo/ws_caca/install/ecl_type_traits:/home/guillermo/ws_caca/install/ecl_tools:/home/guillermo/ws_caca/install/ecl_time:/home/guillermo/ws_caca/install/ecl_lite:/home/guillermo/ws_caca/install/ecl_time_lite:/home/guillermo/ws_caca/install/ecl_sigslots_lite:/home/guillermo/ws_caca/install/ecl_mpl:/home/guillermo/ws_caca/install/ecl_io:/home/guillermo/ws_caca/install/ecl_filesystem:/home/guillermo/ws_caca/install/ecl_exceptions:/home/guillermo/ws_caca/install/ecl_errors:/home/guillermo/ws_caca/install/ecl_converters_lite:/home/guillermo/ws_caca/install/ecl_console:/home/guillermo/ws_caca/install/ecl_config:/home/guillermo/ws_caca/install/ecl_command_line:/home/guillermo/ws_caca/install/ecl_build:/home/guillermo/ws_caca/install/ecl_license:/home/guillermo/ws_caca/install/ecl_eigen:/home/guillermo/tello_ws/install/tello_camera:/opt/ros/humble LD_LIBRARY_PATH=/home/guillermo/tello_ws/install/tello_msgs/lib:/home/guillermo/tello_ws/install/tello_driver/lib:/home/guillermo/ws_caca/install/tello_driver/lib:/home/guillermo/ws_caca/install/tello_msgs/lib:/home/guillermo/ws_caca/install/kobuki_node/lib:/home/guillermo/ws_caca/install/kobuki_auto_docking/lib:/home/guillermo/ws_caca/install/kobuki_core/lib:/home/guillermo/ws_caca/install/ecl_statistics/lib:/home/guillermo/ws_caca/install/ecl_mobile_robot/lib:/home/guillermo/ws_caca/install/ecl_manipulators/lib:/home/guillermo/ws_caca/install/ecl_geometry/lib:/home/guillermo/ws_caca/install/ecl_linear_algebra/lib:/home/guillermo/ws_caca/install/rplidar_ros/lib:/home/guillermo/ws_caca/install/openni2_camera/lib:/home/guillermo/ws_caca/install/openni2_camera_msgs/lib:/home/guillermo/ws_caca/install/laser_filters/lib:/home/guillermo/ws_caca/install/kobuki_safety_controller/lib:/home/guillermo/ws_caca/install/kobuki_random_walker/lib:/home/guillermo/ws_caca/install/kobuki_keyop/lib:/home/guillermo/ws_caca/install/kobuki_bumper2pc/lib:/home/guillermo/ws_caca/install/kobuki_ros_interfaces/lib:/home/guillermo/ws_caca/install/ecl_streams/lib:/home/guillermo/ws_caca/install/ecl_ipc/lib:/home/guillermo/ws_caca/install/ecl_devices/lib:/home/guillermo/ws_caca/install/ecl_threads/lib:/home/guillermo/ws_caca/install/ecl_formatters/lib:/home/guillermo/ws_caca/install/ecl_type_traits/lib:/home/guillermo/ws_caca/install/ecl_time/lib:/home/guillermo/ws_caca/install/ecl_time_lite/lib:/home/guillermo/ws_caca/install/ecl_io/lib:/home/guillermo/ws_caca/install/ecl_filesystem/lib:/home/guillermo/ws_caca/install/ecl_exceptions/lib:/home/guillermo/ws_caca/install/ecl_errors/lib:/home/guillermo/ws_caca/install/ecl_license/lib:/usr/lib/x86_64-linux-gnu/gazebo-11/plugins:/opt/ros/humble/opt/rviz_ogre_vendor/lib:/opt/ros/humble/lib/x86_64-linux-gnu:/opt/ros/humble/lib:/usr/share/gazebo/../../lib/x86_64-linux-gnu/gazebo-11/plugins:/usr/lib/x86_64-linux-gnu/ /usr/bin/cmake --build /home/guillermo/tello_ws/build/tello_driver -- -j20 -l20
[1.267s] DEBUG:colcon.colcon_core.event_handler.log_command:Invoking command in '/home/guillermo/tello_ws/build/tello_driver': CMAKE_PREFIX_PATH=/home/guillermo/tello_ws/install/tello_msgs:/home/guillermo/tello_ws/install/ros2_shared:/home/guillermo/tello_ws/install/tello_driver:/home/guillermo/ws_caca/install/worlds:/home/guillermo/ws_caca/install/turtlebot2:/home/guillermo/ws_caca/install/tello_driver:/home/guillermo/ws_caca/install/tello_msgs:/home/guillermo/ws_caca/install/tello_description:/home/guillermo/ws_caca/install/kobuki_ros:/home/guillermo/ws_caca/install/kobuki_node:/home/guillermo/ws_caca/install/kobuki_auto_docking:/home/guillermo/ws_caca/install/kobuki_core:/home/guillermo/ws_caca/install/ecl_core:/home/guillermo/ws_caca/install/ecl_statistics:/home/guillermo/ws_caca/install/ecl_mobile_robot:/home/guillermo/ws_caca/install/ecl_manipulators:/home/guillermo/ws_caca/install/ecl_core_apps:/home/guillermo/ws_caca/install/ecl_geometry:/home/guillermo/ws_caca/install/ecl_linear_algebra:/home/guillermo/ws_caca/install/sophus:/home/guillermo/ws_caca/install/rplidar_ros:/home/guillermo/ws_caca/install/ros2_shared:/home/guillermo/ws_caca/install/openni2_camera:/home/guillermo/ws_caca/install/openni2_camera_msgs:/home/guillermo/ws_caca/install/laser_filters:/home/guillermo/ws_caca/install/kobuki_safety_controller:/home/guillermo/ws_caca/install/kobuki_random_walker:/home/guillermo/ws_caca/install/kobuki_keyop:/home/guillermo/ws_caca/install/kobuki_bumper2pc:/home/guillermo/ws_caca/install/kobuki_ros_interfaces:/home/guillermo/ws_caca/install/kobuki_ftdi:/home/guillermo/ws_caca/install/kobuki_description:/home/guillermo/ws_caca/install/ir_tiago:/home/guillermo/ws_caca/install/ir_kobuki:/home/guillermo/ws_caca/install/ecl_streams:/home/guillermo/ws_caca/install/ecl_sigslots:/home/guillermo/ws_caca/install/ecl_ipc:/home/guillermo/ws_caca/install/ecl_devices:/home/guillermo/ws_caca/install/ecl_threads:/home/guillermo/ws_caca/install/ecl_containers:/home/guillermo/ws_caca/install/ecl_utilities:/home/guillermo/ws_caca/install/ecl_math:/home/guillermo/ws_caca/install/ecl_formatters:/home/guillermo/ws_caca/install/ecl_converters:/home/guillermo/ws_caca/install/ecl_concepts:/home/guillermo/ws_caca/install/ecl_type_traits:/home/guillermo/ws_caca/install/ecl_tools:/home/guillermo/ws_caca/install/ecl_time:/home/guillermo/ws_caca/install/ecl_lite:/home/guillermo/ws_caca/install/ecl_time_lite:/home/guillermo/ws_caca/install/ecl_sigslots_lite:/home/guillermo/ws_caca/install/ecl_mpl:/home/guillermo/ws_caca/install/ecl_io:/home/guillermo/ws_caca/install/ecl_filesystem:/home/guillermo/ws_caca/install/ecl_exceptions:/home/guillermo/ws_caca/install/ecl_errors:/home/guillermo/ws_caca/install/ecl_converters_lite:/home/guillermo/ws_caca/install/ecl_console:/home/guillermo/ws_caca/install/ecl_config:/home/guillermo/ws_caca/install/ecl_command_line:/home/guillermo/ws_caca/install/ecl_build:/home/guillermo/ws_caca/install/ecl_license:/home/guillermo/ws_caca/install/ecl_eigen:/home/guillermo/tello_ws/install/tello_camera:/opt/ros/humble LD_LIBRARY_PATH=/home/guillermo/tello_ws/install/tello_msgs/lib:/home/guillermo/tello_ws/install/tello_driver/lib:/home/guillermo/ws_caca/install/tello_driver/lib:/home/guillermo/ws_caca/install/tello_msgs/lib:/home/guillermo/ws_caca/install/kobuki_node/lib:/home/guillermo/ws_caca/install/kobuki_auto_docking/lib:/home/guillermo/ws_caca/install/kobuki_core/lib:/home/guillermo/ws_caca/install/ecl_statistics/lib:/home/guillermo/ws_caca/install/ecl_mobile_robot/lib:/home/guillermo/ws_caca/install/ecl_manipulators/lib:/home/guillermo/ws_caca/install/ecl_geometry/lib:/home/guillermo/ws_caca/install/ecl_linear_algebra/lib:/home/guillermo/ws_caca/install/rplidar_ros/lib:/home/guillermo/ws_caca/install/openni2_camera/lib:/home/guillermo/ws_caca/install/openni2_camera_msgs/lib:/home/guillermo/ws_caca/install/laser_filters/lib:/home/guillermo/ws_caca/install/kobuki_safety_controller/lib:/home/guillermo/ws_caca/install/kobuki_random_walker/lib:/home/guillermo/ws_caca/install/kobuki_keyop/lib:/home/guillermo/ws_caca/install/kobuki_bumper2pc/lib:/home/guillermo/ws_caca/install/kobuki_ros_interfaces/lib:/home/guillermo/ws_caca/install/ecl_streams/lib:/home/guillermo/ws_caca/install/ecl_ipc/lib:/home/guillermo/ws_caca/install/ecl_devices/lib:/home/guillermo/ws_caca/install/ecl_threads/lib:/home/guillermo/ws_caca/install/ecl_formatters/lib:/home/guillermo/ws_caca/install/ecl_type_traits/lib:/home/guillermo/ws_caca/install/ecl_time/lib:/home/guillermo/ws_caca/install/ecl_time_lite/lib:/home/guillermo/ws_caca/install/ecl_io/lib:/home/guillermo/ws_caca/install/ecl_filesystem/lib:/home/guillermo/ws_caca/install/ecl_exceptions/lib:/home/guillermo/ws_caca/install/ecl_errors/lib:/home/guillermo/ws_caca/install/ecl_license/lib:/usr/lib/x86_64-linux-gnu/gazebo-11/plugins:/opt/ros/humble/opt/rviz_ogre_vendor/lib:/opt/ros/humble/lib/x86_64-linux-gnu:/opt/ros/humble/lib:/usr/share/gazebo/../../lib/x86_64-linux-gnu/gazebo-11/plugins:/usr/lib/x86_64-linux-gnu/ /usr/bin/cmake --install /home/guillermo/tello_ws/build/tello_driver
[1.286s] Level 1:colcon.colcon_core.environment:create_environment_scripts_only(tello_driver)
[1.289s] Level 1:colcon.colcon_core.environment:checking '/home/guillermo/tello_ws/install/tello_driver' for CMake module files
[1.290s] DEBUG:colcon.colcon_core.event_handler.log_command:Invoked command in '/home/guillermo/tello_ws/build/tello_driver' returned '0': CMAKE_PREFIX_PATH=/home/guillermo/tello_ws/install/tello_msgs:/home/guillermo/tello_ws/install/ros2_shared:/home/guillermo/tello_ws/install/tello_driver:/home/guillermo/ws_caca/install/worlds:/home/guillermo/ws_caca/install/turtlebot2:/home/guillermo/ws_caca/install/tello_driver:/home/guillermo/ws_caca/install/tello_msgs:/home/guillermo/ws_caca/install/tello_description:/home/guillermo/ws_caca/install/kobuki_ros:/home/guillermo/ws_caca/install/kobuki_node:/home/guillermo/ws_caca/install/kobuki_auto_docking:/home/guillermo/ws_caca/install/kobuki_core:/home/guillermo/ws_caca/install/ecl_core:/home/guillermo/ws_caca/install/ecl_statistics:/home/guillermo/ws_caca/install/ecl_mobile_robot:/home/guillermo/ws_caca/install/ecl_manipulators:/home/guillermo/ws_caca/install/ecl_core_apps:/home/guillermo/ws_caca/install/ecl_geometry:/home/guillermo/ws_caca/install/ecl_linear_algebra:/home/guillermo/ws_caca/install/sophus:/home/guillermo/ws_caca/install/rplidar_ros:/home/guillermo/ws_caca/install/ros2_shared:/home/guillermo/ws_caca/install/openni2_camera:/home/guillermo/ws_caca/install/openni2_camera_msgs:/home/guillermo/ws_caca/install/laser_filters:/home/guillermo/ws_caca/install/kobuki_safety_controller:/home/guillermo/ws_caca/install/kobuki_random_walker:/home/guillermo/ws_caca/install/kobuki_keyop:/home/guillermo/ws_caca/install/kobuki_bumper2pc:/home/guillermo/ws_caca/install/kobuki_ros_interfaces:/home/guillermo/ws_caca/install/kobuki_ftdi:/home/guillermo/ws_caca/install/kobuki_description:/home/guillermo/ws_caca/install/ir_tiago:/home/guillermo/ws_caca/install/ir_kobuki:/home/guillermo/ws_caca/install/ecl_streams:/home/guillermo/ws_caca/install/ecl_sigslots:/home/guillermo/ws_caca/install/ecl_ipc:/home/guillermo/ws_caca/install/ecl_devices:/home/guillermo/ws_caca/install/ecl_threads:/home/guillermo/ws_caca/install/ecl_containers:/home/guillermo/ws_caca/install/ecl_utilities:/home/guillermo/ws_caca/install/ecl_math:/home/guillermo/ws_caca/install/ecl_formatters:/home/guillermo/ws_caca/install/ecl_converters:/home/guillermo/ws_caca/install/ecl_concepts:/home/guillermo/ws_caca/install/ecl_type_traits:/home/guillermo/ws_caca/install/ecl_tools:/home/guillermo/ws_caca/install/ecl_time:/home/guillermo/ws_caca/install/ecl_lite:/home/guillermo/ws_caca/install/ecl_time_lite:/home/guillermo/ws_caca/install/ecl_sigslots_lite:/home/guillermo/ws_caca/install/ecl_mpl:/home/guillermo/ws_caca/install/ecl_io:/home/guillermo/ws_caca/install/ecl_filesystem:/home/guillermo/ws_caca/install/ecl_exceptions:/home/guillermo/ws_caca/install/ecl_errors:/home/guillermo/ws_caca/install/ecl_converters_lite:/home/guillermo/ws_caca/install/ecl_console:/home/guillermo/ws_caca/install/ecl_config:/home/guillermo/ws_caca/install/ecl_command_line:/home/guillermo/ws_caca/install/ecl_build:/home/guillermo/ws_caca/install/ecl_license:/home/guillermo/ws_caca/install/ecl_eigen:/home/guillermo/tello_ws/install/tello_camera:/opt/ros/humble LD_LIBRARY_PATH=/home/guillermo/tello_ws/install/tello_msgs/lib:/home/guillermo/tello_ws/install/tello_driver/lib:/home/guillermo/ws_caca/install/tello_driver/lib:/home/guillermo/ws_caca/install/tello_msgs/lib:/home/guillermo/ws_caca/install/kobuki_node/lib:/home/guillermo/ws_caca/install/kobuki_auto_docking/lib:/home/guillermo/ws_caca/install/kobuki_core/lib:/home/guillermo/ws_caca/install/ecl_statistics/lib:/home/guillermo/ws_caca/install/ecl_mobile_robot/lib:/home/guillermo/ws_caca/install/ecl_manipulators/lib:/home/guillermo/ws_caca/install/ecl_geometry/lib:/home/guillermo/ws_caca/install/ecl_linear_algebra/lib:/home/guillermo/ws_caca/install/rplidar_ros/lib:/home/guillermo/ws_caca/install/openni2_camera/lib:/home/guillermo/ws_caca/install/openni2_camera_msgs/lib:/home/guillermo/ws_caca/install/laser_filters/lib:/home/guillermo/ws_caca/install/kobuki_safety_controller/lib:/home/guillermo/ws_caca/install/kobuki_random_walker/lib:/home/guillermo/ws_caca/install/kobuki_keyop/lib:/home/guillermo/ws_caca/install/kobuki_bumper2pc/lib:/home/guillermo/ws_caca/install/kobuki_ros_interfaces/lib:/home/guillermo/ws_caca/install/ecl_streams/lib:/home/guillermo/ws_caca/install/ecl_ipc/lib:/home/guillermo/ws_caca/install/ecl_devices/lib:/home/guillermo/ws_caca/install/ecl_threads/lib:/home/guillermo/ws_caca/install/ecl_formatters/lib:/home/guillermo/ws_caca/install/ecl_type_traits/lib:/home/guillermo/ws_caca/install/ecl_time/lib:/home/guillermo/ws_caca/install/ecl_time_lite/lib:/home/guillermo/ws_caca/install/ecl_io/lib:/home/guillermo/ws_caca/install/ecl_filesystem/lib:/home/guillermo/ws_caca/install/ecl_exceptions/lib:/home/guillermo/ws_caca/install/ecl_errors/lib:/home/guillermo/ws_caca/install/ecl_license/lib:/usr/lib/x86_64-linux-gnu/gazebo-11/plugins:/opt/ros/humble/opt/rviz_ogre_vendor/lib:/opt/ros/humble/lib/x86_64-linux-gnu:/opt/ros/humble/lib:/usr/share/gazebo/../../lib/x86_64-linux-gnu/gazebo-11/plugins:/usr/lib/x86_64-linux-gnu/ /usr/bin/cmake --install /home/guillermo/tello_ws/build/tello_driver
[1.290s] Level 1:colcon.colcon_core.environment:checking '/home/guillermo/tello_ws/install/tello_driver' for CMake config files
[1.290s] Level 1:colcon.colcon_core.shell:create_environment_hook('tello_driver', 'cmake_prefix_path')
[1.293s] INFO:colcon.colcon_core.shell:Creating environment hook '/home/guillermo/tello_ws/install/tello_driver/share/tello_driver/hook/cmake_prefix_path.ps1'
[1.293s] INFO:colcon.colcon_core.shell:Creating environment descriptor '/home/guillermo/tello_ws/install/tello_driver/share/tello_driver/hook/cmake_prefix_path.dsv'
[1.293s] INFO:colcon.colcon_core.shell:Creating environment hook '/home/guillermo/tello_ws/install/tello_driver/share/tello_driver/hook/cmake_prefix_path.sh'
[1.293s] Level 1:colcon.colcon_core.environment:checking '/home/guillermo/tello_ws/install/tello_driver/lib'
[1.293s] Level 1:colcon.colcon_core.shell:create_environment_hook('tello_driver', 'ld_library_path_lib')
[1.295s] INFO:colcon.colcon_core.shell:Creating environment hook '/home/guillermo/tello_ws/install/tello_driver/share/tello_driver/hook/ld_library_path_lib.ps1'
[1.296s] INFO:colcon.colcon_core.shell:Creating environment descriptor '/home/guillermo/tello_ws/install/tello_driver/share/tello_driver/hook/ld_library_path_lib.dsv'
[1.296s] INFO:colcon.colcon_core.shell:Creating environment hook '/home/guillermo/tello_ws/install/tello_driver/share/tello_driver/hook/ld_library_path_lib.sh'
[1.296s] Level 1:colcon.colcon_core.environment:checking '/home/guillermo/tello_ws/install/tello_driver/bin'
[1.296s] Level 1:colcon.colcon_core.environment:checking '/home/guillermo/tello_ws/install/tello_driver/lib/pkgconfig/tello_driver.pc'
[1.296s] Level 1:colcon.colcon_core.environment:checking '/home/guillermo/tello_ws/install/tello_driver/lib/python3.10/site-packages'
[1.297s] Level 1:colcon.colcon_core.environment:checking '/home/guillermo/tello_ws/install/tello_driver/bin'
[1.299s] INFO:colcon.colcon_core.shell:Creating package script '/home/guillermo/tello_ws/install/tello_driver/share/tello_driver/package.ps1'
[1.299s] INFO:colcon.colcon_core.shell:Creating package descriptor '/home/guillermo/tello_ws/install/tello_driver/share/tello_driver/package.dsv'
[1.299s] INFO:colcon.colcon_core.shell:Creating package script '/home/guillermo/tello_ws/install/tello_driver/share/tello_driver/package.sh'
[1.299s] INFO:colcon.colcon_core.shell:Creating package script '/home/guillermo/tello_ws/install/tello_driver/share/tello_driver/package.bash'
[1.300s] INFO:colcon.colcon_core.shell:Creating package script '/home/guillermo/tello_ws/install/tello_driver/share/tello_driver/package.zsh'
[1.300s] Level 1:colcon.colcon_core.environment:create_file_with_runtime_dependencies(/home/guillermo/tello_ws/install/tello_driver/share/colcon-core/packages/tello_driver)
[1.356s] Level 1:colcon.colcon_core.shell:create_environment_hook('tello_camera', 'pythonpath_develop')
[1.360s] INFO:colcon.colcon_core.shell:Creating environment hook '/home/guillermo/tello_ws/build/tello_camera/share/tello_camera/hook/pythonpath_develop.ps1'
[1.360s] DEBUG:colcon.colcon_core.event_handler.log_command:Invoked command in '/home/guillermo/tello_ws/build/tello_camera' returned '0': PYTHONPATH=/home/guillermo/tello_ws/build/tello_camera/prefix_override:/home/guillermo/tello_ws/install/tello_camera/lib/python3.10/site-packages:${PYTHONPATH} /usr/bin/python3 setup.py develop --editable --build-directory /home/guillermo/tello_ws/build/tello_camera/build --no-deps install_data
[1.360s] INFO:colcon.colcon_core.shell:Creating environment descriptor '/home/guillermo/tello_ws/build/tello_camera/share/tello_camera/hook/pythonpath_develop.dsv'
[1.361s] INFO:colcon.colcon_core.shell:Creating environment hook '/home/guillermo/tello_ws/build/tello_camera/share/tello_camera/hook/pythonpath_develop.sh'
[1.364s] Level 1:colcon.colcon_core.environment:checking '/home/guillermo/tello_ws/install/tello_camera' for CMake module files
[1.364s] Level 1:colcon.colcon_core.environment:checking '/home/guillermo/tello_ws/install/tello_camera' for CMake config files
[1.364s] Level 1:colcon.colcon_core.environment:checking '/home/guillermo/tello_ws/install/tello_camera/lib'
[1.364s] Level 1:colcon.colcon_core.environment:checking '/home/guillermo/tello_ws/install/tello_camera/bin'
[1.364s] Level 1:colcon.colcon_core.environment:checking '/home/guillermo/tello_ws/install/tello_camera/lib/pkgconfig/tello_camera.pc'
[1.364s] Level 1:colcon.colcon_core.environment:checking '/home/guillermo/tello_ws/install/tello_camera/lib/python3.10/site-packages'
[1.365s] Level 1:colcon.colcon_core.shell:create_environment_hook('tello_camera', 'pythonpath')
[1.367s] INFO:colcon.colcon_core.shell:Creating environment hook '/home/guillermo/tello_ws/install/tello_camera/share/tello_camera/hook/pythonpath.ps1'
[1.367s] INFO:colcon.colcon_core.shell:Creating environment descriptor '/home/guillermo/tello_ws/install/tello_camera/share/tello_camera/hook/pythonpath.dsv'
[1.367s] INFO:colcon.colcon_core.shell:Creating environment hook '/home/guillermo/tello_ws/install/tello_camera/share/tello_camera/hook/pythonpath.sh'
[1.367s] Level 1:colcon.colcon_core.environment:checking '/home/guillermo/tello_ws/install/tello_camera/bin'
[1.367s] Level 1:colcon.colcon_core.environment:create_environment_scripts_only(tello_camera)
[1.370s] INFO:colcon.colcon_core.shell:Creating package script '/home/guillermo/tello_ws/install/tello_camera/share/tello_camera/package.ps1'
[1.370s] INFO:colcon.colcon_core.shell:Creating package descriptor '/home/guillermo/tello_ws/install/tello_camera/share/tello_camera/package.dsv'
[1.370s] INFO:colcon.colcon_core.shell:Creating package script '/home/guillermo/tello_ws/install/tello_camera/share/tello_camera/package.sh'
[1.370s] INFO:colcon.colcon_core.shell:Creating package script '/home/guillermo/tello_ws/install/tello_camera/share/tello_camera/package.bash'
[1.370s] INFO:colcon.colcon_core.shell:Creating package script '/home/guillermo/tello_ws/install/tello_camera/share/tello_camera/package.zsh'
[1.371s] Level 1:colcon.colcon_core.environment:create_file_with_runtime_dependencies(/home/guillermo/tello_ws/install/tello_camera/share/colcon-core/packages/tello_camera)
[1.374s] Level 1:colcon.colcon_core.environment:create_environment_scripts_only(tello_driver)
[1.377s] Level 1:colcon.colcon_core.environment:checking '/home/guillermo/tello_ws/install/tello_driver' for CMake module files
[1.377s] Level 1:colcon.colcon_core.environment:checking '/home/guillermo/tello_ws/install/tello_driver' for CMake config files
[1.378s] Level 1:colcon.colcon_core.shell:create_environment_hook('tello_driver', 'cmake_prefix_path')
[1.380s] INFO:colcon.colcon_core.shell:Creating environment hook '/home/guillermo/tello_ws/install/tello_driver/share/tello_driver/hook/cmake_prefix_path.ps1'
[1.380s] INFO:colcon.colcon_core.shell:Creating environment descriptor '/home/guillermo/tello_ws/install/tello_driver/share/tello_driver/hook/cmake_prefix_path.dsv'
[1.380s] INFO:colcon.colcon_core.shell:Creating environment hook '/home/guillermo/tello_ws/install/tello_driver/share/tello_driver/hook/cmake_prefix_path.sh'
[1.380s] Level 1:colcon.colcon_core.environment:checking '/home/guillermo/tello_ws/install/tello_driver/lib'
[1.380s] Level 1:colcon.colcon_core.shell:create_environment_hook('tello_driver', 'ld_library_path_lib')
[1.382s] INFO:colcon.colcon_core.shell:Creating environment hook '/home/guillermo/tello_ws/install/tello_driver/share/tello_driver/hook/ld_library_path_lib.ps1'
[1.382s] INFO:colcon.colcon_core.shell:Creating environment descriptor '/home/guillermo/tello_ws/install/tello_driver/share/tello_driver/hook/ld_library_path_lib.dsv'
[1.383s] INFO:colcon.colcon_core.shell:Creating environment hook '/home/guillermo/tello_ws/install/tello_driver/share/tello_driver/hook/ld_library_path_lib.sh'
[1.383s] Level 1:colcon.colcon_core.environment:checking '/home/guillermo/tello_ws/install/tello_driver/bin'
[1.383s] Level 1:colcon.colcon_core.environment:checking '/home/guillermo/tello_ws/install/tello_driver/lib/pkgconfig/tello_driver.pc'
[1.383s] Level 1:colcon.colcon_core.environment:checking '/home/guillermo/tello_ws/install/tello_driver/lib/python3.10/site-packages'
[1.383s] Level 1:colcon.colcon_core.environment:checking '/home/guillermo/tello_ws/install/tello_driver/bin'
[1.385s] INFO:colcon.colcon_core.shell:Creating package script '/home/guillermo/tello_ws/install/tello_driver/share/tello_driver/package.ps1'
[1.385s] INFO:colcon.colcon_core.shell:Creating package descriptor '/home/guillermo/tello_ws/install/tello_driver/share/tello_driver/package.dsv'
[1.386s] INFO:colcon.colcon_core.shell:Creating package script '/home/guillermo/tello_ws/install/tello_driver/share/tello_driver/package.sh'
[1.386s] INFO:colcon.colcon_core.shell:Creating package script '/home/guillermo/tello_ws/install/tello_driver/share/tello_driver/package.bash'
[1.386s] INFO:colcon.colcon_core.shell:Creating package script '/home/guillermo/tello_ws/install/tello_driver/share/tello_driver/package.zsh'
[1.386s] Level 1:colcon.colcon_core.environment:create_file_with_runtime_dependencies(/home/guillermo/tello_ws/install/tello_driver/share/colcon-core/packages/tello_driver)
[1.387s] DEBUG:colcon.colcon_parallel_executor.executor.parallel:closing loop
[1.387s] DEBUG:colcon.colcon_parallel_executor.executor.parallel:loop closed
[1.387s] DEBUG:colcon.colcon_parallel_executor.executor.parallel:run_until_complete finished with '0'
[1.387s] DEBUG:colcon.colcon_core.event_reactor:joining thread
[1.394s] INFO:colcon.colcon_core.plugin_system:Skipping extension 'colcon_notification.desktop_notification.terminal_notifier': Not used on non-Darwin systems
[1.394s] INFO:colcon.colcon_core.plugin_system:Skipping extension 'colcon_notification.desktop_notification.win32': Not used on non-Windows systems
[1.394s] INFO:colcon.colcon_notification.desktop_notification:Sending desktop notification using 'notify2'
[1.407s] DEBUG:colcon.colcon_core.event_reactor:joined thread
[1.409s] INFO:colcon.colcon_core.shell:Creating prefix script '/home/guillermo/tello_ws/install/local_setup.ps1'
[1.410s] INFO:colcon.colcon_core.shell:Creating prefix util module '/home/guillermo/tello_ws/install/_local_setup_util_ps1.py'
[1.411s] INFO:colcon.colcon_core.shell:Creating prefix chain script '/home/guillermo/tello_ws/install/setup.ps1'
[1.414s] INFO:colcon.colcon_core.shell:Creating prefix script '/home/guillermo/tello_ws/install/local_setup.sh'
[1.415s] INFO:colcon.colcon_core.shell:Creating prefix util module '/home/guillermo/tello_ws/install/_local_setup_util_sh.py'
[1.415s] INFO:colcon.colcon_core.shell:Creating prefix chain script '/home/guillermo/tello_ws/install/setup.sh'
[1.418s] INFO:colcon.colcon_core.shell:Creating prefix script '/home/guillermo/tello_ws/install/local_setup.bash'
[1.418s] INFO:colcon.colcon_core.shell:Creating prefix chain script '/home/guillermo/tello_ws/install/setup.bash'
[1.421s] INFO:colcon.colcon_core.shell:Creating prefix script '/home/guillermo/tello_ws/install/local_setup.zsh'
[1.421s] INFO:colcon.colcon_core.shell:Creating prefix chain script '/home/guillermo/tello_ws/install/setup.zsh'
