[0.480s] Invoking command in '/home/guillermo/tello_ws/build/tello_camera': PYTHONPATH=/home/guillermo/tello_ws/build/tello_camera/prefix_override:/home/guillermo/tello_ws/install/tello_camera/lib/python3.10/site-packages:${PYTHONPATH} /usr/bin/python3 setup.py develop --editable --build-directory /home/guillermo/tello_ws/build/tello_camera/build --no-deps install_data
[0.679s] running develop
[0.679s] /usr/lib/python3/dist-packages/setuptools/command/easy_install.py:158: EasyInstallDeprecationWarning: easy_install command is deprecated. Use build and pip and other standards-based tools.
[0.679s]   warnings.warn(
[0.680s] /usr/lib/python3/dist-packages/setuptools/command/install.py:34: SetuptoolsDeprecationWarning: setup.py install is deprecated. Use build and pip and other standards-based tools.
[0.680s]   warnings.warn(
[0.722s] /usr/lib/python3/dist-packages/pkg_resources/__init__.py:116: PkgResourcesDeprecationWarning: 1.16.0-unknown is an invalid version and will not be supported in a future release
[0.722s]   warnings.warn(
[0.722s] /usr/lib/python3/dist-packages/pkg_resources/__init__.py:116: PkgResourcesDeprecationWarning: 1.1build1 is an invalid version and will not be supported in a future release
[0.723s]   warnings.warn(
[0.723s] /usr/lib/python3/dist-packages/pkg_resources/__init__.py:116: PkgResourcesDeprecationWarning: 0.1.43ubuntu1 is an invalid version and will not be supported in a future release
[0.723s]   warnings.warn(
[0.795s] running egg_info
[0.795s] writing tello_camera.egg-info/PKG-INFO
[0.796s] writing dependency_links to tello_camera.egg-info/dependency_links.txt
[0.796s] writing entry points to tello_camera.egg-info/entry_points.txt
[0.796s] writing requirements to tello_camera.egg-info/requires.txt
[0.796s] writing top-level names to tello_camera.egg-info/top_level.txt
[0.798s] reading manifest file 'tello_camera.egg-info/SOURCES.txt'
[0.798s] writing manifest file 'tello_camera.egg-info/SOURCES.txt'
[0.799s] running build_ext
[0.799s] Creating /home/guillermo/tello_ws/install/tello_camera/lib/python3.10/site-packages/tello-camera.egg-link (link to .)
[0.800s] Installing tello_cam script to /home/guillermo/tello_ws/install/tello_camera/lib/tello_camera
[0.800s] 
[0.800s] Installed /home/guillermo/tello_ws/build/tello_camera
[0.800s] running install_data
[0.824s] Invoked command in '/home/guillermo/tello_ws/build/tello_camera' returned '0': PYTHONPATH=/home/guillermo/tello_ws/build/tello_camera/prefix_override:/home/guillermo/tello_ws/install/tello_camera/lib/python3.10/site-packages:${PYTHONPATH} /usr/bin/python3 setup.py develop --editable --build-directory /home/guillermo/tello_ws/build/tello_camera/build --no-deps install_data
