[0.049s] Invoking command in '/home/guillermo/tello_ws/build/tello_msgs': CMAKE_PREFIX_PATH=${CMAKE_PREFIX_PATH}:/opt/ros/humble /usr/bin/cmake --build /home/guillermo/tello_ws/build/tello_msgs -- -j20 -l20
[0.252s] [  2%] Built target tello_msgs__cpp
[0.252s] [ 12%] Built target tello_msgs__rosidl_generator_c
[0.252s] [ 12%] Built target ament_cmake_python_symlink_tello_msgs
[0.252s] [ 23%] Built target tello_msgs__rosidl_typesupport_cpp
[0.252s] [ 34%] Built target tello_msgs__rosidl_typesupport_fastrtps_cpp
[0.252s] [ 44%] Built target tello_msgs__rosidl_typesupport_introspection_cpp
[0.253s] [ 55%] Built target tello_msgs__rosidl_typesupport_introspection_c
[0.253s] [ 65%] Built target tello_msgs__rosidl_typesupport_c
[0.253s] [ 76%] Built target tello_msgs__rosidl_typesupport_fastrtps_c
[0.253s] [ 76%] Built target tello_msgs
[0.253s] [ 78%] Built target tello_msgs__py
[0.253s] [ 87%] Built target tello_msgs__rosidl_generator_py
[0.258s] [ 91%] Built target tello_msgs__rosidl_typesupport_introspection_c__pyext
[0.258s] [ 95%] Built target tello_msgs__rosidl_typesupport_c__pyext
[0.259s] [100%] Built target tello_msgs__rosidl_typesupport_fastrtps_c__pyext
[0.343s] running egg_info
[0.343s] writing tello_msgs.egg-info/PKG-INFO
[0.343s] writing dependency_links to tello_msgs.egg-info/dependency_links.txt
[0.343s] writing top-level names to tello_msgs.egg-info/top_level.txt
[0.349s] reading manifest file 'tello_msgs.egg-info/SOURCES.txt'
[0.350s] writing manifest file 'tello_msgs.egg-info/SOURCES.txt'
[0.379s] [100%] Built target ament_cmake_python_build_tello_msgs_egg
